#
# There is insufficient memory for the Java Runtime Environment to continue.
# Native memory allocation (mmap) failed to map 67108864 bytes for committing reserved memory.
# Possible reasons:
#   The system is out of physical RAM or swap space
#   In 32 bit mode, the process size limit was hit
# Possible solutions:
#   Reduce memory load on the system
#   Increase physical memory or swap space
#   Check if swap backing store is full
#   Use 64 bit Java on a 64 bit OS
#   Decrease Java heap size (-Xmx/-Xms)
#   Decrease number of Java threads
#   Decrease Java thread stack sizes (-Xss)
#   Set larger code cache with -XX:ReservedCodeCacheSize=
# This output file may be truncated or incomplete.
#
#  Out of Memory Error (os_linux.cpp:2630), pid=7197, tid=0x00007fcd65ab8700
#
# JRE version: OpenJDK Runtime Environment (8.0_121-b13) (build 1.8.0_121-8u121-b13-0ubuntu1.16.10.2-b13)
# Java VM: OpenJDK 64-Bit Server VM (25.121-b13 mixed mode linux-amd64 compressed oops)
# Failed to write core dump. Core dumps have been disabled. To enable core dumping, try "ulimit -c unlimited" before starting Java again
#

---------------  T H R E A D  ---------------

Current thread (0x00007fcd84077800):  VMThread [stack: 0x00007fcd659b8000,0x00007fcd65ab9000] [id=7228]

Stack: [0x00007fcd659b8000,0x00007fcd65ab9000],  sp=0x00007fcd65ab74b0,  free space=1021k
Native frames: (J=compiled Java code, j=interpreted, Vv=VM code, C=native code)
V  [libjvm.so+0xa6be70]  VMError::report_and_die()+0x160
V  [libjvm.so+0x4c52fc]  report_vm_out_of_memory(char const*, int, unsigned long, VMErrorType, char const*)+0xac
V  [libjvm.so+0x8babe0]  os::pd_commit_memory(char*, unsigned long, unsigned long, bool)+0xf0
V  [libjvm.so+0x8b526e]  os::commit_memory(char*, unsigned long, unsigned long, bool)+0x2e
V  [libjvm.so+0x92fc6e]  PSVirtualSpace::expand_by(unsigned long)+0x4e
V  [libjvm.so+0x930ff3]  PSYoungGen::resize(unsigned long, unsigned long)+0x103
V  [libjvm.so+0x92d643]  PSScavenge::invoke_no_policy()+0x1503
V  [libjvm.so+0x92d8ec]  PSScavenge::invoke()+0x4c
V  [libjvm.so+0x8df273]  ParallelScavengeHeap::failed_mem_allocate(unsigned long)+0x63
V  [libjvm.so+0xa6dae2]  VM_ParallelGCFailedAllocation::doit()+0x92
V  [libjvm.so+0xa72c57]  VM_Operation::evaluate()+0x47
V  [libjvm.so+0xa703e7]  VMThread::evaluate_operation(VM_Operation*) [clone .constprop.30]+0xe7
V  [libjvm.so+0xa71866]  VMThread::loop()+0x246
V  [libjvm.so+0xa71d61]  VMThread::run()+0x81
V  [libjvm.so+0x8b8172]  java_start(Thread*)+0xf2

VM_Operation (0x00007fcd8c7c8f10): ParallelGCFailedAllocation, mode: safepoint, requested by thread 0x00007fcd8400a000


---------------  P R O C E S S  ---------------

Java Threads: ( => current thread )
  0x00007fcd840d9000 JavaThread "Service Thread" daemon [_thread_blocked, id=7235, stack(0x00007fcd64d63000,0x00007fcd64e64000)]
  0x00007fcd840b1800 JavaThread "C1 CompilerThread2" daemon [_thread_blocked, id=7234, stack(0x00007fcd64e64000,0x00007fcd64f65000)]
  0x00007fcd840b0000 JavaThread "C2 CompilerThread1" daemon [_thread_in_native, id=7233, stack(0x00007fcd64f65000,0x00007fcd65066000)]
  0x00007fcd840ad000 JavaThread "C2 CompilerThread0" daemon [_thread_blocked, id=7232, stack(0x00007fcd65066000,0x00007fcd65167000)]
  0x00007fcd840ab000 JavaThread "Signal Dispatcher" daemon [_thread_blocked, id=7231, stack(0x00007fcd65167000,0x00007fcd65268000)]
  0x00007fcd84083800 JavaThread "Finalizer" daemon [_thread_blocked, id=7230, stack(0x00007fcd657b6000,0x00007fcd658b7000)]
  0x00007fcd8407f000 JavaThread "Reference Handler" daemon [_thread_blocked, id=7229, stack(0x00007fcd658b7000,0x00007fcd659b8000)]
  0x00007fcd8400a000 JavaThread "main" [_thread_blocked, id=7223, stack(0x00007fcd8c6ce000,0x00007fcd8c7cf000)]

Other Threads:
=>0x00007fcd84077800 VMThread [stack: 0x00007fcd659b8000,0x00007fcd65ab9000] [id=7228]
  0x00007fcd840e3800 WatcherThread [stack: 0x00007fcd64c62000,0x00007fcd64d63000] [id=7236]

VM state:at safepoint (normal execution)

VM Mutex/Monitor currently owned by a thread:  ([mutex/lock_event])
[0x00007fcd84006450] Threads_lock - owner thread: 0x00007fcd84077800
[0x00007fcd84006950] Heap_lock - owner thread: 0x00007fcd8400a000

Heap:
 PSYoungGen      total 69632K, used 6624K [0x00000000ebd80000, 0x00000000f0880000, 0x0000000100000000)
  eden space 62976K, 0% used [0x00000000ebd80000,0x00000000ebd80000,0x00000000efb00000)
  from space 6656K, 99% used [0x00000000efb00000,0x00000000f0178040,0x00000000f0180000)
  to   space 6144K, 0% used [0x00000000f0180000,0x00000000f0180000,0x00000000f0780000)
 ParOldGen       total 42496K, used 7948K [0x00000000c3800000, 0x00000000c6180000, 0x00000000ebd80000)
  object space 42496K, 18% used [0x00000000c3800000,0x00000000c3fc3180,0x00000000c6180000)
 Metaspace       used 20184K, capacity 20764K, committed 20992K, reserved 1067008K
  class space    used 2412K, capacity 2554K, committed 2560K, reserved 1048576K

Card table byte_map: [0x00007fcd88b99000,0x00007fcd88d7e000] byte_map_base: 0x00007fcd8857d000

Marking Bits: (ParMarkBitMap*) 0x00007fcd8b99b220
 Begin Bits: [0x00007fcd661c0000, 0x00007fcd670e0000)
 End Bits:   [0x00007fcd670e0000, 0x00007fcd68000000)

Polling page: 0x00007fcd8c7ea000

CodeCache: size=245760Kb used=8868Kb max_used=8868Kb free=236891Kb
 bounds [0x00007fcd75000000, 0x00007fcd758b0000, 0x00007fcd84000000]
 total_blobs=3233 nmethods=2874 adapters=273
 compilation: enabled

Compilation events (10 events):
Event: 3,049 Thread 0x00007fcd840b1800 2875       3       com.sun.tools.javac.util.ArrayUtils::ensureCapacity (30 bytes)
Event: 3,050 Thread 0x00007fcd840b1800 nmethod 2875 0x00007fcd758ada10 code [0x00007fcd758adba0, 0x00007fcd758adf48]
Event: 3,050 Thread 0x00007fcd840b1800 2876       3       com.sun.tools.javac.util.List::nil (4 bytes)
Event: 3,050 Thread 0x00007fcd840b1800 nmethod 2876 0x00007fcd758ae0d0 code [0x00007fcd758ae220, 0x00007fcd758ae350]
Event: 3,050 Thread 0x00007fcd840b1800 2877       3       com.sun.tools.javac.code.AnnoConstruct::<init> (5 bytes)
Event: 3,050 Thread 0x00007fcd840b1800 nmethod 2877 0x00007fcd758ae3d0 code [0x00007fcd758ae540, 0x00007fcd758ae6f0]
Event: 3,050 Thread 0x00007fcd840b1800 2878       3       com.sun.tools.javac.util.Assert::check (8 bytes)
Event: 3,050 Thread 0x00007fcd840b1800 nmethod 2878 0x00007fcd758ae790 code [0x00007fcd758ae900, 0x00007fcd758aeb88]
Event: 3,050 Thread 0x00007fcd840b1800 2879       3       com.sun.tools.javac.util.List::<init> (15 bytes)
Event: 3,050 Thread 0x00007fcd840b1800 nmethod 2879 0x00007fcd758aecd0 code [0x00007fcd758aee40, 0x00007fcd758af070]

GC Heap History (10 events):
Event: 0,781 GC heap after
Heap after GC invocations=2 (full 0):
 PSYoungGen      total 18432K, used 2556K [0x00000000ebd80000, 0x00000000ee180000, 0x0000000100000000)
  eden space 15872K, 0% used [0x00000000ebd80000,0x00000000ebd80000,0x00000000ecd00000)
  from space 2560K, 99% used [0x00000000ecf80000,0x00000000ed1ff270,0x00000000ed200000)
  to   space 2560K, 0% used [0x00000000ecd00000,0x00000000ecd00000,0x00000000ecf80000)
 ParOldGen       total 42496K, used 714K [0x00000000c3800000, 0x00000000c6180000, 0x00000000ebd80000)
  object space 42496K, 1% used [0x00000000c3800000,0x00000000c38b2a50,0x00000000c6180000)
 Metaspace       used 7745K, capacity 7896K, committed 7936K, reserved 1056768K
  class space    used 950K, capacity 1016K, committed 1024K, reserved 1048576K
}
Event: 0,978 GC heap before
{Heap before GC invocations=3 (full 0):
 PSYoungGen      total 18432K, used 18428K [0x00000000ebd80000, 0x00000000ee180000, 0x0000000100000000)
  eden space 15872K, 100% used [0x00000000ebd80000,0x00000000ecd00000,0x00000000ecd00000)
  from space 2560K, 99% used [0x00000000ecf80000,0x00000000ed1ff270,0x00000000ed200000)
  to   space 2560K, 0% used [0x00000000ecd00000,0x00000000ecd00000,0x00000000ecf80000)
 ParOldGen       total 42496K, used 714K [0x00000000c3800000, 0x00000000c6180000, 0x00000000ebd80000)
  object space 42496K, 1% used [0x00000000c3800000,0x00000000c38b2a50,0x00000000c6180000)
 Metaspace       used 9391K, capacity 9584K, committed 9728K, reserved 1058816K
  class space    used 1126K, capacity 1213K, committed 1280K, reserved 1048576K
Event: 0,981 GC heap after
Heap after GC invocations=3 (full 0):
 PSYoungGen      total 18432K, used 2541K [0x00000000ebd80000, 0x00000000ee180000, 0x0000000100000000)
  eden space 15872K, 0% used [0x00000000ebd80000,0x00000000ebd80000,0x00000000ecd00000)
  from space 2560K, 99% used [0x00000000ecd00000,0x00000000ecf7b490,0x00000000ecf80000)
  to   space 2560K, 0% used [0x00000000edf00000,0x00000000edf00000,0x00000000ee180000)
 ParOldGen       total 42496K, used 2065K [0x00000000c3800000, 0x00000000c6180000, 0x00000000ebd80000)
  object space 42496K, 4% used [0x00000000c3800000,0x00000000c3a045b0,0x00000000c6180000)
 Metaspace       used 9391K, capacity 9584K, committed 9728K, reserved 1058816K
  class space    used 1126K, capacity 1213K, committed 1280K, reserved 1048576K
}
Event: 1,150 GC heap before
{Heap before GC invocations=4 (full 0):
 PSYoungGen      total 18432K, used 18413K [0x00000000ebd80000, 0x00000000ee180000, 0x0000000100000000)
  eden space 15872K, 100% used [0x00000000ebd80000,0x00000000ecd00000,0x00000000ecd00000)
  from space 2560K, 99% used [0x00000000ecd00000,0x00000000ecf7b490,0x00000000ecf80000)
  to   space 2560K, 0% used [0x00000000edf00000,0x00000000edf00000,0x00000000ee180000)
 ParOldGen       total 42496K, used 2065K [0x00000000c3800000, 0x00000000c6180000, 0x00000000ebd80000)
  object space 42496K, 4% used [0x00000000c3800000,0x00000000c3a045b0,0x00000000c6180000)
 Metaspace       used 11157K, capacity 11390K, committed 11520K, reserved 1058816K
  class space    used 1371K, capacity 1475K, committed 1536K, reserved 1048576K
Event: 1,154 GC heap after
Heap after GC invocations=4 (full 0):
 PSYoungGen      total 34304K, used 2544K [0x00000000ebd80000, 0x00000000ee180000, 0x0000000100000000)
  eden space 31744K, 0% used [0x00000000ebd80000,0x00000000ebd80000,0x00000000edc80000)
  from space 2560K, 99% used [0x00000000edf00000,0x00000000ee17c010,0x00000000ee180000)
  to   space 2560K, 0% used [0x00000000edc80000,0x00000000edc80000,0x00000000edf00000)
 ParOldGen       total 42496K, used 3978K [0x00000000c3800000, 0x00000000c6180000, 0x00000000ebd80000)
  object space 42496K, 9% used [0x00000000c3800000,0x00000000c3be2998,0x00000000c6180000)
 Metaspace       used 11157K, capacity 11390K, committed 11520K, reserved 1058816K
  class space    used 1371K, capacity 1475K, committed 1536K, reserved 1048576K
}
Event: 1,645 GC heap before
{Heap before GC invocations=5 (full 0):
 PSYoungGen      total 34304K, used 34288K [0x00000000ebd80000, 0x00000000ee180000, 0x0000000100000000)
  eden space 31744K, 100% used [0x00000000ebd80000,0x00000000edc80000,0x00000000edc80000)
  from space 2560K, 99% used [0x00000000edf00000,0x00000000ee17c010,0x00000000ee180000)
  to   space 2560K, 0% used [0x00000000edc80000,0x00000000edc80000,0x00000000edf00000)
 ParOldGen       total 42496K, used 3978K [0x00000000c3800000, 0x00000000c6180000, 0x00000000ebd80000)
  object space 42496K, 9% used [0x00000000c3800000,0x00000000c3be2998,0x00000000c6180000)
 Metaspace       used 13653K, capacity 13846K, committed 14080K, reserved 1060864K
  class space    used 1670K, capacity 1735K, committed 1792K, reserved 1048576K
Event: 1,653 GC heap after
Heap after GC invocations=5 (full 0):
 PSYoungGen      total 34304K, used 2544K [0x00000000ebd80000, 0x00000000f0780000, 0x0000000100000000)
  eden space 31744K, 0% used [0x00000000ebd80000,0x00000000ebd80000,0x00000000edc80000)
  from space 2560K, 99% used [0x00000000edc80000,0x00000000edefc030,0x00000000edf00000)
  to   space 6144K, 0% used [0x00000000f0180000,0x00000000f0180000,0x00000000f0780000)
 ParOldGen       total 42496K, used 6381K [0x00000000c3800000, 0x00000000c6180000, 0x00000000ebd80000)
  object space 42496K, 15% used [0x00000000c3800000,0x00000000c3e3b7b8,0x00000000c6180000)
 Metaspace       used 13653K, capacity 13846K, committed 14080K, reserved 1060864K
  class space    used 1670K, capacity 1735K, committed 1792K, reserved 1048576K
}
Event: 2,220 GC heap before
{Heap before GC invocations=6 (full 0):
 PSYoungGen      total 34304K, used 34288K [0x00000000ebd80000, 0x00000000f0780000, 0x0000000100000000)
  eden space 31744K, 100% used [0x00000000ebd80000,0x00000000edc80000,0x00000000edc80000)
  from space 2560K, 99% used [0x00000000edc80000,0x00000000edefc030,0x00000000edf00000)
  to   space 6144K, 0% used [0x00000000f0180000,0x00000000f0180000,0x00000000f0780000)
 ParOldGen       total 42496K, used 6381K [0x00000000c3800000, 0x00000000c6180000, 0x00000000ebd80000)
  object space 42496K, 15% used [0x00000000c3800000,0x00000000c3e3b7b8,0x00000000c6180000)
 Metaspace       used 16157K, capacity 16436K, committed 16640K, reserved 1064960K
  class space    used 1919K, capacity 2011K, committed 2048K, reserved 1048576K
Event: 2,237 GC heap after
Heap after GC invocations=6 (full 0):
 PSYoungGen      total 69120K, used 5747K [0x00000000ebd80000, 0x00000000f0880000, 0x0000000100000000)
  eden space 62976K, 0% used [0x00000000ebd80000,0x00000000ebd80000,0x00000000efb00000)
  from space 6144K, 93% used [0x00000000f0180000,0x00000000f071ce60,0x00000000f0780000)
  to   space 6656K, 0% used [0x00000000efb00000,0x00000000efb00000,0x00000000f0180000)
 ParOldGen       total 42496K, used 6389K [0x00000000c3800000, 0x00000000c6180000, 0x00000000ebd80000)
  object space 42496K, 15% used [0x00000000c3800000,0x00000000c3e3d7b8,0x00000000c6180000)
 Metaspace       used 16157K, capacity 16436K, committed 16640K, reserved 1064960K
  class space    used 1919K, capacity 2011K, committed 2048K, reserved 1048576K
}
Event: 3,136 GC heap before
{Heap before GC invocations=7 (full 0):
 PSYoungGen      total 69120K, used 68723K [0x00000000ebd80000, 0x00000000f0880000, 0x0000000100000000)
  eden space 62976K, 100% used [0x00000000ebd80000,0x00000000efb00000,0x00000000efb00000)
  from space 6144K, 93% used [0x00000000f0180000,0x00000000f071ce60,0x00000000f0780000)
  to   space 6656K, 0% used [0x00000000efb00000,0x00000000efb00000,0x00000000f0180000)
 ParOldGen       total 42496K, used 6389K [0x00000000c3800000, 0x00000000c6180000, 0x00000000ebd80000)
  object space 42496K, 15% used [0x00000000c3800000,0x00000000c3e3d7b8,0x00000000c6180000)
 Metaspace       used 20184K, capacity 20764K, committed 20992K, reserved 1067008K
  class space    used 2412K, capacity 2554K, committed 2560K, reserved 1048576K

Deoptimization events (10 events):
Event: 2,031 Thread 0x00007fcd8400a000 Uncommon trap: reason=unstable_if action=reinterpret pc=0x00007fcd756138d0 method=sun.nio.cs.UTF_8$Decoder.decode([BII[C)I @ 30
Event: 2,031 Thread 0x00007fcd8400a000 Uncommon trap: reason=unstable_if action=reinterpret pc=0x00007fcd75277358 method=sun.nio.cs.UTF_8$Decoder.decodeArrayLoop(Ljava/nio/ByteBuffer;Ljava/nio/CharBuffer;)Ljava/nio/charset/CoderResult; @ 84
Event: 2,061 Thread 0x00007fcd8400a000 Uncommon trap: reason=unstable_if action=reinterpret pc=0x00007fcd7568ba24 method=org.codehaus.plexus.util.xml.pull.MXParser.nextImpl()I @ 1161
Event: 2,075 Thread 0x00007fcd8400a000 Uncommon trap: reason=unstable_if action=reinterpret pc=0x00007fcd753a780c method=java.util.HashMap.hash(Ljava/lang/Object;)I @ 1
Event: 2,075 Thread 0x00007fcd8400a000 Uncommon trap: reason=unstable_if action=reinterpret pc=0x00007fcd75349c28 method=java.util.HashMap.hash(Ljava/lang/Object;)I @ 1
Event: 2,193 Thread 0x00007fcd8400a000 Uncommon trap: reason=unstable_if action=reinterpret pc=0x00007fcd75378c54 method=java.util.HashMap.getNode(ILjava/lang/Object;)Ljava/util/HashMap$Node; @ 53
Event: 2,349 Thread 0x00007fcd8400a000 Uncommon trap: reason=null_check action=make_not_entrant pc=0x00007fcd7575eefc method=org.apache.maven.model.io.xpp3.MavenXpp3Reader.checkFieldWithDuplicate(Lorg/codehaus/plexus/util/xml/pull/XmlPullParser;Ljava/lang/String;Ljava/lang/String;Ljava/util/Se
Event: 2,460 Thread 0x00007fcd8400a000 Uncommon trap: reason=bimorphic action=maybe_recompile pc=0x00007fcd75742990 method=java.util.regex.Pattern$CharProperty.match(Ljava/util/regex/Matcher;ILjava/lang/CharSequence;)Z @ 37
Event: 2,858 Thread 0x00007fcd8400a000 Uncommon trap: reason=bimorphic action=maybe_recompile pc=0x00007fcd75742990 method=java.util.regex.Pattern$CharProperty.match(Ljava/util/regex/Matcher;ILjava/lang/CharSequence;)Z @ 37
Event: 2,922 Thread 0x00007fcd8400a000 Uncommon trap: reason=predicate action=maybe_recompile pc=0x00007fcd7586af80 method=sun.misc.Resource.getBytes()[B @ 53

Internal exceptions (10 events):
Event: 1,850 Thread 0x00007fcd8400a000 Exception <a 'java/lang/NullPointerException'> (0x00000000ec6edcd0) thrown at [/build/openjdk-8-AbQ17_/openjdk-8-8u121-b13/src/hotspot/src/share/vm/interpreter/linkResolver.cpp, line 1178]
Event: 1,850 Thread 0x00007fcd8400a000 Exception <a 'java/lang/NullPointerException'> (0x00000000ec6edee8) thrown at [/build/openjdk-8-AbQ17_/openjdk-8-8u121-b13/src/hotspot/src/share/vm/interpreter/linkResolver.cpp, line 1178]
Event: 1,850 Thread 0x00007fcd8400a000 Exception <a 'java/lang/NullPointerException'> (0x00000000ec6ee100) thrown at [/build/openjdk-8-AbQ17_/openjdk-8-8u121-b13/src/hotspot/src/share/vm/interpreter/linkResolver.cpp, line 1178]
Event: 1,851 Thread 0x00007fcd8400a000 Exception <a 'java/lang/NullPointerException'> (0x00000000ec6f5390) thrown at [/build/openjdk-8-AbQ17_/openjdk-8-8u121-b13/src/hotspot/src/share/vm/interpreter/linkResolver.cpp, line 1178]
Event: 1,851 Thread 0x00007fcd8400a000 Exception <a 'java/lang/NullPointerException'> (0x00000000ec6f55a8) thrown at [/build/openjdk-8-AbQ17_/openjdk-8-8u121-b13/src/hotspot/src/share/vm/interpreter/linkResolver.cpp, line 1178]
Event: 1,851 Thread 0x00007fcd8400a000 Exception <a 'java/lang/NullPointerException'> (0x00000000ec6f57c0) thrown at [/build/openjdk-8-AbQ17_/openjdk-8-8u121-b13/src/hotspot/src/share/vm/interpreter/linkResolver.cpp, line 1178]
Event: 2,075 Thread 0x00007fcd8400a000 Implicit null exception at 0x00007fcd753a75f5 to 0x00007fcd753a77fd
Event: 2,075 Thread 0x00007fcd8400a000 Implicit null exception at 0x00007fcd75349baf to 0x00007fcd75349c19
Event: 2,349 Thread 0x00007fcd8400a000 Implicit null exception at 0x00007fcd7575e3c9 to 0x00007fcd7575eee1
Event: 2,917 Thread 0x00007fcd8400a000 Exception <a 'java/lang/ClassNotFoundException': com/sun/tools/javac/api/JavacTool> (0x00000000ef1a1f00) thrown at [/build/openjdk-8-AbQ17_/openjdk-8-8u121-b13/src/hotspot/src/share/vm/classfile/systemDictionary.cpp, line 210]

Events (10 events):
Event: 3,132 loading class com/sun/tools/javac/tree/TreeMaker done
Event: 3,132 loading class com/sun/tools/javac/tree/JCTree$Factory
Event: 3,132 loading class com/sun/tools/javac/tree/JCTree$Factory done
Event: 3,134 loading class com/sun/tools/javac/tree/TreeMaker$AnnotationBuilder
Event: 3,134 loading class com/sun/tools/javac/tree/TreeMaker$AnnotationBuilder done
Event: 3,135 loading class com/sun/tools/javac/comp/Annotate
Event: 3,135 loading class com/sun/tools/javac/comp/Annotate done
Event: 3,136 loading class com/sun/tools/javac/code/Attribute$Compound
Event: 3,136 loading class com/sun/tools/javac/code/Attribute$Compound done
Event: 3,136 Executing VM operation: ParallelGCFailedAllocation


Dynamic libraries:
c3800000-c6180000 rw-p 00000000 00:00 0 
c6180000-ebd80000 ---p 00000000 00:00 0 
ebd80000-f0880000 rw-p 00000000 00:00 0 
f4880000-100000000 ---p 00000000 00:00 0 
100000000-100280000 rw-p 00000000 00:00 0 
100280000-140000000 ---p 00000000 00:00 0 
557a8ad8b000-557a8ad8c000 r-xp 00000000 08:04 2623559                    /usr/lib/jvm/java-8-openjdk-amd64/jre/bin/java
557a8af8b000-557a8af8c000 r--p 00000000 08:04 2623559                    /usr/lib/jvm/java-8-openjdk-amd64/jre/bin/java
557a8af8c000-557a8af8d000 rw-p 00001000 08:04 2623559                    /usr/lib/jvm/java-8-openjdk-amd64/jre/bin/java
557a8bacb000-557a8baec000 rw-p 00000000 00:00 0                          [heap]
7fcd3b9ed000-7fcd3bbed000 rw-p 00000000 00:00 0 
7fcd3bbed000-7fcd3bded000 rw-p 00000000 00:00 0 
7fcd3bded000-7fcd3bdfe000 r-xp 00000000 08:04 2623598                    /usr/lib/jvm/java-8-openjdk-amd64/jre/lib/amd64/libnio.so
7fcd3bdfe000-7fcd3bffe000 ---p 00011000 08:04 2623598                    /usr/lib/jvm/java-8-openjdk-amd64/jre/lib/amd64/libnio.so
7fcd3bffe000-7fcd3bfff000 r--p 00011000 08:04 2623598                    /usr/lib/jvm/java-8-openjdk-amd64/jre/lib/amd64/libnio.so
7fcd3bfff000-7fcd3c000000 rw-p 00012000 08:04 2623598                    /usr/lib/jvm/java-8-openjdk-amd64/jre/lib/amd64/libnio.so
7fcd3c000000-7fcd3c021000 rw-p 00000000 00:00 0 
7fcd3c021000-7fcd40000000 ---p 00000000 00:00 0 
7fcd40000000-7fcd40021000 rw-p 00000000 00:00 0 
7fcd40021000-7fcd44000000 ---p 00000000 00:00 0 
7fcd44000000-7fcd45529000 rw-p 00000000 00:00 0 
7fcd45529000-7fcd48000000 ---p 00000000 00:00 0 
7fcd48000000-7fcd48ee5000 rw-p 00000000 00:00 0 
7fcd48ee5000-7fcd4c000000 ---p 00000000 00:00 0 
7fcd4c000000-7fcd4c021000 rw-p 00000000 00:00 0 
7fcd4c021000-7fcd50000000 ---p 00000000 00:00 0 
7fcd50000000-7fcd511b0000 rw-p 00000000 00:00 0 
7fcd511b0000-7fcd54000000 ---p 00000000 00:00 0 
7fcd54000000-7fcd54021000 rw-p 00000000 00:00 0 
7fcd54021000-7fcd58000000 ---p 00000000 00:00 0 
7fcd58000000-7fcd58021000 rw-p 00000000 00:00 0 
7fcd58021000-7fcd5c000000 ---p 00000000 00:00 0 
7fcd5c000000-7fcd5c279000 rw-p 00000000 00:00 0 
7fcd5c279000-7fcd60000000 ---p 00000000 00:00 0 
7fcd60000000-7fcd60021000 rw-p 00000000 00:00 0 
7fcd60021000-7fcd64000000 ---p 00000000 00:00 0 
7fcd640a4000-7fcd640ab000 r--s 00000000 08:04 2630305                    /usr/lib/x86_64-linux-gnu/gconv/gconv-modules.cache
7fcd640ab000-7fcd640d0000 r--p 00000000 08:04 2762919                    /usr/share/locale-langpack/es/LC_MESSAGES/libc.mo
7fcd640d0000-7fcd64149000 r--s 010fd000 08:04 2630405                    /usr/lib/jvm/java-8-openjdk-amd64/lib/tools.jar
7fcd64149000-7fcd6444a000 rw-p 00000000 00:00 0 
7fcd6444a000-7fcd64461000 r-xp 00000000 08:04 2623597                    /usr/lib/jvm/java-8-openjdk-amd64/jre/lib/amd64/libnet.so
7fcd64461000-7fcd64660000 ---p 00017000 08:04 2623597                    /usr/lib/jvm/java-8-openjdk-amd64/jre/lib/amd64/libnet.so
7fcd64660000-7fcd64661000 r--p 00016000 08:04 2623597                    /usr/lib/jvm/java-8-openjdk-amd64/jre/lib/amd64/libnet.so
7fcd64661000-7fcd64662000 rw-p 00017000 08:04 2623597                    /usr/lib/jvm/java-8-openjdk-amd64/jre/lib/amd64/libnet.so
7fcd64662000-7fcd64862000 rw-p 00000000 00:00 0 
7fcd64862000-7fcd64a62000 rw-p 00000000 00:00 0 
7fcd64a62000-7fcd64c62000 rw-p 00000000 00:00 0 
7fcd64c62000-7fcd64c63000 ---p 00000000 00:00 0 
7fcd64c63000-7fcd64d63000 rw-p 00000000 00:00 0 
7fcd64d63000-7fcd64d66000 ---p 00000000 00:00 0 
7fcd64d66000-7fcd64e64000 rw-p 00000000 00:00 0 
7fcd64e64000-7fcd64e67000 ---p 00000000 00:00 0 
7fcd64e67000-7fcd64f65000 rw-p 00000000 00:00 0 
7fcd64f65000-7fcd64f68000 ---p 00000000 00:00 0 
7fcd64f68000-7fcd65066000 rw-p 00000000 00:00 0 
7fcd65066000-7fcd65069000 ---p 00000000 00:00 0 
7fcd65069000-7fcd65167000 rw-p 00000000 00:00 0 
7fcd65167000-7fcd6516a000 ---p 00000000 00:00 0 
7fcd6516a000-7fcd65268000 rw-p 00000000 00:00 0 
7fcd65268000-7fcd657b6000 r--p 00000000 08:04 2494007                    /usr/lib/locale/locale-archive
7fcd657b6000-7fcd657b9000 ---p 00000000 00:00 0 
7fcd657b9000-7fcd658b7000 rw-p 00000000 00:00 0 
7fcd658b7000-7fcd658ba000 ---p 00000000 00:00 0 
7fcd658ba000-7fcd659b8000 rw-p 00000000 00:00 0 
7fcd659b8000-7fcd659b9000 ---p 00000000 00:00 0 
7fcd659b9000-7fcd68000000 rw-p 00000000 00:00 0 
7fcd68000000-7fcd68021000 rw-p 00000000 00:00 0 
7fcd68021000-7fcd6c000000 ---p 00000000 00:00 0 
7fcd6c000000-7fcd6c021000 rw-p 00000000 00:00 0 
7fcd6c021000-7fcd70000000 ---p 00000000 00:00 0 
7fcd70000000-7fcd70021000 rw-p 00000000 00:00 0 
7fcd70021000-7fcd74000000 ---p 00000000 00:00 0 
7fcd74000000-7fcd74003000 r--s 0001b000 08:04 1182489                    /home/erickvelasco11/.m2/repository/junit/junit/3.8.2/junit-3.8.2.jar
7fcd74003000-7fcd74011000 r--s 0008f000 08:04 1182486                    /home/erickvelasco11/.m2/repository/com/google/collections/google-collections/1.0/google-collections-1.0.jar
7fcd74011000-7fcd74012000 r--s 0000a000 08:04 1182484                    /home/erickvelasco11/.m2/repository/commons-logging/commons-logging-api/1.1/commons-logging-api-1.1.jar
7fcd74012000-7fcd74019000 r--s 00051000 08:04 1182482                    /home/erickvelasco11/.m2/repository/log4j/log4j/1.2.12/log4j-1.2.12.jar
7fcd74019000-7fcd7401d000 r--s 0001d000 08:04 1182480                    /home/erickvelasco11/.m2/repository/org/apache/xbean/xbean-reflect/3.4/xbean-reflect-3.4.jar
7fcd7401d000-7fcd7401e000 r--s 00004000 08:04 1182710                    /home/erickvelasco11/.m2/repository/org/codehaus/plexus/plexus-compiler-javac/2.4/plexus-compiler-javac-2.4.jar
7fcd7401e000-7fcd74020000 r--s 00000000 08:04 1182712                    /home/erickvelasco11/.m2/repository/org/codehaus/plexus/plexus-compiler-manager/2.4/plexus-compiler-manager-2.4.jar
7fcd74020000-7fcd74022000 r--s 00005000 08:04 1052293                    /home/erickvelasco11/.m2/repository/org/codehaus/plexus/plexus-compiler-api/2.4/plexus-compiler-api-2.4.jar
7fcd74022000-7fcd74024000 r--s 00000000 08:04 1052231                    /home/erickvelasco11/.m2/repository/org/codehaus/plexus/plexus-component-annotations/1.5.5/plexus-component-annotations-1.5.5.jar
7fcd74024000-7fcd74026000 r--s 00002000 08:04 1052230                    /home/erickvelasco11/.m2/repository/org/apache/maven/shared/maven-shared-incremental/1.1/maven-shared-incremental-1.1.jar
7fcd74026000-7fcd74028000 r--s 00006000 08:04 792171                     /home/erickvelasco11/.m2/repository/com/google/code/findbugs/jsr305/2.0.1/jsr305-2.0.1.jar
7fcd74028000-7fcd7402b000 r--s 00023000 08:04 1052228                    /home/erickvelasco11/.m2/repository/org/apache/maven/shared/maven-shared-utils/0.1/maven-shared-utils-0.1.jar
7fcd7402b000-7fcd7402f000 r--s 00030000 08:04 1052198                    /home/erickvelasco11/.m2/repository/org/codehaus/plexus/plexus-utils/1.5.1/plexus-utils-1.5.1.jar
7fcd7402f000-7fcd74031000 r--s 0000a000 08:04 1052283                    /home/erickvelasco11/.m2/repository/org/apache/maven/plugins/maven-compiler-plugin/3.2/maven-compiler-plugin-3.2.jar
7fcd74031000-7fcd74033000 r--s 0000d000 08:04 1052085                    /home/erickvelasco11/.m2/repository/org/codehaus/plexus/plexus-interpolation/1.13/plexus-interpolation-1.13.jar
7fcd74033000-7fcd74034000 r--s 00001000 08:04 1052032                    /home/erickvelasco11/.m2/repository/org/sonatype/plexus/plexus-build-api/0.0.4/plexus-build-api-0.0.4.jar
7fcd74034000-7fcd74036000 r--s 00009000 08:04 1052083                    /home/erickvelasco11/.m2/repository/org/apache/maven/shared/maven-filtering/1.1/maven-filtering-1.1.jar
7fcd74036000-7fcd7403a000 r--s 00033000 08:04 1052081                    /home/erickvelasco11/.m2/repository/org/codehaus/plexus/plexus-utils/2.0.5/plexus-utils-2.0.5.jar
7fcd7403a000-7fcd7403d000 r--s 0001b000 08:04 661438                     /home/erickvelasco11/.m2/repository/junit/junit/3.8.1/junit-3.8.1.jar
7fcd7403d000-7fcd7403f000 r--s 00002000 08:04 792205                     /home/erickvelasco11/.m2/repository/org/codehaus/plexus/plexus-interactivity-api/1.0-alpha-4/plexus-interactivity-api-1.0-alpha-4.jar
7fcd7403f000-7fcd74041000 r--s 00006000 08:04 927533                     /home/erickvelasco11/.m2/repository/commons-cli/commons-cli/1.0/commons-cli-1.0.jar
7fcd74041000-7fcd74042000 r--s 00001000 08:04 927526                     /home/erickvelasco11/.m2/repository/org/apache/maven/doxia/doxia-sink-api/1.0-alpha-7/doxia-sink-api-1.0-alpha-7.jar
7fcd74042000-7fcd74043000 r--s 00002000 08:04 927524                     /home/erickvelasco11/.m2/repository/org/apache/maven/reporting/maven-reporting-api/2.0.6/maven-reporting-api-2.0.6.jar
7fcd74043000-7fcd74045000 r--s 00006000 08:04 1052055                    /home/erickvelasco11/.m2/repository/org/apache/maven/plugins/maven-resources-plugin/2.6/maven-resources-plugin-2.6.jar
7fcd74045000-7fcd74049000 r--s 0009a000 08:04 2623642                    /usr/lib/jvm/java-8-openjdk-amd64/jre/lib/jsse.jar
7fcd74049000-7fcd74056000 r--s 0008d000 08:04 2766332                    /usr/share/java/maven3-core-3.3.9.jar
7fcd74056000-7fcd74059000 r--s 0000a000 08:04 2766329                    /usr/share/java/maven3-artifact-3.3.9.jar
7fcd74059000-7fcd7405b000 r--s 0000a000 08:04 2766330                    /usr/share/java/maven3-plugin-api-3.3.9.jar
7fcd7405b000-7fcd7405d000 r--s 00005000 08:04 2766139                    /usr/share/java/eclipse-aether-transport-wagon.jar
7fcd7405d000-7fcd74064000 r--s 00054000 08:04 2766300                    /usr/share/java/sisu-inject.jar
7fcd74064000-7fcd74066000 r--s 00013000 08:04 2766328                    /usr/share/java/maven3-embedder-3.3.9.jar
7fcd74066000-7fcd74067000 r--s 00006000 08:04 2766234                    /usr/share/java/plexus-sec-dispatcher.jar
7fcd74067000-7fcd7406e000 r--s 0005e000 08:04 2765965                    /usr/share/java/commons-lang3.jar
7fcd7406e000-7fcd74070000 r--s 0000a000 08:04 2765949                    /usr/share/java/commons-cli-1.3.1.jar
7fcd74070000-7fcd74072000 r--s 00002000 08:04 2766232                    /usr/share/java/plexus-cipher.jar
7fcd74072000-7fcd74074000 r--s 0000e000 08:04 2766010                    /usr/share/java/plexus-interpolation.jar
7fcd74074000-7fcd7407b000 r--s 0002c000 08:04 2766302                    /usr/share/java/sisu-plexus.jar
7fcd7407b000-7fcd7407c000 r--s 00006000 08:04 2766325                    /usr/share/java/maven3-repository-metadata-3.3.9.jar
7fcd7407c000-7fcd7407d000 r--s 00001000 08:04 2766309                    /usr/share/java/wagon-http-shared-2.x.jar
7fcd7407d000-7fcd74081000 r--s 00038000 08:04 2766284                    /usr/share/java/plexus-utils2.jar
7fcd74081000-7fcd74086000 r--s 0001d000 08:04 2766140                    /usr/share/java/eclipse-aether-api.jar
7fcd74086000-7fcd74089000 r--s 00007000 08:04 2766324                    /usr/share/java/maven3-settings-builder-3.3.9.jar
7fcd74089000-7fcd7408b000 r--s 00000000 08:04 2766278                    /usr/share/java/plexus-component-annotations-1.5.jar
7fcd7408b000-7fcd74099000 r--s 00095000 08:04 2766157                    /usr/share/java/guice.jar
7fcd74099000-7fcd7409b000 r--s 0000d000 08:04 2766321                    /usr/share/java/maven3-aether-provider-3.3.9.jar
7fcd7409b000-7fcd7409d000 r--s 00006000 08:04 2766138                    /usr/share/java/eclipse-aether-spi.jar
7fcd7409d000-7fcd7409e000 r--s 0000a000 08:04 2766327                    /usr/share/java/maven3-settings-3.3.9.jar
7fcd7409e000-7fcd740a3000 r--s 0002e000 08:04 2765961                    /usr/share/java/commons-io.jar
7fcd740a3000-7fcd740a8000 r--s 00025000 08:04 2766322                    /usr/share/java/maven3-model-builder-3.3.9.jar
7fcd740a8000-7fcd740ae000 r--s 00048000 08:04 2766067                    /usr/share/java/jsoup.jar
7fcd740ae000-7fcd740b0000 r--s 00001000 08:04 2766331                    /usr/share/java/maven3-builder-support-3.3.9.jar
7fcd740b0000-7fcd740b2000 r--s 00001000 08:04 2766152                    /usr/share/java/aopalliance-1.0.jar
7fcd740b2000-7fcd740de000 r--s 00208000 08:04 2766071                    /usr/share/java/guava.jar
7fcd740de000-7fcd740e2000 r--s 00027000 08:04 2766133                    /usr/share/java/eclipse-aether-impl.jar
7fcd740e2000-7fcd740e3000 r--s 00001000 08:04 2766304                    /usr/share/java/wagon-file-2.x.jar
7fcd740e3000-7fcd740e8000 r--s 00040000 08:04 2765963                    /usr/share/java/commons-lang-2.6.jar
7fcd740e8000-7fcd740e9000 r--s 00004000 08:04 2765882                    /usr/share/java/atinject-jsr330-tck-1.0.jar
7fcd740e9000-7fcd740ea000 r--s 00008000 08:04 2766136                    /usr/share/java/eclipse-aether-connector-basic.jar
7fcd740ea000-7fcd740ec000 r--s 00027000 08:04 2766323                    /usr/share/java/maven3-model-3.3.9.jar
7fcd740ec000-7fcd740f3000 r--s 00041000 08:04 2766326                    /usr/share/java/maven3-compat-3.3.9.jar
7fcd740f3000-7fcd740f7000 r--s 00020000 08:04 2766141                    /usr/share/java/eclipse-aether-util.jar
7fcd740f7000-7fcd740f9000 r--s 0000a000 08:04 2766310                    /usr/share/java/wagon-provider-api-2.x.jar
7fcd740f9000-7fcd75000000 rw-p 00000000 00:00 0 
7fcd75000000-7fcd758b0000 rwxp 00000000 00:00 0 
7fcd758b0000-7fcd84000000 ---p 00000000 00:00 0 
7fcd84000000-7fcd84be6000 rw-p 00000000 00:00 0 
7fcd84be6000-7fcd88000000 ---p 00000000 00:00 0 
7fcd88000000-7fcd88001000 r--s 00002000 08:04 2766052                    /usr/share/java/slf4j-simple.jar
7fcd88001000-7fcd88032000 r--s 00212000 08:04 2766308                    /usr/share/java/wagon-http-shaded-2.x.jar
7fcd88032000-7fcd88033000 r--s 00009000 08:04 2766046                    /usr/share/java/slf4j-api.jar
7fcd88033000-7fcd88034000 r--s 00000000 08:04 2765894                    /usr/share/java/geronimo-interceptor-3.0-spec-1.0.1.jar
7fcd88034000-7fcd88036000 r--s 00012000 08:04 2765903                    /usr/share/java/el-api-3.0.jar
7fcd88036000-7fcd88039000 r--s 00008000 08:04 2765907                    /usr/share/java/cdi-api-1.0.jar
7fcd88039000-7fcd88054000 r--s 00394000 08:04 2623619                    /usr/lib/jvm/java-8-openjdk-amd64/jre/lib/ext/cldrdata.jar
7fcd88054000-7fcd8805e000 r--s 00116000 08:04 2623623                    /usr/lib/jvm/java-8-openjdk-amd64/jre/lib/ext/localedata.jar
7fcd8805e000-7fcd88079000 r--s 001d6000 08:04 2623624                    /usr/lib/jvm/java-8-openjdk-amd64/jre/lib/ext/nashorn.jar
7fcd88079000-7fcd8822a000 rw-p 00000000 00:00 0 
7fcd8822a000-7fcd883f8000 r--s 03c06000 08:04 2623648                    /usr/lib/jvm/java-8-openjdk-amd64/jre/lib/rt.jar
7fcd883f8000-7fcd88652000 rw-p 00000000 00:00 0 
7fcd88652000-7fcd88653000 ---p 00000000 00:00 0 
7fcd88653000-7fcd88753000 rw-p 00000000 00:00 0 
7fcd88753000-7fcd88754000 ---p 00000000 00:00 0 
7fcd88754000-7fcd88854000 rw-p 00000000 00:00 0 
7fcd88854000-7fcd88855000 ---p 00000000 00:00 0 
7fcd88855000-7fcd88955000 rw-p 00000000 00:00 0 
7fcd88955000-7fcd88956000 ---p 00000000 00:00 0 
7fcd88956000-7fcd88a6b000 rw-p 00000000 00:00 0 
7fcd88a6b000-7fcd88b99000 ---p 00000000 00:00 0 
7fcd88b99000-7fcd88bae000 rw-p 00000000 00:00 0 
7fcd88bae000-7fcd88cdb000 ---p 00000000 00:00 0 
7fcd88cdb000-7fcd88d02000 rw-p 00000000 00:00 0 
7fcd88d02000-7fcd88d7d000 ---p 00000000 00:00 0 
7fcd88d7d000-7fcd88da1000 rw-p 00000000 00:00 0 
7fcd88da1000-7fcd8913e000 ---p 00000000 00:00 0 
7fcd8913e000-7fcd89146000 r-xp 00000000 08:04 2623605                    /usr/lib/jvm/java-8-openjdk-amd64/jre/lib/amd64/libzip.so
7fcd89146000-7fcd89345000 ---p 00008000 08:04 2623605                    /usr/lib/jvm/java-8-openjdk-amd64/jre/lib/amd64/libzip.so
7fcd89345000-7fcd89346000 r--p 00007000 08:04 2623605                    /usr/lib/jvm/java-8-openjdk-amd64/jre/lib/amd64/libzip.so
7fcd89346000-7fcd89347000 rw-p 00008000 08:04 2623605                    /usr/lib/jvm/java-8-openjdk-amd64/jre/lib/amd64/libzip.so
7fcd89347000-7fcd89352000 r-xp 00000000 08:04 3019875                    /lib/x86_64-linux-gnu/libnss_files-2.24.so
7fcd89352000-7fcd89551000 ---p 0000b000 08:04 3019875                    /lib/x86_64-linux-gnu/libnss_files-2.24.so
7fcd89551000-7fcd89552000 r--p 0000a000 08:04 3019875                    /lib/x86_64-linux-gnu/libnss_files-2.24.so
7fcd89552000-7fcd89553000 rw-p 0000b000 08:04 3019875                    /lib/x86_64-linux-gnu/libnss_files-2.24.so
7fcd89553000-7fcd89559000 rw-p 00000000 00:00 0 
7fcd89559000-7fcd89564000 r-xp 00000000 08:04 3020041                    /lib/x86_64-linux-gnu/libnss_nis-2.24.so
7fcd89564000-7fcd89763000 ---p 0000b000 08:04 3020041                    /lib/x86_64-linux-gnu/libnss_nis-2.24.so
7fcd89763000-7fcd89764000 r--p 0000a000 08:04 3020041                    /lib/x86_64-linux-gnu/libnss_nis-2.24.so
7fcd89764000-7fcd89765000 rw-p 0000b000 08:04 3020041                    /lib/x86_64-linux-gnu/libnss_nis-2.24.so
7fcd89765000-7fcd8977b000 r-xp 00000000 08:04 3014706                    /lib/x86_64-linux-gnu/libnsl-2.24.so
7fcd8977b000-7fcd8997a000 ---p 00016000 08:04 3014706                    /lib/x86_64-linux-gnu/libnsl-2.24.so
7fcd8997a000-7fcd8997b000 r--p 00015000 08:04 3014706                    /lib/x86_64-linux-gnu/libnsl-2.24.so
7fcd8997b000-7fcd8997c000 rw-p 00016000 08:04 3014706                    /lib/x86_64-linux-gnu/libnsl-2.24.so
7fcd8997c000-7fcd8997e000 rw-p 00000000 00:00 0 
7fcd8997e000-7fcd89986000 r-xp 00000000 08:04 3019370                    /lib/x86_64-linux-gnu/libnss_compat-2.24.so
7fcd89986000-7fcd89b85000 ---p 00008000 08:04 3019370                    /lib/x86_64-linux-gnu/libnss_compat-2.24.so
7fcd89b85000-7fcd89b86000 r--p 00007000 08:04 3019370                    /lib/x86_64-linux-gnu/libnss_compat-2.24.so
7fcd89b86000-7fcd89b87000 rw-p 00008000 08:04 3019370                    /lib/x86_64-linux-gnu/libnss_compat-2.24.so
7fcd89b87000-7fcd89bb4000 r-xp 00000000 08:04 2623586                    /usr/lib/jvm/java-8-openjdk-amd64/jre/lib/amd64/libjava.so
7fcd89bb4000-7fcd89db3000 ---p 0002d000 08:04 2623586                    /usr/lib/jvm/java-8-openjdk-amd64/jre/lib/amd64/libjava.so
7fcd89db3000-7fcd89db4000 r--p 0002c000 08:04 2623586                    /usr/lib/jvm/java-8-openjdk-amd64/jre/lib/amd64/libjava.so
7fcd89db4000-7fcd89db6000 rw-p 0002d000 08:04 2623586                    /usr/lib/jvm/java-8-openjdk-amd64/jre/lib/amd64/libjava.so
7fcd89db6000-7fcd89dc5000 r-xp 00000000 08:04 2623604                    /usr/lib/jvm/java-8-openjdk-amd64/jre/lib/amd64/libverify.so
7fcd89dc5000-7fcd89fc4000 ---p 0000f000 08:04 2623604                    /usr/lib/jvm/java-8-openjdk-amd64/jre/lib/amd64/libverify.so
7fcd89fc4000-7fcd89fc6000 r--p 0000e000 08:04 2623604                    /usr/lib/jvm/java-8-openjdk-amd64/jre/lib/amd64/libverify.so
7fcd89fc6000-7fcd89fc7000 rw-p 00010000 08:04 2623604                    /usr/lib/jvm/java-8-openjdk-amd64/jre/lib/amd64/libverify.so
7fcd89fc7000-7fcd89fce000 r-xp 00000000 08:04 3021067                    /lib/x86_64-linux-gnu/librt-2.24.so
7fcd89fce000-7fcd8a1cd000 ---p 00007000 08:04 3021067                    /lib/x86_64-linux-gnu/librt-2.24.so
7fcd8a1cd000-7fcd8a1ce000 r--p 00006000 08:04 3021067                    /lib/x86_64-linux-gnu/librt-2.24.so
7fcd8a1ce000-7fcd8a1cf000 rw-p 00007000 08:04 3021067                    /lib/x86_64-linux-gnu/librt-2.24.so
7fcd8a1cf000-7fcd8a1e5000 r-xp 00000000 08:04 3019801                    /lib/x86_64-linux-gnu/libgcc_s.so.1
7fcd8a1e5000-7fcd8a3e4000 ---p 00016000 08:04 3019801                    /lib/x86_64-linux-gnu/libgcc_s.so.1
7fcd8a3e4000-7fcd8a3e5000 r--p 00015000 08:04 3019801                    /lib/x86_64-linux-gnu/libgcc_s.so.1
7fcd8a3e5000-7fcd8a3e6000 rw-p 00016000 08:04 3019801                    /lib/x86_64-linux-gnu/libgcc_s.so.1
7fcd8a3e6000-7fcd8a4ee000 r-xp 00000000 08:04 3014703                    /lib/x86_64-linux-gnu/libm-2.24.so
7fcd8a4ee000-7fcd8a6ed000 ---p 00108000 08:04 3014703                    /lib/x86_64-linux-gnu/libm-2.24.so
7fcd8a6ed000-7fcd8a6ee000 r--p 00107000 08:04 3014703                    /lib/x86_64-linux-gnu/libm-2.24.so
7fcd8a6ee000-7fcd8a6ef000 rw-p 00108000 08:04 3014703                    /lib/x86_64-linux-gnu/libm-2.24.so
7fcd8a6ef000-7fcd8a867000 r-xp 00000000 08:04 2495982                    /usr/lib/x86_64-linux-gnu/libstdc++.so.6.0.22
7fcd8a867000-7fcd8aa67000 ---p 00178000 08:04 2495982                    /usr/lib/x86_64-linux-gnu/libstdc++.so.6.0.22
7fcd8aa67000-7fcd8aa71000 r--p 00178000 08:04 2495982                    /usr/lib/x86_64-linux-gnu/libstdc++.so.6.0.22
7fcd8aa71000-7fcd8aa73000 rw-p 00182000 08:04 2495982                    /usr/lib/x86_64-linux-gnu/libstdc++.so.6.0.22
7fcd8aa73000-7fcd8aa77000 rw-p 00000000 00:00 0 
7fcd8aa77000-7fcd8b6cc000 r-xp 00000000 08:04 2623608                    /usr/lib/jvm/java-8-openjdk-amd64/jre/lib/amd64/server/libjvm.so
7fcd8b6cc000-7fcd8b8cc000 ---p 00c55000 08:04 2623608                    /usr/lib/jvm/java-8-openjdk-amd64/jre/lib/amd64/server/libjvm.so
7fcd8b8cc000-7fcd8b95f000 r--p 00c55000 08:04 2623608                    /usr/lib/jvm/java-8-openjdk-amd64/jre/lib/amd64/server/libjvm.so
7fcd8b95f000-7fcd8b988000 rw-p 00ce8000 08:04 2623608                    /usr/lib/jvm/java-8-openjdk-amd64/jre/lib/amd64/server/libjvm.so
7fcd8b988000-7fcd8b9b8000 rw-p 00000000 00:00 0 
7fcd8b9b8000-7fcd8b9d0000 r-xp 00000000 08:04 3020044                    /lib/x86_64-linux-gnu/libpthread-2.24.so
7fcd8b9d0000-7fcd8bbd0000 ---p 00018000 08:04 3020044                    /lib/x86_64-linux-gnu/libpthread-2.24.so
7fcd8bbd0000-7fcd8bbd1000 r--p 00018000 08:04 3020044                    /lib/x86_64-linux-gnu/libpthread-2.24.so
7fcd8bbd1000-7fcd8bbd2000 rw-p 00019000 08:04 3020044                    /lib/x86_64-linux-gnu/libpthread-2.24.so
7fcd8bbd2000-7fcd8bbd6000 rw-p 00000000 00:00 0 
7fcd8bbd6000-7fcd8bbd9000 r-xp 00000000 08:04 3014702                    /lib/x86_64-linux-gnu/libdl-2.24.so
7fcd8bbd9000-7fcd8bdd8000 ---p 00003000 08:04 3014702                    /lib/x86_64-linux-gnu/libdl-2.24.so
7fcd8bdd8000-7fcd8bdd9000 r--p 00002000 08:04 3014702                    /lib/x86_64-linux-gnu/libdl-2.24.so
7fcd8bdd9000-7fcd8bdda000 rw-p 00003000 08:04 3014702                    /lib/x86_64-linux-gnu/libdl-2.24.so
7fcd8bdda000-7fcd8bdf3000 r-xp 00000000 08:04 3019938                    /lib/x86_64-linux-gnu/libz.so.1.2.8
7fcd8bdf3000-7fcd8bff2000 ---p 00019000 08:04 3019938                    /lib/x86_64-linux-gnu/libz.so.1.2.8
7fcd8bff2000-7fcd8bff3000 r--p 00018000 08:04 3019938                    /lib/x86_64-linux-gnu/libz.so.1.2.8
7fcd8bff3000-7fcd8bff4000 rw-p 00019000 08:04 3019938                    /lib/x86_64-linux-gnu/libz.so.1.2.8
7fcd8bff4000-7fcd8c1b1000 r-xp 00000000 08:04 3014699                    /lib/x86_64-linux-gnu/libc-2.24.so
7fcd8c1b1000-7fcd8c3b1000 ---p 001bd000 08:04 3014699                    /lib/x86_64-linux-gnu/libc-2.24.so
7fcd8c3b1000-7fcd8c3b5000 r--p 001bd000 08:04 3014699                    /lib/x86_64-linux-gnu/libc-2.24.so
7fcd8c3b5000-7fcd8c3b7000 rw-p 001c1000 08:04 3014699                    /lib/x86_64-linux-gnu/libc-2.24.so
7fcd8c3b7000-7fcd8c3bb000 rw-p 00000000 00:00 0 
7fcd8c3bb000-7fcd8c3c8000 r-xp 00000000 08:04 2623572                    /usr/lib/jvm/java-8-openjdk-amd64/jre/lib/amd64/jli/libjli.so
7fcd8c3c8000-7fcd8c5c8000 ---p 0000d000 08:04 2623572                    /usr/lib/jvm/java-8-openjdk-amd64/jre/lib/amd64/jli/libjli.so
7fcd8c5c8000-7fcd8c5c9000 r--p 0000d000 08:04 2623572                    /usr/lib/jvm/java-8-openjdk-amd64/jre/lib/amd64/jli/libjli.so
7fcd8c5c9000-7fcd8c5ca000 rw-p 0000e000 08:04 2623572                    /usr/lib/jvm/java-8-openjdk-amd64/jre/lib/amd64/jli/libjli.so
7fcd8c5ca000-7fcd8c5ef000 r-xp 00000000 08:04 3014695                    /lib/x86_64-linux-gnu/ld-2.24.so
7fcd8c5ef000-7fcd8c5f1000 r--s 0000a000 08:04 2766276                    /usr/share/java/plexus-classworlds2-2.5.2.jar
7fcd8c5f1000-7fcd8c5f6000 r--s 0003b000 08:04 2623626                    /usr/lib/jvm/java-8-openjdk-amd64/jre/lib/ext/sunjce_provider.jar
7fcd8c5f6000-7fcd8c6ce000 rw-p 00000000 00:00 0 
7fcd8c6ce000-7fcd8c6d1000 ---p 00000000 00:00 0 
7fcd8c6d1000-7fcd8c7d3000 rw-p 00000000 00:00 0 
7fcd8c7d3000-7fcd8c7d4000 r--s 00000000 08:04 2765883                    /usr/share/java/atinject-jsr330-api-1.0.jar
7fcd8c7d4000-7fcd8c7d7000 r--s 0000f000 08:04 2623621                    /usr/lib/jvm/java-8-openjdk-amd64/jre/lib/ext/icedtea-sound.jar
7fcd8c7d7000-7fcd8c7d9000 r--s 00008000 08:04 2623625                    /usr/lib/jvm/java-8-openjdk-amd64/jre/lib/ext/sunec.jar
7fcd8c7d9000-7fcd8c7dd000 r--s 00037000 08:04 2623627                    /usr/lib/jvm/java-8-openjdk-amd64/jre/lib/ext/sunpkcs11.jar
7fcd8c7dd000-7fcd8c7de000 r--s 0000a000 08:04 2623622                    /usr/lib/jvm/java-8-openjdk-amd64/jre/lib/ext/jaccess.jar
7fcd8c7de000-7fcd8c7e0000 r--s 00001000 08:04 2623620                    /usr/lib/jvm/java-8-openjdk-amd64/jre/lib/ext/dnsns.jar
7fcd8c7e0000-7fcd8c7e1000 r--s 00010000 08:04 2623628                    /usr/lib/jvm/java-8-openjdk-amd64/jre/lib/ext/zipfs.jar
7fcd8c7e1000-7fcd8c7e9000 rw-s 00000000 08:04 2520408                    /tmp/hsperfdata_erickvelasco11/7197
7fcd8c7e9000-7fcd8c7ea000 rw-p 00000000 00:00 0 
7fcd8c7ea000-7fcd8c7eb000 ---p 00000000 00:00 0 
7fcd8c7eb000-7fcd8c7ee000 rw-p 00000000 00:00 0 
7fcd8c7ee000-7fcd8c7ef000 r--p 00024000 08:04 3014695                    /lib/x86_64-linux-gnu/ld-2.24.so
7fcd8c7ef000-7fcd8c7f0000 rw-p 00025000 08:04 3014695                    /lib/x86_64-linux-gnu/ld-2.24.so
7fcd8c7f0000-7fcd8c7f1000 rw-p 00000000 00:00 0 
7ffe493a9000-7ffe493ca000 rw-p 00000000 00:00 0                          [stack]
7ffe493ce000-7ffe493d0000 r--p 00000000 00:00 0                          [vvar]
7ffe493d0000-7ffe493d2000 r-xp 00000000 00:00 0                          [vdso]
ffffffffff600000-ffffffffff601000 r-xp 00000000 00:00 0                  [vsyscall]

VM Arguments:
jvm_args: -Dclassworlds.conf=/usr/share/maven/bin/m2.conf -Dmaven.home=/usr/share/maven -Dmaven.multiModuleProjectDirectory=/home/erickvelasco11/IdeaProjects/Authentication_ms 
java_command: org.codehaus.plexus.classworlds.launcher.Launcher -f pom.xml package
java_class_path (initial): /usr/share/maven/boot/plexus-classworlds-2.x.jar
Launcher Type: SUN_STANDARD

Environment Variables:
JAVA_HOME=/usr/lib/jvm/java-8-openjdk-amd64
PATH=/opt/glassfish4/bin:/home/erickvelasco11/.local/share/umake/bin:/home/erickvelasco11/bin:/home/erickvelasco11/.local/bin:/usr/local/sbin:/usr/local/bin:/usr/sbin:/usr/bin:/sbin:/bin:/usr/games:/usr/local/games:/snap/bin
SHELL=/bin/bash
DISPLAY=:0

Signal Handlers:
SIGSEGV: [libjvm.so+0xa6c900], sa_mask[0]=11111111011111111101111111111110, sa_flags=SA_RESTART|SA_SIGINFO
SIGBUS: [libjvm.so+0xa6c900], sa_mask[0]=11111111011111111101111111111110, sa_flags=SA_RESTART|SA_SIGINFO
SIGFPE: [libjvm.so+0x8b6400], sa_mask[0]=11111111011111111101111111111110, sa_flags=SA_RESTART|SA_SIGINFO
SIGPIPE: [libjvm.so+0x8b6400], sa_mask[0]=11111111011111111101111111111110, sa_flags=SA_RESTART|SA_SIGINFO
SIGXFSZ: [libjvm.so+0x8b6400], sa_mask[0]=11111111011111111101111111111110, sa_flags=SA_RESTART|SA_SIGINFO
SIGILL: [libjvm.so+0x8b6400], sa_mask[0]=11111111011111111101111111111110, sa_flags=SA_RESTART|SA_SIGINFO
SIGUSR1: SIG_DFL, sa_mask[0]=00000000000000000000000000000000, sa_flags=none
SIGUSR2: [libjvm.so+0x8b62b0], sa_mask[0]=00000000000000000000000000000000, sa_flags=SA_RESTART|SA_SIGINFO
SIGHUP: [libjvm.so+0x8b6760], sa_mask[0]=11111111011111111101111111111110, sa_flags=SA_RESTART|SA_SIGINFO
SIGINT: [libjvm.so+0x8b6760], sa_mask[0]=11111111011111111101111111111110, sa_flags=SA_RESTART|SA_SIGINFO
SIGTERM: [libjvm.so+0x8b6760], sa_mask[0]=11111111011111111101111111111110, sa_flags=SA_RESTART|SA_SIGINFO
SIGQUIT: [libjvm.so+0x8b6760], sa_mask[0]=11111111011111111101111111111110, sa_flags=SA_RESTART|SA_SIGINFO


---------------  S Y S T E M  ---------------

OS:DISTRIB_ID=Ubuntu
DISTRIB_RELEASE=16.10
DISTRIB_CODENAME=yakkety
DISTRIB_DESCRIPTION="Ubuntu 16.10"

uname:Linux 4.8.0-46-generic #49-Ubuntu SMP Fri Mar 31 13:57:14 UTC 2017 x86_64
libc:glibc 2.24 NPTL 2.24 
rlimit: STACK 8192k, CORE 0k, NPROC 15289, NOFILE 65536, AS infinity
load average:1,18 1,12 0,84

/proc/meminfo:
MemTotal:        3957612 kB
MemFree:          108036 kB
MemAvailable:      19912 kB
Buffers:            3872 kB
Cached:           274256 kB
SwapCached:            0 kB
Active:          1478636 kB
Inactive:         253312 kB
Active(anon):    1456796 kB
Inactive(anon):   233620 kB
Active(file):      21840 kB
Inactive(file):    19692 kB
Unevictable:          20 kB
Mlocked:              20 kB
SwapTotal:             0 kB
SwapFree:              0 kB
Dirty:               148 kB
Writeback:            56 kB
AnonPages:       1454052 kB
Mapped:          2027312 kB
Shmem:            236472 kB
Slab:             123712 kB
SReclaimable:      39800 kB
SUnreclaim:        83912 kB
KernelStack:        8992 kB
PageTables:        43788 kB
NFS_Unstable:          0 kB
Bounce:                0 kB
WritebackTmp:          0 kB
CommitLimit:     1978804 kB
Committed_AS:    6879408 kB
VmallocTotal:   34359738367 kB
VmallocUsed:           0 kB
VmallocChunk:          0 kB
HardwareCorrupted:     0 kB
AnonHugePages:    311296 kB
ShmemHugePages:        0 kB
ShmemPmdMapped:        0 kB
CmaTotal:              0 kB
CmaFree:               0 kB
HugePages_Total:       0
HugePages_Free:        0
HugePages_Rsvd:        0
HugePages_Surp:        0
Hugepagesize:       2048 kB
DirectMap4k:      174480 kB
DirectMap2M:     3932160 kB
DirectMap1G:     1048576 kB


CPU:total 4 (2 cores per cpu, 2 threads per core) family 6 model 78 stepping 3, cmov, cx8, fxsr, mmx, sse, sse2, sse3, ssse3, sse4.1, sse4.2, popcnt, avx, avx2, aes, clmul, erms, 3dnowpref, lzcnt, ht, tsc, tscinvbit, bmi1, bmi2, adx

/proc/cpuinfo:
processor	: 0
vendor_id	: GenuineIntel
cpu family	: 6
model		: 78
model name	: Intel(R) Core(TM) i5-6200U CPU @ 2.30GHz
stepping	: 3
microcode	: 0x5c
cpu MHz		: 2700.000
cache size	: 3072 KB
physical id	: 0
siblings	: 4
core id		: 0
cpu cores	: 2
apicid		: 0
initial apicid	: 0
fpu		: yes
fpu_exception	: yes
cpuid level	: 22
wp		: yes
flags		: fpu vme de pse tsc msr pae mce cx8 apic sep mtrr pge mca cmov pat pse36 clflush dts acpi mmx fxsr sse sse2 ss ht tm pbe syscall nx pdpe1gb rdtscp lm constant_tsc art arch_perfmon pebs bts rep_good nopl xtopology nonstop_tsc aperfmperf eagerfpu pni pclmulqdq dtes64 monitor ds_cpl vmx est tm2 ssse3 sdbg fma cx16 xtpr pdcm pcid sse4_1 sse4_2 x2apic movbe popcnt tsc_deadline_timer aes xsave avx f16c rdrand lahf_lm abm 3dnowprefetch epb intel_pt tpr_shadow vnmi flexpriority ept vpid fsgsbase tsc_adjust bmi1 avx2 smep bmi2 erms invpcid mpx rdseed adx smap clflushopt xsaveopt xsavec xgetbv1 xsaves dtherm ida arat pln pts hwp hwp_notify hwp_act_window hwp_epp
bugs		:
bogomips	: 4800.00
clflush size	: 64
cache_alignment	: 64
address sizes	: 39 bits physical, 48 bits virtual
power management:

processor	: 1
vendor_id	: GenuineIntel
cpu family	: 6
model		: 78
model name	: Intel(R) Core(TM) i5-6200U CPU @ 2.30GHz
stepping	: 3
microcode	: 0x5c
cpu MHz		: 2700.000
cache size	: 3072 KB
physical id	: 0
siblings	: 4
core id		: 1
cpu cores	: 2
apicid		: 2
initial apicid	: 2
fpu		: yes
fpu_exception	: yes
cpuid level	: 22
wp		: yes
flags		: fpu vme de pse tsc msr pae mce cx8 apic sep mtrr pge mca cmov pat pse36 clflush dts acpi mmx fxsr sse sse2 ss ht tm pbe syscall nx pdpe1gb rdtscp lm constant_tsc art arch_perfmon pebs bts rep_good nopl xtopology nonstop_tsc aperfmperf eagerfpu pni pclmulqdq dtes64 monitor ds_cpl vmx est tm2 ssse3 sdbg fma cx16 xtpr pdcm pcid sse4_1 sse4_2 x2apic movbe popcnt tsc_deadline_timer aes xsave avx f16c rdrand lahf_lm abm 3dnowprefetch epb intel_pt tpr_shadow vnmi flexpriority ept vpid fsgsbase tsc_adjust bmi1 avx2 smep bmi2 erms invpcid mpx rdseed adx smap clflushopt xsaveopt xsavec xgetbv1 xsaves dtherm ida arat pln pts hwp hwp_notify hwp_act_window hwp_epp
bugs		:
bogomips	: 4800.00
clflush size	: 64
cache_alignment	: 64
address sizes	: 39 bits physical, 48 bits virtual
power management:

processor	: 2
vendor_id	: GenuineIntel
cpu family	: 6
model		: 78
model name	: Intel(R) Core(TM) i5-6200U CPU @ 2.30GHz
stepping	: 3
microcode	: 0x5c
cpu MHz		: 2700.000
cache size	: 3072 KB
physical id	: 0
siblings	: 4
core id		: 0
cpu cores	: 2
apicid		: 1
initial apicid	: 1
fpu		: yes
fpu_exception	: yes
cpuid level	: 22
wp		: yes
flags		: fpu vme de pse tsc msr pae mce cx8 apic sep mtrr pge mca cmov pat pse36 clflush dts acpi mmx fxsr sse sse2 ss ht tm pbe syscall nx pdpe1gb rdtscp lm constant_tsc art arch_perfmon pebs bts rep_good nopl xtopology nonstop_tsc aperfmperf eagerfpu pni pclmulqdq dtes64 monitor ds_cpl vmx est tm2 ssse3 sdbg fma cx16 xtpr pdcm pcid sse4_1 sse4_2 x2apic movbe popcnt tsc_deadline_timer aes xsave avx f16c rdrand lahf_lm abm 3dnowprefetch epb intel_pt tpr_shadow vnmi flexpriority ept vpid fsgsbase tsc_adjust bmi1 avx2 smep bmi2 erms invpcid mpx rdseed adx smap clflushopt xsaveopt xsavec xgetbv1 xsaves dtherm ida arat pln pts hwp hwp_notify hwp_act_window hwp_epp
bugs		:
bogomips	: 4800.00
clflush size	: 64
cache_alignment	: 64
address sizes	: 39 bits physical, 48 bits virtual
power management:

processor	: 3
vendor_id	: GenuineIntel
cpu family	: 6
model		: 78
model name	: Intel(R) Core(TM) i5-6200U CPU @ 2.30GHz
stepping	: 3
microcode	: 0x5c
cpu MHz		: 2699.853
cache size	: 3072 KB
physical id	: 0
siblings	: 4
core id		: 1
cpu cores	: 2
apicid		: 3
initial apicid	: 3
fpu		: yes
fpu_exception	: yes
cpuid level	: 22
wp		: yes
flags		: fpu vme de pse tsc msr pae mce cx8 apic sep mtrr pge mca cmov pat pse36 clflush dts acpi mmx fxsr sse sse2 ss ht tm pbe syscall nx pdpe1gb rdtscp lm constant_tsc art arch_perfmon pebs bts rep_good nopl xtopology nonstop_tsc aperfmperf eagerfpu pni pclmulqdq dtes64 monitor ds_cpl vmx est tm2 ssse3 sdbg fma cx16 xtpr pdcm pcid sse4_1 sse4_2 x2apic movbe popcnt tsc_deadline_timer aes xsave avx f16c rdrand lahf_lm abm 3dnowprefetch epb intel_pt tpr_shadow vnmi flexpriority ept vpid fsgsbase tsc_adjust bmi1 avx2 smep bmi2 erms invpcid mpx rdseed adx smap clflushopt xsaveopt xsavec xgetbv1 xsaves dtherm ida arat pln pts hwp hwp_notify hwp_act_window hwp_epp
bugs		:
bogomips	: 4800.00
clflush size	: 64
cache_alignment	: 64
address sizes	: 39 bits physical, 48 bits virtual
power management:



Memory: 4k page, physical 3957612k(108036k free), swap 0k(0k free)

vm_info: OpenJDK 64-Bit Server VM (25.121-b13) for linux-amd64 JRE (1.8.0_121-8u121-b13-0ubuntu1.16.10.2-b13), built on Jan 23 2017 11:22:24 by "buildd" with gcc 6.2.0 20161005

time: Mon Apr 17 07:56:44 2017
elapsed time: 3 seconds (0d 0h 0m 3s)

