#
# There is insufficient memory for the Java Runtime Environment to continue.
# Native memory allocation (mmap) failed to map 63438848 bytes for committing reserved memory.
# Possible reasons:
#   The system is out of physical RAM or swap space
#   In 32 bit mode, the process size limit was hit
# Possible solutions:
#   Reduce memory load on the system
#   Increase physical memory or swap space
#   Check if swap backing store is full
#   Use 64 bit Java on a 64 bit OS
#   Decrease Java heap size (-Xmx/-Xms)
#   Decrease number of Java threads
#   Decrease Java thread stack sizes (-Xss)
#   Set larger code cache with -XX:ReservedCodeCacheSize=
# This output file may be truncated or incomplete.
#
#  Out of Memory Error (os_linux.cpp:2630), pid=7957, tid=0x00007f0718ad9700
#
# JRE version: OpenJDK Runtime Environment (8.0_121-b13) (build 1.8.0_121-8u121-b13-0ubuntu1.16.10.2-b13)
# Java VM: OpenJDK 64-Bit Server VM (25.121-b13 mixed mode linux-amd64 compressed oops)
# Failed to write core dump. Core dumps have been disabled. To enable core dumping, try "ulimit -c unlimited" before starting Java again
#

---------------  T H R E A D  ---------------

Current thread (0x00007f0728077800):  VMThread [stack: 0x00007f07189d9000,0x00007f0718ada000] [id=7988]

Stack: [0x00007f07189d9000,0x00007f0718ada000],  sp=0x00007f0718ad8510,  free space=1021k
Native frames: (J=compiled Java code, j=interpreted, Vv=VM code, C=native code)
V  [libjvm.so+0xa6be70]  VMError::report_and_die()+0x160
V  [libjvm.so+0x4c52fc]  report_vm_out_of_memory(char const*, int, unsigned long, VMErrorType, char const*)+0xac
V  [libjvm.so+0x8babe0]  os::pd_commit_memory(char*, unsigned long, unsigned long, bool)+0xf0
V  [libjvm.so+0x8b526e]  os::commit_memory(char*, unsigned long, unsigned long, bool)+0x2e
V  [libjvm.so+0x92fc6e]  PSVirtualSpace::expand_by(unsigned long)+0x4e
V  [libjvm.so+0x930ff3]  PSYoungGen::resize(unsigned long, unsigned long)+0x103
V  [libjvm.so+0x92d643]  PSScavenge::invoke_no_policy()+0x1503
V  [libjvm.so+0x926349]  PSParallelCompact::invoke(bool)+0x49
V  [libjvm.so+0xa6d9d5]  VM_ParallelGCSystemGC::doit()+0xa5
V  [libjvm.so+0xa72c57]  VM_Operation::evaluate()+0x47
V  [libjvm.so+0xa703e7]  VMThread::evaluate_operation(VM_Operation*) [clone .constprop.30]+0xe7
V  [libjvm.so+0xa71866]  VMThread::loop()+0x246
V  [libjvm.so+0xa71d61]  VMThread::run()+0x81
V  [libjvm.so+0x8b8172]  java_start(Thread*)+0xf2

VM_Operation (0x00007f0731857a60): ParallelGCSystemGC, mode: safepoint, requested by thread 0x00007f072800a000


---------------  P R O C E S S  ---------------

Java Threads: ( => current thread )
  0x00007f07280d9000 JavaThread "Service Thread" daemon [_thread_blocked, id=7995, stack(0x00007f0711ebd000,0x00007f0711fbe000)]
  0x00007f07280b1800 JavaThread "C1 CompilerThread2" daemon [_thread_blocked, id=7994, stack(0x00007f0711fbe000,0x00007f07120bf000)]
  0x00007f07280b0000 JavaThread "C2 CompilerThread1" daemon [_thread_blocked, id=7993, stack(0x00007f07120bf000,0x00007f07121c0000)]
  0x00007f07280ad000 JavaThread "C2 CompilerThread0" daemon [_thread_blocked, id=7992, stack(0x00007f0718087000,0x00007f0718188000)]
  0x00007f07280ab000 JavaThread "Signal Dispatcher" daemon [_thread_blocked, id=7991, stack(0x00007f0718188000,0x00007f0718289000)]
  0x00007f0728083800 JavaThread "Finalizer" daemon [_thread_blocked, id=7990, stack(0x00007f07187d7000,0x00007f07188d8000)]
  0x00007f072807f000 JavaThread "Reference Handler" daemon [_thread_blocked, id=7989, stack(0x00007f07188d8000,0x00007f07189d9000)]
  0x00007f072800a000 JavaThread "main" [_thread_blocked, id=7983, stack(0x00007f0731759000,0x00007f073185a000)]

Other Threads:
=>0x00007f0728077800 VMThread [stack: 0x00007f07189d9000,0x00007f0718ada000] [id=7988]
  0x00007f07280db800 WatcherThread [stack: 0x00007f0711dbc000,0x00007f0711ebd000] [id=7996]

VM state:at safepoint (normal execution)

VM Mutex/Monitor currently owned by a thread:  ([mutex/lock_event])
[0x00007f0728006450] Threads_lock - owner thread: 0x00007f0728077800
[0x00007f0728006950] Heap_lock - owner thread: 0x00007f072800a000

Heap:
 PSYoungGen      total 134144K, used 5639K [0x00000000ebd80000, 0x00000000f4880000, 0x0000000100000000)
  eden space 125952K, 0% used [0x00000000ebd80000,0x00000000ebd80000,0x00000000f3880000)
  from space 8192K, 68% used [0x00000000f3880000,0x00000000f3e01d98,0x00000000f4080000)
  to   space 8192K, 0% used [0x00000000f4080000,0x00000000f4080000,0x00000000f4880000)
 ParOldGen       total 30208K, used 8276K [0x00000000c3800000, 0x00000000c5580000, 0x00000000ebd80000)
  object space 30208K, 27% used [0x00000000c3800000,0x00000000c40152e0,0x00000000c5580000)
 Metaspace       used 22942K, capacity 23488K, committed 23600K, reserved 1071104K
  class space    used 2705K, capacity 2842K, committed 2864K, reserved 1048576K

Card table byte_map: [0x00007f072dc22000,0x00007f072de07000] byte_map_base: 0x00007f072d606000

Marking Bits: (ParMarkBitMap*) 0x00007f0730a24220
 Begin Bits: [0x00007f07121c0000, 0x00007f07130e0000)
 End Bits:   [0x00007f07130e0000, 0x00007f0714000000)

Polling page: 0x00007f0731873000

CodeCache: size=245760Kb used=10327Kb max_used=10363Kb free=235432Kb
 bounds [0x00007f0719000000, 0x00007f0719a30000, 0x00007f0728000000]
 total_blobs=3788 nmethods=3414 adapters=288
 compilation: enabled

Compilation events (10 events):
Event: 3,650 Thread 0x00007f07280b0000 3420       4       java.util.regex.Pattern$Single::isSatisfiedBy (14 bytes)
Event: 3,650 Thread 0x00007f07280b0000 nmethod 3420 0x00007f0719a005d0 code [0x00007f0719a00720, 0x00007f0719a00798]
Event: 3,650 Thread 0x00007f07280b0000 3415       4       java.util.LinkedHashMap$LinkedHashIterator::nextNode (54 bytes)
Event: 3,651 Thread 0x00007f07280b0000 nmethod 3415 0x00007f0719a03250 code [0x00007f0719a033a0, 0x00007f0719a03478]
Event: 3,651 Thread 0x00007f07280b0000 3071       4       com.sun.tools.javac.util.Name$Table::hashValue (36 bytes)
Event: 3,652 Thread 0x00007f07280b0000 nmethod 3071 0x00007f0719a02f10 code [0x00007f0719a03060, 0x00007f0719a03198]
Event: 3,652 Thread 0x00007f07280b0000 3098       4       com.sun.tools.javac.jvm.ClassReader::nextChar (46 bytes)
Event: 3,653 Thread 0x00007f07280b0000 nmethod 3098 0x00007f0719a02c10 code [0x00007f0719a02d60, 0x00007f0719a02e58]
Event: 3,653 Thread 0x00007f07280b0000 3151       4       com.sun.tools.javac.util.List::nonEmpty (13 bytes)
Event: 3,653 Thread 0x00007f07280b0000 nmethod 3151 0x00007f0719a029d0 code [0x00007f0719a02b20, 0x00007f0719a02b98]

GC Heap History (10 events):
Event: 1,557 GC heap after
Heap after GC invocations=5 (full 0):
 PSYoungGen      total 34304K, used 2528K [0x00000000ebd80000, 0x00000000f0780000, 0x0000000100000000)
  eden space 31744K, 0% used [0x00000000ebd80000,0x00000000ebd80000,0x00000000edc80000)
  from space 2560K, 98% used [0x00000000edc80000,0x00000000edef8020,0x00000000edf00000)
  to   space 6144K, 0% used [0x00000000f0180000,0x00000000f0180000,0x00000000f0780000)
 ParOldGen       total 42496K, used 6516K [0x00000000c3800000, 0x00000000c6180000, 0x00000000ebd80000)
  object space 42496K, 15% used [0x00000000c3800000,0x00000000c3e5d0f8,0x00000000c6180000)
 Metaspace       used 13677K, capacity 13798K, committed 14080K, reserved 1060864K
  class space    used 1672K, capacity 1737K, committed 1792K, reserved 1048576K
}
Event: 2,063 GC heap before
{Heap before GC invocations=6 (full 0):
 PSYoungGen      total 34304K, used 34272K [0x00000000ebd80000, 0x00000000f0780000, 0x0000000100000000)
  eden space 31744K, 100% used [0x00000000ebd80000,0x00000000edc80000,0x00000000edc80000)
  from space 2560K, 98% used [0x00000000edc80000,0x00000000edef8020,0x00000000edf00000)
  to   space 6144K, 0% used [0x00000000f0180000,0x00000000f0180000,0x00000000f0780000)
 ParOldGen       total 42496K, used 6516K [0x00000000c3800000, 0x00000000c6180000, 0x00000000ebd80000)
  object space 42496K, 15% used [0x00000000c3800000,0x00000000c3e5d0f8,0x00000000c6180000)
 Metaspace       used 16175K, capacity 16446K, committed 16640K, reserved 1064960K
  class space    used 1919K, capacity 2012K, committed 2048K, reserved 1048576K
Event: 2,077 GC heap after
Heap after GC invocations=6 (full 0):
 PSYoungGen      total 69120K, used 5791K [0x00000000ebd80000, 0x00000000f0880000, 0x0000000100000000)
  eden space 62976K, 0% used [0x00000000ebd80000,0x00000000ebd80000,0x00000000efb00000)
  from space 6144K, 94% used [0x00000000f0180000,0x00000000f0727e68,0x00000000f0780000)
  to   space 6656K, 0% used [0x00000000efb00000,0x00000000efb00000,0x00000000f0180000)
 ParOldGen       total 42496K, used 6524K [0x00000000c3800000, 0x00000000c6180000, 0x00000000ebd80000)
  object space 42496K, 15% used [0x00000000c3800000,0x00000000c3e5f0f8,0x00000000c6180000)
 Metaspace       used 16175K, capacity 16446K, committed 16640K, reserved 1064960K
  class space    used 1919K, capacity 2012K, committed 2048K, reserved 1048576K
}
Event: 2,985 GC heap before
{Heap before GC invocations=7 (full 0):
 PSYoungGen      total 69120K, used 68767K [0x00000000ebd80000, 0x00000000f0880000, 0x0000000100000000)
  eden space 62976K, 100% used [0x00000000ebd80000,0x00000000efb00000,0x00000000efb00000)
  from space 6144K, 94% used [0x00000000f0180000,0x00000000f0727e68,0x00000000f0780000)
  to   space 6656K, 0% used [0x00000000efb00000,0x00000000efb00000,0x00000000f0180000)
 ParOldGen       total 42496K, used 6524K [0x00000000c3800000, 0x00000000c6180000, 0x00000000ebd80000)
  object space 42496K, 15% used [0x00000000c3800000,0x00000000c3e5f0f8,0x00000000c6180000)
 Metaspace       used 20318K, capacity 20896K, committed 20992K, reserved 1067008K
  class space    used 2425K, capacity 2554K, committed 2560K, reserved 1048576K
Event: 3,016 GC heap after
Heap after GC invocations=7 (full 0):
 PSYoungGen      total 69632K, used 6652K [0x00000000ebd80000, 0x00000000f4880000, 0x0000000100000000)
  eden space 62976K, 0% used [0x00000000ebd80000,0x00000000ebd80000,0x00000000efb00000)
  from space 6656K, 99% used [0x00000000efb00000,0x00000000f017f080,0x00000000f0180000)
  to   space 8192K, 0% used [0x00000000f4080000,0x00000000f4080000,0x00000000f4880000)
 ParOldGen       total 42496K, used 8120K [0x00000000c3800000, 0x00000000c6180000, 0x00000000ebd80000)
  object space 42496K, 19% used [0x00000000c3800000,0x00000000c3fee120,0x00000000c6180000)
 Metaspace       used 20318K, capacity 20896K, committed 20992K, reserved 1067008K
  class space    used 2425K, capacity 2554K, committed 2560K, reserved 1048576K
}
Event: 3,040 GC heap before
{Heap before GC invocations=8 (full 0):
 PSYoungGen      total 69632K, used 9289K [0x00000000ebd80000, 0x00000000f4880000, 0x0000000100000000)
  eden space 62976K, 4% used [0x00000000ebd80000,0x00000000ec0135c0,0x00000000efb00000)
  from space 6656K, 99% used [0x00000000efb00000,0x00000000f017f080,0x00000000f0180000)
  to   space 8192K, 0% used [0x00000000f4080000,0x00000000f4080000,0x00000000f4880000)
 ParOldGen       total 42496K, used 8120K [0x00000000c3800000, 0x00000000c6180000, 0x00000000ebd80000)
  object space 42496K, 19% used [0x00000000c3800000,0x00000000c3fee120,0x00000000c6180000)
 Metaspace       used 20690K, capacity 21184K, committed 21296K, reserved 1069056K
  class space    used 2474K, capacity 2586K, committed 2608K, reserved 1048576K
Event: 3,052 GC heap after
Heap after GC invocations=8 (full 0):
 PSYoungGen      total 134144K, used 5584K [0x00000000ebd80000, 0x00000000f4880000, 0x0000000100000000)
  eden space 125952K, 0% used [0x00000000ebd80000,0x00000000ebd80000,0x00000000f3880000)
  from space 8192K, 68% used [0x00000000f4080000,0x00000000f45f4030,0x00000000f4880000)
  to   space 8192K, 0% used [0x00000000f3880000,0x00000000f3880000,0x00000000f4080000)
 ParOldGen       total 42496K, used 8770K [0x00000000c3800000, 0x00000000c6180000, 0x00000000ebd80000)
  object space 42496K, 20% used [0x00000000c3800000,0x00000000c4090950,0x00000000c6180000)
 Metaspace       used 20690K, capacity 21184K, committed 21296K, reserved 1069056K
  class space    used 2474K, capacity 2586K, committed 2608K, reserved 1048576K
}
Event: 3,052 GC heap before
{Heap before GC invocations=9 (full 1):
 PSYoungGen      total 134144K, used 5584K [0x00000000ebd80000, 0x00000000f4880000, 0x0000000100000000)
  eden space 125952K, 0% used [0x00000000ebd80000,0x00000000ebd80000,0x00000000f3880000)
  from space 8192K, 68% used [0x00000000f4080000,0x00000000f45f4030,0x00000000f4880000)
  to   space 8192K, 0% used [0x00000000f3880000,0x00000000f3880000,0x00000000f4080000)
 ParOldGen       total 42496K, used 8770K [0x00000000c3800000, 0x00000000c6180000, 0x00000000ebd80000)
  object space 42496K, 20% used [0x00000000c3800000,0x00000000c4090950,0x00000000c6180000)
 Metaspace       used 20690K, capacity 21184K, committed 21296K, reserved 1069056K
  class space    used 2474K, capacity 2586K, committed 2608K, reserved 1048576K
Event: 3,123 GC heap after
Heap after GC invocations=9 (full 1):
 PSYoungGen      total 134144K, used 0K [0x00000000ebd80000, 0x00000000f4880000, 0x0000000100000000)
  eden space 125952K, 0% used [0x00000000ebd80000,0x00000000ebd80000,0x00000000f3880000)
  from space 8192K, 0% used [0x00000000f4080000,0x00000000f4080000,0x00000000f4880000)
  to   space 8192K, 0% used [0x00000000f3880000,0x00000000f3880000,0x00000000f4080000)
 ParOldGen       total 30208K, used 8268K [0x00000000c3800000, 0x00000000c5580000, 0x00000000ebd80000)
  object space 30208K, 27% used [0x00000000c3800000,0x00000000c40132e0,0x00000000c5580000)
 Metaspace       used 20690K, capacity 21184K, committed 21296K, reserved 1069056K
  class space    used 2474K, capacity 2586K, committed 2608K, reserved 1048576K
}
Event: 3,656 GC heap before
{Heap before GC invocations=10 (full 1):
 PSYoungGen      total 134144K, used 25188K [0x00000000ebd80000, 0x00000000f4880000, 0x0000000100000000)
  eden space 125952K, 19% used [0x00000000ebd80000,0x00000000ed6190c0,0x00000000f3880000)
  from space 8192K, 0% used [0x00000000f4080000,0x00000000f4080000,0x00000000f4880000)
  to   space 8192K, 0% used [0x00000000f3880000,0x00000000f3880000,0x00000000f4080000)
 ParOldGen       total 30208K, used 8268K [0x00000000c3800000, 0x00000000c5580000, 0x00000000ebd80000)
  object space 30208K, 27% used [0x00000000c3800000,0x00000000c40132e0,0x00000000c5580000)
 Metaspace       used 22942K, capacity 23488K, committed 23600K, reserved 1071104K
  class space    used 2705K, capacity 2842K, committed 2864K, reserved 1048576K

Deoptimization events (10 events):
Event: 1,910 Thread 0x00007f072800a000 Uncommon trap: reason=unstable_if action=reinterpret pc=0x00007f07193a0368 method=java.util.HashMap.hash(Ljava/lang/Object;)I @ 1
Event: 1,962 Thread 0x00007f072800a000 Uncommon trap: reason=unstable_if action=reinterpret pc=0x00007f0719693eb4 method=org.codehaus.plexus.util.xml.pull.MXParser.nextImpl()I @ 972
Event: 2,033 Thread 0x00007f072800a000 Uncommon trap: reason=unstable_if action=reinterpret pc=0x00007f0719371954 method=java.util.HashMap.getNode(ILjava/lang/Object;)Ljava/util/HashMap$Node; @ 53
Event: 2,206 Thread 0x00007f072800a000 Uncommon trap: reason=unstable_if action=reinterpret pc=0x00007f071971bae8 method=org.codehaus.plexus.util.xml.pull.MXParser.nextImpl()I @ 306
Event: 2,323 Thread 0x00007f072800a000 Uncommon trap: reason=bimorphic action=maybe_recompile pc=0x00007f071976aa40 method=java.util.regex.Pattern$CharProperty.match(Ljava/util/regex/Matcher;ILjava/lang/CharSequence;)Z @ 37
Event: 2,393 Thread 0x00007f072800a000 Uncommon trap: reason=null_check action=make_not_entrant pc=0x00007f071978057c method=org.apache.maven.model.io.xpp3.MavenXpp3Reader.checkFieldWithDuplicate(Lorg/codehaus/plexus/util/xml/pull/XmlPullParser;Ljava/lang/String;Ljava/lang/String;Ljava/util/Se
Event: 2,693 Thread 0x00007f072800a000 Uncommon trap: reason=bimorphic action=maybe_recompile pc=0x00007f071976aa40 method=java.util.regex.Pattern$CharProperty.match(Ljava/util/regex/Matcher;ILjava/lang/CharSequence;)Z @ 37
Event: 2,748 Thread 0x00007f072800a000 Uncommon trap: reason=predicate action=maybe_recompile pc=0x00007f0719889798 method=sun.misc.Resource.getBytes()[B @ 53
Event: 3,403 Thread 0x00007f072800a000 Uncommon trap: reason=bimorphic action=maybe_recompile pc=0x00007f071976aa40 method=java.util.regex.Pattern$CharProperty.match(Ljava/util/regex/Matcher;ILjava/lang/CharSequence;)Z @ 37
Event: 3,409 Thread 0x00007f072800a000 Uncommon trap: reason=bimorphic action=maybe_recompile pc=0x00007f071976aa40 method=java.util.regex.Pattern$CharProperty.match(Ljava/util/regex/Matcher;ILjava/lang/CharSequence;)Z @ 37

Internal exceptions (10 events):
Event: 1,724 Thread 0x00007f072800a000 Exception <a 'java/lang/NullPointerException'> (0x00000000ec67a4f8) thrown at [/build/openjdk-8-AbQ17_/openjdk-8-8u121-b13/src/hotspot/src/share/vm/interpreter/linkResolver.cpp, line 1178]
Event: 1,724 Thread 0x00007f072800a000 Exception <a 'java/lang/NullPointerException'> (0x00000000ec67a710) thrown at [/build/openjdk-8-AbQ17_/openjdk-8-8u121-b13/src/hotspot/src/share/vm/interpreter/linkResolver.cpp, line 1178]
Event: 1,724 Thread 0x00007f072800a000 Exception <a 'java/lang/NullPointerException'> (0x00000000ec67a928) thrown at [/build/openjdk-8-AbQ17_/openjdk-8-8u121-b13/src/hotspot/src/share/vm/interpreter/linkResolver.cpp, line 1178]
Event: 1,910 Thread 0x00007f072800a000 Implicit null exception at 0x00007f0719379375 to 0x00007f071937957d
Event: 1,910 Thread 0x00007f072800a000 Implicit null exception at 0x00007f07193a02ef to 0x00007f07193a0359
Event: 2,393 Thread 0x00007f072800a000 Implicit null exception at 0x00007f071977fa49 to 0x00007f0719780561
Event: 2,745 Thread 0x00007f072800a000 Exception <a 'java/lang/ClassNotFoundException': com/sun/tools/javac/api/JavacTool> (0x00000000ef13fa68) thrown at [/build/openjdk-8-AbQ17_/openjdk-8-8u121-b13/src/hotspot/src/share/vm/classfile/systemDictionary.cpp, line 210]
Event: 3,279 Thread 0x00007f072800a000 Exception <a 'java/io/FileNotFoundException'> (0x00000000ec4f9130) thrown at [/build/openjdk-8-AbQ17_/openjdk-8-8u121-b13/src/hotspot/src/share/vm/prims/jni.cpp, line 709]
Event: 3,282 Thread 0x00007f072800a000 Exception <a 'java/io/FileNotFoundException'> (0x00000000ec51f368) thrown at [/build/openjdk-8-AbQ17_/openjdk-8-8u121-b13/src/hotspot/src/share/vm/prims/jni.cpp, line 709]
Event: 3,282 Thread 0x00007f072800a000 Exception <a 'java/io/FileNotFoundException'> (0x00000000ec520050) thrown at [/build/openjdk-8-AbQ17_/openjdk-8-8u121-b13/src/hotspot/src/share/vm/prims/jni.cpp, line 709]

Events (10 events):
Event: 3,637 loading class org/apache/maven/shared/utils/io/DirectoryScanResult done
Event: 3,642 loading class org/apache/maven/shared/utils/io/IOUtil
Event: 3,642 loading class org/apache/maven/shared/utils/io/IOUtil done
Event: 3,642 loading class org/apache/maven/shared/utils/io/IOUtil
Event: 3,642 loading class org/apache/maven/shared/utils/io/IOUtil done
Event: 3,646 loading class java/lang/Character$CharacterCache
Event: 3,648 loading class java/lang/Character$CharacterCache done
Event: 3,649 loading class java/util/Formatter$DateTime
Event: 3,649 loading class java/util/Formatter$DateTime done
Event: 3,655 Executing VM operation: ParallelGCSystemGC


Dynamic libraries:
c3800000-c5580000 rw-p 00000000 00:00 0 
c5580000-ebd80000 ---p 00000000 00:00 0 
ebd80000-f4880000 rw-p 00000000 00:00 0 
f8500000-100000000 ---p 00000000 00:00 0 
100000000-1002cc000 rw-p 00000000 00:00 0 
1002cc000-140000000 ---p 00000000 00:00 0 
55bdc2704000-55bdc2705000 r-xp 00000000 08:04 2623559                    /usr/lib/jvm/java-8-openjdk-amd64/jre/bin/java
55bdc2904000-55bdc2905000 r--p 00000000 08:04 2623559                    /usr/lib/jvm/java-8-openjdk-amd64/jre/bin/java
55bdc2905000-55bdc2906000 rw-p 00001000 08:04 2623559                    /usr/lib/jvm/java-8-openjdk-amd64/jre/bin/java
55bdc340d000-55bdc342e000 rw-p 00000000 00:00 0                          [heap]
7f06dc000000-7f06dc021000 rw-p 00000000 00:00 0 
7f06dc021000-7f06e0000000 ---p 00000000 00:00 0 
7f06e0000000-7f06e0021000 rw-p 00000000 00:00 0 
7f06e0021000-7f06e4000000 ---p 00000000 00:00 0 
7f06e4000000-7f06e5cb3000 rw-p 00000000 00:00 0 
7f06e5cb3000-7f06e8000000 ---p 00000000 00:00 0 
7f06e8000000-7f06e967b000 rw-p 00000000 00:00 0 
7f06e967b000-7f06ec000000 ---p 00000000 00:00 0 
7f06ec000000-7f06ec021000 rw-p 00000000 00:00 0 
7f06ec021000-7f06f0000000 ---p 00000000 00:00 0 
7f06f0000000-7f06f1564000 rw-p 00000000 00:00 0 
7f06f1564000-7f06f4000000 ---p 00000000 00:00 0 
7f06f4000000-7f06f4021000 rw-p 00000000 00:00 0 
7f06f4021000-7f06f8000000 ---p 00000000 00:00 0 
7f06f8000000-7f06f8021000 rw-p 00000000 00:00 0 
7f06f8021000-7f06fc000000 ---p 00000000 00:00 0 
7f06fc000000-7f06fc021000 rw-p 00000000 00:00 0 
7f06fc021000-7f0700000000 ---p 00000000 00:00 0 
7f0700000000-7f0700276000 rw-p 00000000 00:00 0 
7f0700276000-7f0704000000 ---p 00000000 00:00 0 
7f0704000000-7f0704021000 rw-p 00000000 00:00 0 
7f0704021000-7f0708000000 ---p 00000000 00:00 0 
7f070c000000-7f070c021000 rw-p 00000000 00:00 0 
7f070c021000-7f0710000000 ---p 00000000 00:00 0 
7f07105c5000-7f0710605000 rw-p 00000000 00:00 0 
7f0710605000-7f07107c5000 ---p 00000000 00:00 0 
7f07107c5000-7f07109c5000 rw-p 00000000 00:00 0 
7f07109c5000-7f0710bc5000 rw-p 00000000 00:00 0 
7f0710bc5000-7f0710bc7000 r--s 0000d000 08:04 1052085                    /home/erickvelasco11/.m2/repository/org/codehaus/plexus/plexus-interpolation/1.13/plexus-interpolation-1.13.jar
7f0710bc7000-7f0710bc8000 r--s 00001000 08:04 1052032                    /home/erickvelasco11/.m2/repository/org/sonatype/plexus/plexus-build-api/0.0.4/plexus-build-api-0.0.4.jar
7f0710bc8000-7f0710bca000 r--s 00009000 08:04 1052083                    /home/erickvelasco11/.m2/repository/org/apache/maven/shared/maven-filtering/1.1/maven-filtering-1.1.jar
7f0710bca000-7f0710bce000 r--s 00033000 08:04 1052081                    /home/erickvelasco11/.m2/repository/org/codehaus/plexus/plexus-utils/2.0.5/plexus-utils-2.0.5.jar
7f0710bce000-7f0710bd1000 r--s 0001b000 08:04 661438                     /home/erickvelasco11/.m2/repository/junit/junit/3.8.1/junit-3.8.1.jar
7f0710bd1000-7f0710bd3000 r--s 00002000 08:04 792205                     /home/erickvelasco11/.m2/repository/org/codehaus/plexus/plexus-interactivity-api/1.0-alpha-4/plexus-interactivity-api-1.0-alpha-4.jar
7f0710bd3000-7f0710bd5000 r--s 00006000 08:04 927533                     /home/erickvelasco11/.m2/repository/commons-cli/commons-cli/1.0/commons-cli-1.0.jar
7f0710bd5000-7f0710bd6000 r--s 00001000 08:04 927526                     /home/erickvelasco11/.m2/repository/org/apache/maven/doxia/doxia-sink-api/1.0-alpha-7/doxia-sink-api-1.0-alpha-7.jar
7f0710bd6000-7f0710bd7000 r--s 00002000 08:04 927524                     /home/erickvelasco11/.m2/repository/org/apache/maven/reporting/maven-reporting-api/2.0.6/maven-reporting-api-2.0.6.jar
7f0710bd7000-7f0710bd9000 r--s 00006000 08:04 1052055                    /home/erickvelasco11/.m2/repository/org/apache/maven/plugins/maven-resources-plugin/2.6/maven-resources-plugin-2.6.jar
7f0710cf0000-7f0710cf7000 r--s 00000000 08:04 2630305                    /usr/lib/x86_64-linux-gnu/gconv/gconv-modules.cache
7f0710cf7000-7f0710d1c000 r--p 00000000 08:04 2762919                    /usr/share/locale-langpack/es/LC_MESSAGES/libc.mo
7f0710d5a000-7f0710dd3000 r--s 010fd000 08:04 2630405                    /usr/lib/jvm/java-8-openjdk-amd64/lib/tools.jar
7f0710dd3000-7f0710dd6000 r--s 0001b000 08:04 1182489                    /home/erickvelasco11/.m2/repository/junit/junit/3.8.2/junit-3.8.2.jar
7f0710dd6000-7f0710de4000 r--s 0008f000 08:04 1182486                    /home/erickvelasco11/.m2/repository/com/google/collections/google-collections/1.0/google-collections-1.0.jar
7f0710de4000-7f0710de5000 r--s 0000a000 08:04 1182484                    /home/erickvelasco11/.m2/repository/commons-logging/commons-logging-api/1.1/commons-logging-api-1.1.jar
7f0710de5000-7f0710dec000 r--s 00051000 08:04 1182482                    /home/erickvelasco11/.m2/repository/log4j/log4j/1.2.12/log4j-1.2.12.jar
7f0710dec000-7f0710df0000 r--s 0001d000 08:04 1182480                    /home/erickvelasco11/.m2/repository/org/apache/xbean/xbean-reflect/3.4/xbean-reflect-3.4.jar
7f0710df0000-7f0710df1000 r--s 00004000 08:04 1182710                    /home/erickvelasco11/.m2/repository/org/codehaus/plexus/plexus-compiler-javac/2.4/plexus-compiler-javac-2.4.jar
7f0710df1000-7f0710df3000 r--s 00000000 08:04 1182712                    /home/erickvelasco11/.m2/repository/org/codehaus/plexus/plexus-compiler-manager/2.4/plexus-compiler-manager-2.4.jar
7f0710df3000-7f0710df5000 r--s 00005000 08:04 1052293                    /home/erickvelasco11/.m2/repository/org/codehaus/plexus/plexus-compiler-api/2.4/plexus-compiler-api-2.4.jar
7f0710df5000-7f0710df7000 r--s 00000000 08:04 1052231                    /home/erickvelasco11/.m2/repository/org/codehaus/plexus/plexus-component-annotations/1.5.5/plexus-component-annotations-1.5.5.jar
7f0710df7000-7f0710df9000 r--s 00002000 08:04 1052230                    /home/erickvelasco11/.m2/repository/org/apache/maven/shared/maven-shared-incremental/1.1/maven-shared-incremental-1.1.jar
7f0710df9000-7f0710dfb000 r--s 00006000 08:04 792171                     /home/erickvelasco11/.m2/repository/com/google/code/findbugs/jsr305/2.0.1/jsr305-2.0.1.jar
7f0710dfb000-7f0710dfe000 r--s 00023000 08:04 1052228                    /home/erickvelasco11/.m2/repository/org/apache/maven/shared/maven-shared-utils/0.1/maven-shared-utils-0.1.jar
7f0710dfe000-7f0710e02000 r--s 00030000 08:04 1052198                    /home/erickvelasco11/.m2/repository/org/codehaus/plexus/plexus-utils/1.5.1/plexus-utils-1.5.1.jar
7f0710e02000-7f0710e04000 r--s 0000a000 08:04 1052283                    /home/erickvelasco11/.m2/repository/org/apache/maven/plugins/maven-compiler-plugin/3.2/maven-compiler-plugin-3.2.jar
7f0710e04000-7f0711004000 rw-p 00000000 00:00 0 
7f0711004000-7f0711015000 r-xp 00000000 08:04 2623598                    /usr/lib/jvm/java-8-openjdk-amd64/jre/lib/amd64/libnio.so
7f0711015000-7f0711215000 ---p 00011000 08:04 2623598                    /usr/lib/jvm/java-8-openjdk-amd64/jre/lib/amd64/libnio.so
7f0711215000-7f0711216000 r--p 00011000 08:04 2623598                    /usr/lib/jvm/java-8-openjdk-amd64/jre/lib/amd64/libnio.so
7f0711216000-7f0711217000 rw-p 00012000 08:04 2623598                    /usr/lib/jvm/java-8-openjdk-amd64/jre/lib/amd64/libnio.so
7f0711217000-7f0711518000 rw-p 00000000 00:00 0 
7f0711518000-7f071152f000 r-xp 00000000 08:04 2623597                    /usr/lib/jvm/java-8-openjdk-amd64/jre/lib/amd64/libnet.so
7f071152f000-7f071172e000 ---p 00017000 08:04 2623597                    /usr/lib/jvm/java-8-openjdk-amd64/jre/lib/amd64/libnet.so
7f071172e000-7f071172f000 r--p 00016000 08:04 2623597                    /usr/lib/jvm/java-8-openjdk-amd64/jre/lib/amd64/libnet.so
7f071172f000-7f0711730000 rw-p 00017000 08:04 2623597                    /usr/lib/jvm/java-8-openjdk-amd64/jre/lib/amd64/libnet.so
7f0711730000-7f0711734000 r--s 0009a000 08:04 2623642                    /usr/lib/jvm/java-8-openjdk-amd64/jre/lib/jsse.jar
7f0711734000-7f0711934000 rw-p 00000000 00:00 0 
7f0711934000-7f0711b34000 rw-p 00000000 00:00 0 
7f0711b34000-7f0711d34000 rw-p 00000000 00:00 0 
7f0711d34000-7f0711d41000 r--s 0008d000 08:04 2766332                    /usr/share/java/maven3-core-3.3.9.jar
7f0711d41000-7f0711d44000 r--s 0000a000 08:04 2766329                    /usr/share/java/maven3-artifact-3.3.9.jar
7f0711d44000-7f0711d46000 r--s 0000a000 08:04 2766330                    /usr/share/java/maven3-plugin-api-3.3.9.jar
7f0711d46000-7f0711d48000 r--s 00005000 08:04 2766139                    /usr/share/java/eclipse-aether-transport-wagon.jar
7f0711d48000-7f0711d4f000 r--s 00054000 08:04 2766300                    /usr/share/java/sisu-inject.jar
7f0711d4f000-7f0711d51000 r--s 00013000 08:04 2766328                    /usr/share/java/maven3-embedder-3.3.9.jar
7f0711d51000-7f0711d52000 r--s 00006000 08:04 2766234                    /usr/share/java/plexus-sec-dispatcher.jar
7f0711d52000-7f0711d59000 r--s 0005e000 08:04 2765965                    /usr/share/java/commons-lang3.jar
7f0711d59000-7f0711d5b000 r--s 0000a000 08:04 2765949                    /usr/share/java/commons-cli-1.3.1.jar
7f0711d5b000-7f0711d5d000 r--s 00002000 08:04 2766232                    /usr/share/java/plexus-cipher.jar
7f0711d5d000-7f0711d5f000 r--s 0000e000 08:04 2766010                    /usr/share/java/plexus-interpolation.jar
7f0711d5f000-7f0711d66000 r--s 0002c000 08:04 2766302                    /usr/share/java/sisu-plexus.jar
7f0711d66000-7f0711d67000 r--s 00006000 08:04 2766325                    /usr/share/java/maven3-repository-metadata-3.3.9.jar
7f0711d67000-7f0711d68000 r--s 00001000 08:04 2766309                    /usr/share/java/wagon-http-shared-2.x.jar
7f0711d68000-7f0711d6c000 r--s 00038000 08:04 2766284                    /usr/share/java/plexus-utils2.jar
7f0711d6c000-7f0711d71000 r--s 0001d000 08:04 2766140                    /usr/share/java/eclipse-aether-api.jar
7f0711d71000-7f0711d74000 r--s 00007000 08:04 2766324                    /usr/share/java/maven3-settings-builder-3.3.9.jar
7f0711d74000-7f0711d76000 r--s 00000000 08:04 2766278                    /usr/share/java/plexus-component-annotations-1.5.jar
7f0711d76000-7f0711d84000 r--s 00095000 08:04 2766157                    /usr/share/java/guice.jar
7f0711d84000-7f0711d86000 r--s 0000d000 08:04 2766321                    /usr/share/java/maven3-aether-provider-3.3.9.jar
7f0711d86000-7f0711d8b000 r--s 0002e000 08:04 2765961                    /usr/share/java/commons-io.jar
7f0711d8b000-7f0711d90000 r--s 00025000 08:04 2766322                    /usr/share/java/maven3-model-builder-3.3.9.jar
7f0711d90000-7f0711dbc000 r--s 00208000 08:04 2766071                    /usr/share/java/guava.jar
7f0711dbc000-7f0711dbd000 ---p 00000000 00:00 0 
7f0711dbd000-7f0711ebd000 rw-p 00000000 00:00 0 
7f0711ebd000-7f0711ec0000 ---p 00000000 00:00 0 
7f0711ec0000-7f0711fbe000 rw-p 00000000 00:00 0 
7f0711fbe000-7f0711fc1000 ---p 00000000 00:00 0 
7f0711fc1000-7f07120bf000 rw-p 00000000 00:00 0 
7f07120bf000-7f07120c2000 ---p 00000000 00:00 0 
7f07120c2000-7f0714000000 rw-p 00000000 00:00 0 
7f0714000000-7f0714021000 rw-p 00000000 00:00 0 
7f0714021000-7f0718000000 ---p 00000000 00:00 0 
7f0718000000-7f0718002000 r--s 00006000 08:04 2766138                    /usr/share/java/eclipse-aether-spi.jar
7f0718002000-7f0718003000 r--s 0000a000 08:04 2766327                    /usr/share/java/maven3-settings-3.3.9.jar
7f0718003000-7f0718009000 r--s 00048000 08:04 2766067                    /usr/share/java/jsoup.jar
7f0718009000-7f071800b000 r--s 00001000 08:04 2766331                    /usr/share/java/maven3-builder-support-3.3.9.jar
7f071800b000-7f071800d000 r--s 00001000 08:04 2766152                    /usr/share/java/aopalliance-1.0.jar
7f071800d000-7f0718011000 r--s 00027000 08:04 2766133                    /usr/share/java/eclipse-aether-impl.jar
7f0718011000-7f0718012000 r--s 00001000 08:04 2766304                    /usr/share/java/wagon-file-2.x.jar
7f0718012000-7f0718017000 r--s 00040000 08:04 2765963                    /usr/share/java/commons-lang-2.6.jar
7f0718017000-7f0718018000 r--s 00004000 08:04 2765882                    /usr/share/java/atinject-jsr330-tck-1.0.jar
7f0718018000-7f0718019000 r--s 00008000 08:04 2766136                    /usr/share/java/eclipse-aether-connector-basic.jar
7f0718019000-7f0718020000 r--s 00041000 08:04 2766326                    /usr/share/java/maven3-compat-3.3.9.jar
7f0718020000-7f0718051000 r--s 00212000 08:04 2766308                    /usr/share/java/wagon-http-shaded-2.x.jar
7f0718051000-7f071806c000 r--s 00394000 08:04 2623619                    /usr/lib/jvm/java-8-openjdk-amd64/jre/lib/ext/cldrdata.jar
7f071806c000-7f0718087000 r--s 001d6000 08:04 2623624                    /usr/lib/jvm/java-8-openjdk-amd64/jre/lib/ext/nashorn.jar
7f0718087000-7f071808a000 ---p 00000000 00:00 0 
7f071808a000-7f0718188000 rw-p 00000000 00:00 0 
7f0718188000-7f071818b000 ---p 00000000 00:00 0 
7f071818b000-7f0718289000 rw-p 00000000 00:00 0 
7f0718289000-7f07187d7000 r--p 00000000 08:04 2494007                    /usr/lib/locale/locale-archive
7f07187d7000-7f07187da000 ---p 00000000 00:00 0 
7f07187da000-7f07188d8000 rw-p 00000000 00:00 0 
7f07188d8000-7f07188db000 ---p 00000000 00:00 0 
7f07188db000-7f07189d9000 rw-p 00000000 00:00 0 
7f07189d9000-7f07189da000 ---p 00000000 00:00 0 
7f07189da000-7f0719000000 rw-p 00000000 00:00 0 
7f0719000000-7f0719a30000 rwxp 00000000 00:00 0 
7f0719a30000-7f0728000000 ---p 00000000 00:00 0 
7f0728000000-7f0728d32000 rw-p 00000000 00:00 0 
7f0728d32000-7f072c000000 ---p 00000000 00:00 0 
7f072c000000-7f072c001000 r--s 00002000 08:04 2766052                    /usr/share/java/slf4j-simple.jar
7f072c001000-7f072c003000 r--s 00027000 08:04 2766323                    /usr/share/java/maven3-model-3.3.9.jar
7f072c003000-7f072c007000 r--s 00020000 08:04 2766141                    /usr/share/java/eclipse-aether-util.jar
7f072c007000-7f072c009000 r--s 0000a000 08:04 2766310                    /usr/share/java/wagon-provider-api-2.x.jar
7f072c009000-7f072c00a000 r--s 00009000 08:04 2766046                    /usr/share/java/slf4j-api.jar
7f072c00a000-7f072c00b000 r--s 00000000 08:04 2765894                    /usr/share/java/geronimo-interceptor-3.0-spec-1.0.1.jar
7f072c00b000-7f072c00d000 r--s 00012000 08:04 2765903                    /usr/share/java/el-api-3.0.jar
7f072c00d000-7f072c010000 r--s 00008000 08:04 2765907                    /usr/share/java/cdi-api-1.0.jar
7f072c010000-7f072c01a000 r--s 00116000 08:04 2623623                    /usr/lib/jvm/java-8-openjdk-amd64/jre/lib/ext/localedata.jar
7f072c01a000-7f072cab3000 rw-p 00000000 00:00 0 
7f072cab3000-7f072cc81000 r--s 03c06000 08:04 2623648                    /usr/lib/jvm/java-8-openjdk-amd64/jre/lib/rt.jar
7f072cc81000-7f072d6db000 rw-p 00000000 00:00 0 
7f072d6db000-7f072d6dc000 ---p 00000000 00:00 0 
7f072d6dc000-7f072d7dc000 rw-p 00000000 00:00 0 
7f072d7dc000-7f072d7dd000 ---p 00000000 00:00 0 
7f072d7dd000-7f072d8dd000 rw-p 00000000 00:00 0 
7f072d8dd000-7f072d8de000 ---p 00000000 00:00 0 
7f072d8de000-7f072d9de000 rw-p 00000000 00:00 0 
7f072d9de000-7f072d9df000 ---p 00000000 00:00 0 
7f072d9df000-7f072daee000 rw-p 00000000 00:00 0 
7f072daee000-7f072dc22000 ---p 00000000 00:00 0 
7f072dc22000-7f072dc31000 rw-p 00000000 00:00 0 
7f072dc31000-7f072dd64000 ---p 00000000 00:00 0 
7f072dd64000-7f072ddab000 rw-p 00000000 00:00 0 
7f072ddab000-7f072de06000 ---p 00000000 00:00 0 
7f072de06000-7f072de30000 rw-p 00000000 00:00 0 
7f072de30000-7f072e1c7000 ---p 00000000 00:00 0 
7f072e1c7000-7f072e1cf000 r-xp 00000000 08:04 2623605                    /usr/lib/jvm/java-8-openjdk-amd64/jre/lib/amd64/libzip.so
7f072e1cf000-7f072e3ce000 ---p 00008000 08:04 2623605                    /usr/lib/jvm/java-8-openjdk-amd64/jre/lib/amd64/libzip.so
7f072e3ce000-7f072e3cf000 r--p 00007000 08:04 2623605                    /usr/lib/jvm/java-8-openjdk-amd64/jre/lib/amd64/libzip.so
7f072e3cf000-7f072e3d0000 rw-p 00008000 08:04 2623605                    /usr/lib/jvm/java-8-openjdk-amd64/jre/lib/amd64/libzip.so
7f072e3d0000-7f072e3db000 r-xp 00000000 08:04 3019875                    /lib/x86_64-linux-gnu/libnss_files-2.24.so
7f072e3db000-7f072e5da000 ---p 0000b000 08:04 3019875                    /lib/x86_64-linux-gnu/libnss_files-2.24.so
7f072e5da000-7f072e5db000 r--p 0000a000 08:04 3019875                    /lib/x86_64-linux-gnu/libnss_files-2.24.so
7f072e5db000-7f072e5dc000 rw-p 0000b000 08:04 3019875                    /lib/x86_64-linux-gnu/libnss_files-2.24.so
7f072e5dc000-7f072e5e2000 rw-p 00000000 00:00 0 
7f072e5e2000-7f072e5ed000 r-xp 00000000 08:04 3020041                    /lib/x86_64-linux-gnu/libnss_nis-2.24.so
7f072e5ed000-7f072e7ec000 ---p 0000b000 08:04 3020041                    /lib/x86_64-linux-gnu/libnss_nis-2.24.so
7f072e7ec000-7f072e7ed000 r--p 0000a000 08:04 3020041                    /lib/x86_64-linux-gnu/libnss_nis-2.24.so
7f072e7ed000-7f072e7ee000 rw-p 0000b000 08:04 3020041                    /lib/x86_64-linux-gnu/libnss_nis-2.24.so
7f072e7ee000-7f072e804000 r-xp 00000000 08:04 3014706                    /lib/x86_64-linux-gnu/libnsl-2.24.so
7f072e804000-7f072ea03000 ---p 00016000 08:04 3014706                    /lib/x86_64-linux-gnu/libnsl-2.24.so
7f072ea03000-7f072ea04000 r--p 00015000 08:04 3014706                    /lib/x86_64-linux-gnu/libnsl-2.24.so
7f072ea04000-7f072ea05000 rw-p 00016000 08:04 3014706                    /lib/x86_64-linux-gnu/libnsl-2.24.so
7f072ea05000-7f072ea07000 rw-p 00000000 00:00 0 
7f072ea07000-7f072ea0f000 r-xp 00000000 08:04 3019370                    /lib/x86_64-linux-gnu/libnss_compat-2.24.so
7f072ea0f000-7f072ec0e000 ---p 00008000 08:04 3019370                    /lib/x86_64-linux-gnu/libnss_compat-2.24.so
7f072ec0e000-7f072ec0f000 r--p 00007000 08:04 3019370                    /lib/x86_64-linux-gnu/libnss_compat-2.24.so
7f072ec0f000-7f072ec10000 rw-p 00008000 08:04 3019370                    /lib/x86_64-linux-gnu/libnss_compat-2.24.so
7f072ec10000-7f072ec3d000 r-xp 00000000 08:04 2623586                    /usr/lib/jvm/java-8-openjdk-amd64/jre/lib/amd64/libjava.so
7f072ec3d000-7f072ee3c000 ---p 0002d000 08:04 2623586                    /usr/lib/jvm/java-8-openjdk-amd64/jre/lib/amd64/libjava.so
7f072ee3c000-7f072ee3d000 r--p 0002c000 08:04 2623586                    /usr/lib/jvm/java-8-openjdk-amd64/jre/lib/amd64/libjava.so
7f072ee3d000-7f072ee3f000 rw-p 0002d000 08:04 2623586                    /usr/lib/jvm/java-8-openjdk-amd64/jre/lib/amd64/libjava.so
7f072ee3f000-7f072ee4e000 r-xp 00000000 08:04 2623604                    /usr/lib/jvm/java-8-openjdk-amd64/jre/lib/amd64/libverify.so
7f072ee4e000-7f072f04d000 ---p 0000f000 08:04 2623604                    /usr/lib/jvm/java-8-openjdk-amd64/jre/lib/amd64/libverify.so
7f072f04d000-7f072f04f000 r--p 0000e000 08:04 2623604                    /usr/lib/jvm/java-8-openjdk-amd64/jre/lib/amd64/libverify.so
7f072f04f000-7f072f050000 rw-p 00010000 08:04 2623604                    /usr/lib/jvm/java-8-openjdk-amd64/jre/lib/amd64/libverify.so
7f072f050000-7f072f057000 r-xp 00000000 08:04 3021067                    /lib/x86_64-linux-gnu/librt-2.24.so
7f072f057000-7f072f256000 ---p 00007000 08:04 3021067                    /lib/x86_64-linux-gnu/librt-2.24.so
7f072f256000-7f072f257000 r--p 00006000 08:04 3021067                    /lib/x86_64-linux-gnu/librt-2.24.so
7f072f257000-7f072f258000 rw-p 00007000 08:04 3021067                    /lib/x86_64-linux-gnu/librt-2.24.so
7f072f258000-7f072f26e000 r-xp 00000000 08:04 3019801                    /lib/x86_64-linux-gnu/libgcc_s.so.1
7f072f26e000-7f072f46d000 ---p 00016000 08:04 3019801                    /lib/x86_64-linux-gnu/libgcc_s.so.1
7f072f46d000-7f072f46e000 r--p 00015000 08:04 3019801                    /lib/x86_64-linux-gnu/libgcc_s.so.1
7f072f46e000-7f072f46f000 rw-p 00016000 08:04 3019801                    /lib/x86_64-linux-gnu/libgcc_s.so.1
7f072f46f000-7f072f577000 r-xp 00000000 08:04 3014703                    /lib/x86_64-linux-gnu/libm-2.24.so
7f072f577000-7f072f776000 ---p 00108000 08:04 3014703                    /lib/x86_64-linux-gnu/libm-2.24.so
7f072f776000-7f072f777000 r--p 00107000 08:04 3014703                    /lib/x86_64-linux-gnu/libm-2.24.so
7f072f777000-7f072f778000 rw-p 00108000 08:04 3014703                    /lib/x86_64-linux-gnu/libm-2.24.so
7f072f778000-7f072f8f0000 r-xp 00000000 08:04 2495982                    /usr/lib/x86_64-linux-gnu/libstdc++.so.6.0.22
7f072f8f0000-7f072faf0000 ---p 00178000 08:04 2495982                    /usr/lib/x86_64-linux-gnu/libstdc++.so.6.0.22
7f072faf0000-7f072fafa000 r--p 00178000 08:04 2495982                    /usr/lib/x86_64-linux-gnu/libstdc++.so.6.0.22
7f072fafa000-7f072fafc000 rw-p 00182000 08:04 2495982                    /usr/lib/x86_64-linux-gnu/libstdc++.so.6.0.22
7f072fafc000-7f072fb00000 rw-p 00000000 00:00 0 
7f072fb00000-7f0730755000 r-xp 00000000 08:04 2623608                    /usr/lib/jvm/java-8-openjdk-amd64/jre/lib/amd64/server/libjvm.so
7f0730755000-7f0730955000 ---p 00c55000 08:04 2623608                    /usr/lib/jvm/java-8-openjdk-amd64/jre/lib/amd64/server/libjvm.so
7f0730955000-7f07309e8000 r--p 00c55000 08:04 2623608                    /usr/lib/jvm/java-8-openjdk-amd64/jre/lib/amd64/server/libjvm.so
7f07309e8000-7f0730a11000 rw-p 00ce8000 08:04 2623608                    /usr/lib/jvm/java-8-openjdk-amd64/jre/lib/amd64/server/libjvm.so
7f0730a11000-7f0730a41000 rw-p 00000000 00:00 0 
7f0730a41000-7f0730a59000 r-xp 00000000 08:04 3020044                    /lib/x86_64-linux-gnu/libpthread-2.24.so
7f0730a59000-7f0730c59000 ---p 00018000 08:04 3020044                    /lib/x86_64-linux-gnu/libpthread-2.24.so
7f0730c59000-7f0730c5a000 r--p 00018000 08:04 3020044                    /lib/x86_64-linux-gnu/libpthread-2.24.so
7f0730c5a000-7f0730c5b000 rw-p 00019000 08:04 3020044                    /lib/x86_64-linux-gnu/libpthread-2.24.so
7f0730c5b000-7f0730c5f000 rw-p 00000000 00:00 0 
7f0730c5f000-7f0730c62000 r-xp 00000000 08:04 3014702                    /lib/x86_64-linux-gnu/libdl-2.24.so
7f0730c62000-7f0730e61000 ---p 00003000 08:04 3014702                    /lib/x86_64-linux-gnu/libdl-2.24.so
7f0730e61000-7f0730e62000 r--p 00002000 08:04 3014702                    /lib/x86_64-linux-gnu/libdl-2.24.so
7f0730e62000-7f0730e63000 rw-p 00003000 08:04 3014702                    /lib/x86_64-linux-gnu/libdl-2.24.so
7f0730e63000-7f0730e7c000 r-xp 00000000 08:04 3019938                    /lib/x86_64-linux-gnu/libz.so.1.2.8
7f0730e7c000-7f073107b000 ---p 00019000 08:04 3019938                    /lib/x86_64-linux-gnu/libz.so.1.2.8
7f073107b000-7f073107c000 r--p 00018000 08:04 3019938                    /lib/x86_64-linux-gnu/libz.so.1.2.8
7f073107c000-7f073107d000 rw-p 00019000 08:04 3019938                    /lib/x86_64-linux-gnu/libz.so.1.2.8
7f073107d000-7f073123a000 r-xp 00000000 08:04 3014699                    /lib/x86_64-linux-gnu/libc-2.24.so
7f073123a000-7f073143a000 ---p 001bd000 08:04 3014699                    /lib/x86_64-linux-gnu/libc-2.24.so
7f073143a000-7f073143e000 r--p 001bd000 08:04 3014699                    /lib/x86_64-linux-gnu/libc-2.24.so
7f073143e000-7f0731440000 rw-p 001c1000 08:04 3014699                    /lib/x86_64-linux-gnu/libc-2.24.so
7f0731440000-7f0731444000 rw-p 00000000 00:00 0 
7f0731444000-7f0731451000 r-xp 00000000 08:04 2623572                    /usr/lib/jvm/java-8-openjdk-amd64/jre/lib/amd64/jli/libjli.so
7f0731451000-7f0731651000 ---p 0000d000 08:04 2623572                    /usr/lib/jvm/java-8-openjdk-amd64/jre/lib/amd64/jli/libjli.so
7f0731651000-7f0731652000 r--p 0000d000 08:04 2623572                    /usr/lib/jvm/java-8-openjdk-amd64/jre/lib/amd64/jli/libjli.so
7f0731652000-7f0731653000 rw-p 0000e000 08:04 2623572                    /usr/lib/jvm/java-8-openjdk-amd64/jre/lib/amd64/jli/libjli.so
7f0731653000-7f0731678000 r-xp 00000000 08:04 3014695                    /lib/x86_64-linux-gnu/ld-2.24.so
7f0731678000-7f0731679000 r--s 00000000 08:04 2765883                    /usr/share/java/atinject-jsr330-api-1.0.jar
7f0731679000-7f073167e000 r--s 0003b000 08:04 2623626                    /usr/lib/jvm/java-8-openjdk-amd64/jre/lib/ext/sunjce_provider.jar
7f073167e000-7f0731681000 r--s 0000f000 08:04 2623621                    /usr/lib/jvm/java-8-openjdk-amd64/jre/lib/ext/icedtea-sound.jar
7f0731681000-7f0731759000 rw-p 00000000 00:00 0 
7f0731759000-7f073175c000 ---p 00000000 00:00 0 
7f073175c000-7f073185e000 rw-p 00000000 00:00 0 
7f073185e000-7f0731860000 r--s 0000a000 08:04 2766276                    /usr/share/java/plexus-classworlds2-2.5.2.jar
7f0731860000-7f0731862000 r--s 00008000 08:04 2623625                    /usr/lib/jvm/java-8-openjdk-amd64/jre/lib/ext/sunec.jar
7f0731862000-7f0731866000 r--s 00037000 08:04 2623627                    /usr/lib/jvm/java-8-openjdk-amd64/jre/lib/ext/sunpkcs11.jar
7f0731866000-7f0731867000 r--s 0000a000 08:04 2623622                    /usr/lib/jvm/java-8-openjdk-amd64/jre/lib/ext/jaccess.jar
7f0731867000-7f0731869000 r--s 00001000 08:04 2623620                    /usr/lib/jvm/java-8-openjdk-amd64/jre/lib/ext/dnsns.jar
7f0731869000-7f073186a000 r--s 00010000 08:04 2623628                    /usr/lib/jvm/java-8-openjdk-amd64/jre/lib/ext/zipfs.jar
7f073186a000-7f0731872000 rw-s 00000000 08:04 2239079                    /tmp/hsperfdata_erickvelasco11/7957
7f0731872000-7f0731873000 rw-p 00000000 00:00 0 
7f0731873000-7f0731874000 ---p 00000000 00:00 0 
7f0731874000-7f0731877000 rw-p 00000000 00:00 0 
7f0731877000-7f0731878000 r--p 00024000 08:04 3014695                    /lib/x86_64-linux-gnu/ld-2.24.so
7f0731878000-7f0731879000 rw-p 00025000 08:04 3014695                    /lib/x86_64-linux-gnu/ld-2.24.so
7f0731879000-7f073187a000 rw-p 00000000 00:00 0 
7ffc6cad4000-7ffc6caf5000 rw-p 00000000 00:00 0                          [stack]
7ffc6cba2000-7ffc6cba4000 r--p 00000000 00:00 0                          [vvar]
7ffc6cba4000-7ffc6cba6000 r-xp 00000000 00:00 0                          [vdso]
ffffffffff600000-ffffffffff601000 r-xp 00000000 00:00 0                  [vsyscall]

VM Arguments:
jvm_args: -Dclassworlds.conf=/usr/share/maven/bin/m2.conf -Dmaven.home=/usr/share/maven -Dmaven.multiModuleProjectDirectory=/home/erickvelasco11/IdeaProjects/Authentication_ms 
java_command: org.codehaus.plexus.classworlds.launcher.Launcher -f pom.xml package
java_class_path (initial): /usr/share/maven/boot/plexus-classworlds-2.x.jar
Launcher Type: SUN_STANDARD

Environment Variables:
JAVA_HOME=/usr/lib/jvm/java-8-openjdk-amd64
PATH=/opt/glassfish4/bin:/home/erickvelasco11/.local/share/umake/bin:/home/erickvelasco11/bin:/home/erickvelasco11/.local/bin:/usr/local/sbin:/usr/local/bin:/usr/sbin:/usr/bin:/sbin:/bin:/usr/games:/usr/local/games:/snap/bin
SHELL=/bin/bash
DISPLAY=:0

Signal Handlers:
SIGSEGV: [libjvm.so+0xa6c900], sa_mask[0]=11111111011111111101111111111110, sa_flags=SA_RESTART|SA_SIGINFO
SIGBUS: [libjvm.so+0xa6c900], sa_mask[0]=11111111011111111101111111111110, sa_flags=SA_RESTART|SA_SIGINFO
SIGFPE: [libjvm.so+0x8b6400], sa_mask[0]=11111111011111111101111111111110, sa_flags=SA_RESTART|SA_SIGINFO
SIGPIPE: [libjvm.so+0x8b6400], sa_mask[0]=11111111011111111101111111111110, sa_flags=SA_RESTART|SA_SIGINFO
SIGXFSZ: [libjvm.so+0x8b6400], sa_mask[0]=11111111011111111101111111111110, sa_flags=SA_RESTART|SA_SIGINFO
SIGILL: [libjvm.so+0x8b6400], sa_mask[0]=11111111011111111101111111111110, sa_flags=SA_RESTART|SA_SIGINFO
SIGUSR1: SIG_DFL, sa_mask[0]=00000000000000000000000000000000, sa_flags=none
SIGUSR2: [libjvm.so+0x8b62b0], sa_mask[0]=00000000000000000000000000000000, sa_flags=SA_RESTART|SA_SIGINFO
SIGHUP: [libjvm.so+0x8b6760], sa_mask[0]=11111111011111111101111111111110, sa_flags=SA_RESTART|SA_SIGINFO
SIGINT: [libjvm.so+0x8b6760], sa_mask[0]=11111111011111111101111111111110, sa_flags=SA_RESTART|SA_SIGINFO
SIGTERM: [libjvm.so+0x8b6760], sa_mask[0]=11111111011111111101111111111110, sa_flags=SA_RESTART|SA_SIGINFO
SIGQUIT: [libjvm.so+0x8b6760], sa_mask[0]=11111111011111111101111111111110, sa_flags=SA_RESTART|SA_SIGINFO


---------------  S Y S T E M  ---------------

OS:DISTRIB_ID=Ubuntu
DISTRIB_RELEASE=16.10
DISTRIB_CODENAME=yakkety
DISTRIB_DESCRIPTION="Ubuntu 16.10"

uname:Linux 4.8.0-46-generic #49-Ubuntu SMP Fri Mar 31 13:57:14 UTC 2017 x86_64
libc:glibc 2.24 NPTL 2.24 
rlimit: STACK 8192k, CORE 0k, NPROC 15289, NOFILE 65536, AS infinity
load average:0,92 0,68 0,68

/proc/meminfo:
MemTotal:        3957604 kB
MemFree:          109428 kB
MemAvailable:       6892 kB
Buffers:             432 kB
Cached:           260896 kB
SwapCached:            0 kB
Active:          1477532 kB
Inactive:         252516 kB
Active(anon):    1470388 kB
Inactive(anon):   244956 kB
Active(file):       7144 kB
Inactive(file):     7560 kB
Unevictable:          32 kB
Mlocked:              32 kB
SwapTotal:             0 kB
SwapFree:              0 kB
Dirty:               124 kB
Writeback:             0 kB
AnonPages:       1468776 kB
Mapped:          2025152 kB
Shmem:            246608 kB
Slab:             121656 kB
SReclaimable:      37956 kB
SUnreclaim:        83700 kB
KernelStack:        8960 kB
PageTables:        43332 kB
NFS_Unstable:          0 kB
Bounce:                0 kB
WritebackTmp:          0 kB
CommitLimit:     1978800 kB
Committed_AS:    6851276 kB
VmallocTotal:   34359738367 kB
VmallocUsed:           0 kB
VmallocChunk:          0 kB
HardwareCorrupted:     0 kB
AnonHugePages:    468992 kB
ShmemHugePages:        0 kB
ShmemPmdMapped:        0 kB
CmaTotal:              0 kB
CmaFree:               0 kB
HugePages_Total:       0
HugePages_Free:        0
HugePages_Rsvd:        0
HugePages_Surp:        0
Hugepagesize:       2048 kB
DirectMap4k:      197008 kB
DirectMap2M:     3909632 kB
DirectMap1G:     1048576 kB


CPU:total 4 (2 cores per cpu, 2 threads per core) family 6 model 78 stepping 3, cmov, cx8, fxsr, mmx, sse, sse2, sse3, ssse3, sse4.1, sse4.2, popcnt, avx, avx2, aes, clmul, erms, 3dnowpref, lzcnt, ht, tsc, tscinvbit, bmi1, bmi2, adx

/proc/cpuinfo:
processor	: 0
vendor_id	: GenuineIntel
cpu family	: 6
model		: 78
model name	: Intel(R) Core(TM) i5-6200U CPU @ 2.30GHz
stepping	: 3
microcode	: 0x5c
cpu MHz		: 2697.802
cache size	: 3072 KB
physical id	: 0
siblings	: 4
core id		: 0
cpu cores	: 2
apicid		: 0
initial apicid	: 0
fpu		: yes
fpu_exception	: yes
cpuid level	: 22
wp		: yes
flags		: fpu vme de pse tsc msr pae mce cx8 apic sep mtrr pge mca cmov pat pse36 clflush dts acpi mmx fxsr sse sse2 ss ht tm pbe syscall nx pdpe1gb rdtscp lm constant_tsc art arch_perfmon pebs bts rep_good nopl xtopology nonstop_tsc aperfmperf eagerfpu pni pclmulqdq dtes64 monitor ds_cpl vmx est tm2 ssse3 sdbg fma cx16 xtpr pdcm pcid sse4_1 sse4_2 x2apic movbe popcnt tsc_deadline_timer aes xsave avx f16c rdrand lahf_lm abm 3dnowprefetch epb intel_pt tpr_shadow vnmi flexpriority ept vpid fsgsbase tsc_adjust bmi1 avx2 smep bmi2 erms invpcid mpx rdseed adx smap clflushopt xsaveopt xsavec xgetbv1 xsaves dtherm ida arat pln pts hwp hwp_notify hwp_act_window hwp_epp
bugs		:
bogomips	: 4800.00
clflush size	: 64
cache_alignment	: 64
address sizes	: 39 bits physical, 48 bits virtual
power management:

processor	: 1
vendor_id	: GenuineIntel
cpu family	: 6
model		: 78
model name	: Intel(R) Core(TM) i5-6200U CPU @ 2.30GHz
stepping	: 3
microcode	: 0x5c
cpu MHz		: 2699.853
cache size	: 3072 KB
physical id	: 0
siblings	: 4
core id		: 1
cpu cores	: 2
apicid		: 2
initial apicid	: 2
fpu		: yes
fpu_exception	: yes
cpuid level	: 22
wp		: yes
flags		: fpu vme de pse tsc msr pae mce cx8 apic sep mtrr pge mca cmov pat pse36 clflush dts acpi mmx fxsr sse sse2 ss ht tm pbe syscall nx pdpe1gb rdtscp lm constant_tsc art arch_perfmon pebs bts rep_good nopl xtopology nonstop_tsc aperfmperf eagerfpu pni pclmulqdq dtes64 monitor ds_cpl vmx est tm2 ssse3 sdbg fma cx16 xtpr pdcm pcid sse4_1 sse4_2 x2apic movbe popcnt tsc_deadline_timer aes xsave avx f16c rdrand lahf_lm abm 3dnowprefetch epb intel_pt tpr_shadow vnmi flexpriority ept vpid fsgsbase tsc_adjust bmi1 avx2 smep bmi2 erms invpcid mpx rdseed adx smap clflushopt xsaveopt xsavec xgetbv1 xsaves dtherm ida arat pln pts hwp hwp_notify hwp_act_window hwp_epp
bugs		:
bogomips	: 4800.00
clflush size	: 64
cache_alignment	: 64
address sizes	: 39 bits physical, 48 bits virtual
power management:

processor	: 2
vendor_id	: GenuineIntel
cpu family	: 6
model		: 78
model name	: Intel(R) Core(TM) i5-6200U CPU @ 2.30GHz
stepping	: 3
microcode	: 0x5c
cpu MHz		: 2687.841
cache size	: 3072 KB
physical id	: 0
siblings	: 4
core id		: 0
cpu cores	: 2
apicid		: 1
initial apicid	: 1
fpu		: yes
fpu_exception	: yes
cpuid level	: 22
wp		: yes
flags		: fpu vme de pse tsc msr pae mce cx8 apic sep mtrr pge mca cmov pat pse36 clflush dts acpi mmx fxsr sse sse2 ss ht tm pbe syscall nx pdpe1gb rdtscp lm constant_tsc art arch_perfmon pebs bts rep_good nopl xtopology nonstop_tsc aperfmperf eagerfpu pni pclmulqdq dtes64 monitor ds_cpl vmx est tm2 ssse3 sdbg fma cx16 xtpr pdcm pcid sse4_1 sse4_2 x2apic movbe popcnt tsc_deadline_timer aes xsave avx f16c rdrand lahf_lm abm 3dnowprefetch epb intel_pt tpr_shadow vnmi flexpriority ept vpid fsgsbase tsc_adjust bmi1 avx2 smep bmi2 erms invpcid mpx rdseed adx smap clflushopt xsaveopt xsavec xgetbv1 xsaves dtherm ida arat pln pts hwp hwp_notify hwp_act_window hwp_epp
bugs		:
bogomips	: 4800.00
clflush size	: 64
cache_alignment	: 64
address sizes	: 39 bits physical, 48 bits virtual
power management:

processor	: 3
vendor_id	: GenuineIntel
cpu family	: 6
model		: 78
model name	: Intel(R) Core(TM) i5-6200U CPU @ 2.30GHz
stepping	: 3
microcode	: 0x5c
cpu MHz		: 2699.853
cache size	: 3072 KB
physical id	: 0
siblings	: 4
core id		: 1
cpu cores	: 2
apicid		: 3
initial apicid	: 3
fpu		: yes
fpu_exception	: yes
cpuid level	: 22
wp		: yes
flags		: fpu vme de pse tsc msr pae mce cx8 apic sep mtrr pge mca cmov pat pse36 clflush dts acpi mmx fxsr sse sse2 ss ht tm pbe syscall nx pdpe1gb rdtscp lm constant_tsc art arch_perfmon pebs bts rep_good nopl xtopology nonstop_tsc aperfmperf eagerfpu pni pclmulqdq dtes64 monitor ds_cpl vmx est tm2 ssse3 sdbg fma cx16 xtpr pdcm pcid sse4_1 sse4_2 x2apic movbe popcnt tsc_deadline_timer aes xsave avx f16c rdrand lahf_lm abm 3dnowprefetch epb intel_pt tpr_shadow vnmi flexpriority ept vpid fsgsbase tsc_adjust bmi1 avx2 smep bmi2 erms invpcid mpx rdseed adx smap clflushopt xsaveopt xsavec xgetbv1 xsaves dtherm ida arat pln pts hwp hwp_notify hwp_act_window hwp_epp
bugs		:
bogomips	: 4800.00
clflush size	: 64
cache_alignment	: 64
address sizes	: 39 bits physical, 48 bits virtual
power management:



Memory: 4k page, physical 3957604k(109576k free), swap 0k(0k free)

vm_info: OpenJDK 64-Bit Server VM (25.121-b13) for linux-amd64 JRE (1.8.0_121-8u121-b13-0ubuntu1.16.10.2-b13), built on Jan 23 2017 11:22:24 by "buildd" with gcc 6.2.0 20161005

time: Sun Apr 16 23:11:07 2017
elapsed time: 3 seconds (0d 0h 0m 3s)

