#
# There is insufficient memory for the Java Runtime Environment to continue.
# Native memory allocation (mmap) failed to map 59244544 bytes for committing reserved memory.
# Possible reasons:
#   The system is out of physical RAM or swap space
#   In 32 bit mode, the process size limit was hit
# Possible solutions:
#   Reduce memory load on the system
#   Increase physical memory or swap space
#   Check if swap backing store is full
#   Use 64 bit Java on a 64 bit OS
#   Decrease Java heap size (-Xmx/-Xms)
#   Decrease number of Java threads
#   Decrease Java thread stack sizes (-Xss)
#   Set larger code cache with -XX:ReservedCodeCacheSize=
# This output file may be truncated or incomplete.
#
#  Out of Memory Error (os_linux.cpp:2630), pid=5463, tid=0x00007f4bf99b7700
#
# JRE version: OpenJDK Runtime Environment (8.0_121-b13) (build 1.8.0_121-8u121-b13-0ubuntu1.16.10.2-b13)
# Java VM: OpenJDK 64-Bit Server VM (25.121-b13 mixed mode linux-amd64 compressed oops)
# Failed to write core dump. Core dumps have been disabled. To enable core dumping, try "ulimit -c unlimited" before starting Java again
#

---------------  T H R E A D  ---------------

Current thread (0x00007f4c10077800):  VMThread [stack: 0x00007f4bf98b7000,0x00007f4bf99b8000] [id=5494]

Stack: [0x00007f4bf98b7000,0x00007f4bf99b8000],  sp=0x00007f4bf99b6510,  free space=1021k
Native frames: (J=compiled Java code, j=interpreted, Vv=VM code, C=native code)
V  [libjvm.so+0xa6be70]  VMError::report_and_die()+0x160
V  [libjvm.so+0x4c52fc]  report_vm_out_of_memory(char const*, int, unsigned long, VMErrorType, char const*)+0xac
V  [libjvm.so+0x8babe0]  os::pd_commit_memory(char*, unsigned long, unsigned long, bool)+0xf0
V  [libjvm.so+0x8b526e]  os::commit_memory(char*, unsigned long, unsigned long, bool)+0x2e
V  [libjvm.so+0x92fc6e]  PSVirtualSpace::expand_by(unsigned long)+0x4e
V  [libjvm.so+0x930ff3]  PSYoungGen::resize(unsigned long, unsigned long)+0x103
V  [libjvm.so+0x92d643]  PSScavenge::invoke_no_policy()+0x1503
V  [libjvm.so+0x926349]  PSParallelCompact::invoke(bool)+0x49
V  [libjvm.so+0xa6d9d5]  VM_ParallelGCSystemGC::doit()+0xa5
V  [libjvm.so+0xa72c57]  VM_Operation::evaluate()+0x47
V  [libjvm.so+0xa703e7]  VMThread::evaluate_operation(VM_Operation*) [clone .constprop.30]+0xe7
V  [libjvm.so+0xa71866]  VMThread::loop()+0x246
V  [libjvm.so+0xa71d61]  VMThread::run()+0x81
V  [libjvm.so+0x8b8172]  java_start(Thread*)+0xf2

VM_Operation (0x00007f4c1865fa60): ParallelGCSystemGC, mode: safepoint, requested by thread 0x00007f4c1000a000


---------------  P R O C E S S  ---------------

Java Threads: ( => current thread )
  0x00007f4c100d1000 JavaThread "Service Thread" daemon [_thread_blocked, id=5501, stack(0x00007f4bf8c62000,0x00007f4bf8d63000)]
  0x00007f4c100b1800 JavaThread "C1 CompilerThread2" daemon [_thread_blocked, id=5500, stack(0x00007f4bf8d63000,0x00007f4bf8e64000)]
  0x00007f4c100b0000 JavaThread "C2 CompilerThread1" daemon [_thread_blocked, id=5499, stack(0x00007f4bf8e64000,0x00007f4bf8f65000)]
  0x00007f4c100ad000 JavaThread "C2 CompilerThread0" daemon [_thread_blocked, id=5498, stack(0x00007f4bf8f65000,0x00007f4bf9066000)]
  0x00007f4c100ab000 JavaThread "Signal Dispatcher" daemon [_thread_blocked, id=5497, stack(0x00007f4bf9066000,0x00007f4bf9167000)]
  0x00007f4c10083800 JavaThread "Finalizer" daemon [_thread_blocked, id=5496, stack(0x00007f4bf96b5000,0x00007f4bf97b6000)]
  0x00007f4c1007f000 JavaThread "Reference Handler" daemon [_thread_blocked, id=5495, stack(0x00007f4bf97b6000,0x00007f4bf98b7000)]
  0x00007f4c1000a000 JavaThread "main" [_thread_blocked, id=5489, stack(0x00007f4c18561000,0x00007f4c18662000)]

Other Threads:
=>0x00007f4c10077800 VMThread [stack: 0x00007f4bf98b7000,0x00007f4bf99b8000] [id=5494]
  0x00007f4c100d3800 WatcherThread [stack: 0x00007f4bf8b61000,0x00007f4bf8c62000] [id=5502]

VM state:at safepoint (normal execution)

VM Mutex/Monitor currently owned by a thread:  ([mutex/lock_event])
[0x00007f4c10006450] Threads_lock - owner thread: 0x00007f4c10077800
[0x00007f4c10006950] Heap_lock - owner thread: 0x00007f4c1000a000

Heap:
 PSYoungGen      total 134656K, used 8697K [0x00000000ebd80000, 0x00000000f4980000, 0x0000000100000000)
  eden space 125952K, 0% used [0x00000000ebd80000,0x00000000ebd80000,0x00000000f3880000)
  from space 8704K, 99% used [0x00000000f3880000,0x00000000f40fe420,0x00000000f4100000)
  to   space 8704K, 0% used [0x00000000f4100000,0x00000000f4100000,0x00000000f4980000)
 ParOldGen       total 33280K, used 10925K [0x00000000c3800000, 0x00000000c5880000, 0x00000000ebd80000)
  object space 33280K, 32% used [0x00000000c3800000,0x00000000c42ab6f8,0x00000000c5880000)
 Metaspace       used 26324K, capacity 26998K, committed 27184K, reserved 1073152K
  class space    used 3117K, capacity 3289K, committed 3376K, reserved 1048576K

Card table byte_map: [0x00007f4c14a29000,0x00007f4c14c0e000] byte_map_base: 0x00007f4c1440d000

Marking Bits: (ParMarkBitMap*) 0x00007f4c1782b220
 Begin Bits: [0x00007f4bfa1c0000, 0x00007f4bfb0e0000)
 End Bits:   [0x00007f4bfb0e0000, 0x00007f4bfc000000)

Polling page: 0x00007f4c1867a000

CodeCache: size=245760Kb used=12088Kb max_used=12103Kb free=233671Kb
 bounds [0x00007f4c01000000, 0x00007f4c01bf0000, 0x00007f4c10000000]
 total_blobs=4207 nmethods=3814 adapters=307
 compilation: enabled

Compilation events (10 events):
Event: 29,802 Thread 0x00007f4c100b1800 nmethod 3875 0x00007f4c01b938d0 code [0x00007f4c01b93c60, 0x00007f4c01b95bd8]
Event: 29,811 Thread 0x00007f4c100b1800 3876       3       sun.reflect.Reflection::isSubclassOf (21 bytes)
Event: 30,057 Thread 0x00007f4c100b1800 nmethod 3876 0x00007f4c011628d0 code [0x00007f4c01162a40, 0x00007f4c01162d28]
Event: 30,650 Thread 0x00007f4c100b1800 3877       3       java.util.Calendar::internalGet (7 bytes)
Event: 30,772 Thread 0x00007f4c100b1800 nmethod 3877 0x00007f4c01162510 code [0x00007f4c01162680, 0x00007f4c011627f0]
Event: 30,793 Thread 0x00007f4c100b1800 3880       1       java.util.Calendar::internalSet (8 bytes)
Event: 30,993 Thread 0x00007f4c100b1800 nmethod 3880 0x00007f4c011621d0 code [0x00007f4c01162320, 0x00007f4c01162450]
Event: 31,010 Thread 0x00007f4c100b1800 3878       3       org.apache.commons.compress.archivers.zip.ZipArchiveOutputStream::writeOut (31 bytes)
Event: 31,107 Thread 0x00007f4c100b1800 nmethod 3878 0x00007f4c01161bd0 code [0x00007f4c01161d60, 0x00007f4c01162098]
Event: 31,324 Thread 0x00007f4c100b1800 3888       3       java.lang.Character::isUpperCase (5 bytes)

GC Heap History (10 events):
Event: 1,585 GC heap after
Heap after GC invocations=5 (full 0):
 PSYoungGen      total 34304K, used 2544K [0x00000000ebd80000, 0x00000000f0780000, 0x0000000100000000)
  eden space 31744K, 0% used [0x00000000ebd80000,0x00000000ebd80000,0x00000000edc80000)
  from space 2560K, 99% used [0x00000000edc80000,0x00000000edefc030,0x00000000edf00000)
  to   space 6144K, 0% used [0x00000000f0180000,0x00000000f0180000,0x00000000f0780000)
 ParOldGen       total 42496K, used 6385K [0x00000000c3800000, 0x00000000c6180000, 0x00000000ebd80000)
  object space 42496K, 15% used [0x00000000c3800000,0x00000000c3e3c500,0x00000000c6180000)
 Metaspace       used 13624K, capacity 13782K, committed 14080K, reserved 1060864K
  class space    used 1670K, capacity 1735K, committed 1792K, reserved 1048576K
}
Event: 2,174 GC heap before
{Heap before GC invocations=6 (full 0):
 PSYoungGen      total 34304K, used 34288K [0x00000000ebd80000, 0x00000000f0780000, 0x0000000100000000)
  eden space 31744K, 100% used [0x00000000ebd80000,0x00000000edc80000,0x00000000edc80000)
  from space 2560K, 99% used [0x00000000edc80000,0x00000000edefc030,0x00000000edf00000)
  to   space 6144K, 0% used [0x00000000f0180000,0x00000000f0180000,0x00000000f0780000)
 ParOldGen       total 42496K, used 6385K [0x00000000c3800000, 0x00000000c6180000, 0x00000000ebd80000)
  object space 42496K, 15% used [0x00000000c3800000,0x00000000c3e3c500,0x00000000c6180000)
 Metaspace       used 16143K, capacity 16436K, committed 16640K, reserved 1064960K
  class space    used 1919K, capacity 2011K, committed 2048K, reserved 1048576K
Event: 2,184 GC heap after
Heap after GC invocations=6 (full 0):
 PSYoungGen      total 69120K, used 5813K [0x00000000ebd80000, 0x00000000f0880000, 0x0000000100000000)
  eden space 62976K, 0% used [0x00000000ebd80000,0x00000000ebd80000,0x00000000efb00000)
  from space 6144K, 94% used [0x00000000f0180000,0x00000000f072d5a0,0x00000000f0780000)
  to   space 6656K, 0% used [0x00000000efb00000,0x00000000efb00000,0x00000000f0180000)
 ParOldGen       total 42496K, used 6393K [0x00000000c3800000, 0x00000000c6180000, 0x00000000ebd80000)
  object space 42496K, 15% used [0x00000000c3800000,0x00000000c3e3e500,0x00000000c6180000)
 Metaspace       used 16143K, capacity 16436K, committed 16640K, reserved 1064960K
  class space    used 1919K, capacity 2011K, committed 2048K, reserved 1048576K
}
Event: 3,038 GC heap before
{Heap before GC invocations=7 (full 0):
 PSYoungGen      total 69120K, used 68789K [0x00000000ebd80000, 0x00000000f0880000, 0x0000000100000000)
  eden space 62976K, 100% used [0x00000000ebd80000,0x00000000efb00000,0x00000000efb00000)
  from space 6144K, 94% used [0x00000000f0180000,0x00000000f072d5a0,0x00000000f0780000)
  to   space 6656K, 0% used [0x00000000efb00000,0x00000000efb00000,0x00000000f0180000)
 ParOldGen       total 42496K, used 6393K [0x00000000c3800000, 0x00000000c6180000, 0x00000000ebd80000)
  object space 42496K, 15% used [0x00000000c3800000,0x00000000c3e3e500,0x00000000c6180000)
 Metaspace       used 20274K, capacity 20892K, committed 20992K, reserved 1067008K
  class space    used 2419K, capacity 2554K, committed 2560K, reserved 1048576K
Event: 3,056 GC heap after
Heap after GC invocations=7 (full 0):
 PSYoungGen      total 69632K, used 6649K [0x00000000ebd80000, 0x00000000f4980000, 0x0000000100000000)
  eden space 62976K, 0% used [0x00000000ebd80000,0x00000000ebd80000,0x00000000efb00000)
  from space 6656K, 99% used [0x00000000efb00000,0x00000000f017e788,0x00000000f0180000)
  to   space 8704K, 0% used [0x00000000f4100000,0x00000000f4100000,0x00000000f4980000)
 ParOldGen       total 42496K, used 7944K [0x00000000c3800000, 0x00000000c6180000, 0x00000000ebd80000)
  object space 42496K, 18% used [0x00000000c3800000,0x00000000c3fc21b8,0x00000000c6180000)
 Metaspace       used 20274K, capacity 20892K, committed 20992K, reserved 1067008K
  class space    used 2419K, capacity 2554K, committed 2560K, reserved 1048576K
}
Event: 3,092 GC heap before
{Heap before GC invocations=8 (full 0):
 PSYoungGen      total 69632K, used 9225K [0x00000000ebd80000, 0x00000000f4980000, 0x0000000100000000)
  eden space 62976K, 4% used [0x00000000ebd80000,0x00000000ec004020,0x00000000efb00000)
  from space 6656K, 99% used [0x00000000efb00000,0x00000000f017e788,0x00000000f0180000)
  to   space 8704K, 0% used [0x00000000f4100000,0x00000000f4100000,0x00000000f4980000)
 ParOldGen       total 42496K, used 7944K [0x00000000c3800000, 0x00000000c6180000, 0x00000000ebd80000)
  object space 42496K, 18% used [0x00000000c3800000,0x00000000c3fc21b8,0x00000000c6180000)
 Metaspace       used 20694K, capacity 21244K, committed 21296K, reserved 1069056K
  class space    used 2474K, capacity 2586K, committed 2608K, reserved 1048576K
Event: 3,101 GC heap after
Heap after GC invocations=8 (full 0):
 PSYoungGen      total 134656K, used 5728K [0x00000000ebd80000, 0x00000000f4980000, 0x0000000100000000)
  eden space 125952K, 0% used [0x00000000ebd80000,0x00000000ebd80000,0x00000000f3880000)
  from space 8704K, 65% used [0x00000000f4100000,0x00000000f4698040,0x00000000f4980000)
  to   space 8704K, 0% used [0x00000000f3880000,0x00000000f3880000,0x00000000f4100000)
 ParOldGen       total 42496K, used 8706K [0x00000000c3800000, 0x00000000c6180000, 0x00000000ebd80000)
  object space 42496K, 20% used [0x00000000c3800000,0x00000000c40809e8,0x00000000c6180000)
 Metaspace       used 20694K, capacity 21244K, committed 21296K, reserved 1069056K
  class space    used 2474K, capacity 2586K, committed 2608K, reserved 1048576K
}
Event: 3,101 GC heap before
{Heap before GC invocations=9 (full 1):
 PSYoungGen      total 134656K, used 5728K [0x00000000ebd80000, 0x00000000f4980000, 0x0000000100000000)
  eden space 125952K, 0% used [0x00000000ebd80000,0x00000000ebd80000,0x00000000f3880000)
  from space 8704K, 65% used [0x00000000f4100000,0x00000000f4698040,0x00000000f4980000)
  to   space 8704K, 0% used [0x00000000f3880000,0x00000000f3880000,0x00000000f4100000)
 ParOldGen       total 42496K, used 8706K [0x00000000c3800000, 0x00000000c6180000, 0x00000000ebd80000)
  object space 42496K, 20% used [0x00000000c3800000,0x00000000c40809e8,0x00000000c6180000)
 Metaspace       used 20694K, capacity 21244K, committed 21296K, reserved 1069056K
  class space    used 2474K, capacity 2586K, committed 2608K, reserved 1048576K
Event: 3,185 GC heap after
Heap after GC invocations=9 (full 1):
 PSYoungGen      total 134656K, used 0K [0x00000000ebd80000, 0x00000000f4980000, 0x0000000100000000)
  eden space 125952K, 0% used [0x00000000ebd80000,0x00000000ebd80000,0x00000000f3880000)
  from space 8704K, 0% used [0x00000000f4100000,0x00000000f4100000,0x00000000f4980000)
  to   space 8704K, 0% used [0x00000000f3880000,0x00000000f3880000,0x00000000f4100000)
 ParOldGen       total 33280K, used 9629K [0x00000000c3800000, 0x00000000c5880000, 0x00000000ebd80000)
  object space 33280K, 28% used [0x00000000c3800000,0x00000000c4167790,0x00000000c5880000)
 Metaspace       used 20694K, capacity 21244K, committed 21296K, reserved 1069056K
  class space    used 2474K, capacity 2586K, committed 2608K, reserved 1048576K
}
Event: 31,461 GC heap before
{Heap before GC invocations=10 (full 1):
 PSYoungGen      total 134656K, used 80498K [0x00000000ebd80000, 0x00000000f4980000, 0x0000000100000000)
  eden space 125952K, 63% used [0x00000000ebd80000,0x00000000f0c1c950,0x00000000f3880000)
  from space 8704K, 0% used [0x00000000f4100000,0x00000000f4100000,0x00000000f4980000)
  to   space 8704K, 0% used [0x00000000f3880000,0x00000000f3880000,0x00000000f4100000)
 ParOldGen       total 33280K, used 9629K [0x00000000c3800000, 0x00000000c5880000, 0x00000000ebd80000)
  object space 33280K, 28% used [0x00000000c3800000,0x00000000c4167790,0x00000000c5880000)
 Metaspace       used 26324K, capacity 26998K, committed 27184K, reserved 1073152K
  class space    used 3117K, capacity 3289K, committed 3376K, reserved 1048576K

Deoptimization events (10 events):
Event: 4,094 Thread 0x00007f4c1000a000 Uncommon trap: reason=unstable_if action=reinterpret pc=0x00007f4c01501a58 method=com.google.inject.internal.asm.$Type.getArgumentsAndReturnSizes(Ljava/lang/String;)I @ 41
Event: 4,103 Thread 0x00007f4c1000a000 Uncommon trap: reason=unstable_if action=reinterpret pc=0x00007f4c014a1d38 method=com.google.inject.internal.asm.$Type.getArgumentsAndReturnSizes(Ljava/lang/String;)I @ 130
Event: 4,632 Thread 0x00007f4c1000a000 Uncommon trap: reason=class_check action=maybe_recompile pc=0x00007f4c01abd7c8 method=java.util.regex.Pattern$7.isSatisfiedBy(I)Z @ 16
Event: 4,633 Thread 0x00007f4c1000a000 Uncommon trap: reason=class_check action=maybe_recompile pc=0x00007f4c01abd7c8 method=java.util.regex.Pattern$7.isSatisfiedBy(I)Z @ 16
Event: 4,633 Thread 0x00007f4c1000a000 Uncommon trap: reason=class_check action=maybe_recompile pc=0x00007f4c01abd7dc method=java.util.regex.Pattern$CharProperty$1.isSatisfiedBy(I)Z @ 5
Event: 4,633 Thread 0x00007f4c1000a000 Uncommon trap: reason=class_check action=maybe_recompile pc=0x00007f4c01abd7c8 method=java.util.regex.Pattern$7.isSatisfiedBy(I)Z @ 16
Event: 4,633 Thread 0x00007f4c1000a000 Uncommon trap: reason=class_check action=maybe_recompile pc=0x00007f4c01abd7c8 method=java.util.regex.Pattern$7.isSatisfiedBy(I)Z @ 16
Event: 5,735 Thread 0x00007f4c1000a000 Uncommon trap: reason=unstable_if action=reinterpret pc=0x00007f4c01b55a24 method=org.codehaus.plexus.classworlds.realm.Entry.matches(Ljava/lang/String;)Z @ 20
Event: 5,851 Thread 0x00007f4c1000a000 Uncommon trap: reason=unstable_if action=reinterpret pc=0x00007f4c01327cb8 method=java.util.HashMap.hash(Ljava/lang/Object;)I @ 1
Event: 5,926 Thread 0x00007f4c1000a000 Uncommon trap: reason=predicate action=maybe_recompile pc=0x00007f4c019dd4bc method=java.lang.String.regionMatches(ZILjava/lang/String;II)Z @ 63

Internal exceptions (10 events):
Event: 1,779 Thread 0x00007f4c1000a000 Exception <a 'java/lang/NullPointerException'> (0x00000000ec6f9590) thrown at [/build/openjdk-8-AbQ17_/openjdk-8-8u121-b13/src/hotspot/src/share/vm/interpreter/linkResolver.cpp, line 1178]
Event: 1,779 Thread 0x00007f4c1000a000 Exception <a 'java/lang/NullPointerException'> (0x00000000ec6f97a8) thrown at [/build/openjdk-8-AbQ17_/openjdk-8-8u121-b13/src/hotspot/src/share/vm/interpreter/linkResolver.cpp, line 1178]
Event: 2,007 Thread 0x00007f4c1000a000 Implicit null exception at 0x00007f4c0139f7f5 to 0x00007f4c0139f9fd
Event: 2,007 Thread 0x00007f4c1000a000 Implicit null exception at 0x00007f4c012d66af to 0x00007f4c012d6719
Event: 2,286 Thread 0x00007f4c1000a000 Implicit null exception at 0x00007f4c017523c9 to 0x00007f4c01752ee1
Event: 2,824 Thread 0x00007f4c1000a000 Exception <a 'java/lang/ClassNotFoundException': com/sun/tools/javac/api/JavacTool> (0x00000000ef1705d8) thrown at [/build/openjdk-8-AbQ17_/openjdk-8-8u121-b13/src/hotspot/src/share/vm/classfile/systemDictionary.cpp, line 210]
Event: 3,329 Thread 0x00007f4c1000a000 Exception <a 'java/io/FileNotFoundException'> (0x00000000ec4d4720) thrown at [/build/openjdk-8-AbQ17_/openjdk-8-8u121-b13/src/hotspot/src/share/vm/prims/jni.cpp, line 709]
Event: 3,332 Thread 0x00007f4c1000a000 Exception <a 'java/io/FileNotFoundException'> (0x00000000ec4fa990) thrown at [/build/openjdk-8-AbQ17_/openjdk-8-8u121-b13/src/hotspot/src/share/vm/prims/jni.cpp, line 709]
Event: 3,332 Thread 0x00007f4c1000a000 Exception <a 'java/io/FileNotFoundException'> (0x00000000ec4fb678) thrown at [/build/openjdk-8-AbQ17_/openjdk-8-8u121-b13/src/hotspot/src/share/vm/prims/jni.cpp, line 709]
Event: 5,848 Thread 0x00007f4c1000a000 Implicit null exception at 0x00007f4c013276bb to 0x00007f4c01327c9d

Events (10 events):
Event: 28,743 loading class org/apache/commons/compress/archivers/zip/JarMarker done
Event: 29,739 loading class org/apache/commons/compress/archivers/zip/ZipEightByteInteger
Event: 29,746 loading class org/apache/commons/compress/archivers/zip/ZipEightByteInteger done
Event: 29,800 loading class org/apache/commons/compress/archivers/zip/ZipEightByteInteger
Event: 29,808 loading class org/apache/commons/compress/archivers/zip/ZipEightByteInteger done
Event: 31,026 loading class java/lang/Character$CharacterCache
Event: 31,065 loading class java/lang/Character$CharacterCache done
Event: 31,143 loading class java/util/Formatter$DateTime
Event: 31,215 loading class java/util/Formatter$DateTime done
Event: 31,426 Executing VM operation: ParallelGCSystemGC


Dynamic libraries:
c3800000-c5880000 rw-p 00000000 00:00 0 
c5880000-ebd80000 ---p 00000000 00:00 0 
ebd80000-f4980000 rw-p 00000000 00:00 0 
f8200000-100000000 ---p 00000000 00:00 0 
100000000-10034c000 rw-p 00000000 00:00 0 
10034c000-140000000 ---p 00000000 00:00 0 
55c8c263d000-55c8c263e000 r-xp 00000000 08:04 2623559                    /usr/lib/jvm/java-8-openjdk-amd64/jre/bin/java
55c8c283d000-55c8c283e000 r--p 00000000 08:04 2623559                    /usr/lib/jvm/java-8-openjdk-amd64/jre/bin/java
55c8c283e000-55c8c283f000 rw-p 00001000 08:04 2623559                    /usr/lib/jvm/java-8-openjdk-amd64/jre/bin/java
55c8c30fb000-55c8c311c000 rw-p 00000000 00:00 0                          [heap]
7f4bc4000000-7f4bc4021000 rw-p 00000000 00:00 0 
7f4bc4021000-7f4bc8000000 ---p 00000000 00:00 0 
7f4bcb2c4000-7f4bcb404000 rw-p 00000000 00:00 0 
7f4bcb404000-7f4bcb4c4000 ---p 00000000 00:00 0 
7f4bcb4c4000-7f4bcb4c7000 r--s 00023000 08:04 1052027                    /home/erickvelasco11/.m2/repository/org/apache/maven/shared/maven-shared-utils/0.3/maven-shared-utils-0.3.jar
7f4bcb4c7000-7f4bcb4c9000 r--s 00009000 08:04 927509                     /home/erickvelasco11/.m2/repository/org/apache/maven/shared/maven-filtering/1.2/maven-filtering-1.2.jar
7f4bcb4c9000-7f4bcb4cd000 r--s 00038000 08:04 927505                     /home/erickvelasco11/.m2/repository/org/codehaus/plexus/plexus-utils/3.0.18/plexus-utils-3.0.18.jar
7f4bcb4cd000-7f4bcb4cf000 r--s 00005000 08:04 1052028                    /home/erickvelasco11/.m2/repository/xpp3/xpp3_min/1.1.4c/xpp3_min-1.1.4c.jar
7f4bcb4cf000-7f4bcb4dc000 r--s 0006a000 08:04 1052024                    /home/erickvelasco11/.m2/repository/com/thoughtworks/xstream/xstream/1.4.4/xstream-1.4.4.jar
7f4bcb4dc000-7f4bcb4e3000 r--s 00053000 08:04 927503                     /home/erickvelasco11/.m2/repository/org/apache/commons/commons-compress/1.8.1/commons-compress-1.8.1.jar
7f4bcb4e3000-7f4bcb6e3000 rw-p 00000000 00:00 0 
7f4bcb6e3000-7f4bcb6ea000 r--s 00000000 08:04 2630305                    /usr/lib/x86_64-linux-gnu/gconv/gconv-modules.cache
7f4bcb6ea000-7f4bcb70f000 r--p 00000000 08:04 2762919                    /usr/share/locale-langpack/es/LC_MESSAGES/libc.mo
7f4bcb70f000-7f4bcb710000 r--s 00002000 08:04 1052035                    /home/erickvelasco11/.m2/repository/org/apache/maven/shared/maven-mapping/1.0/maven-mapping-1.0.jar
7f4bcb710000-7f4bcb711000 r--s 00001000 08:04 1052026                    /home/erickvelasco11/.m2/repository/xmlpull/xmlpull/1.1.3.1/xmlpull-1.1.3.1.jar
7f4bcb711000-7f4bcb714000 r--s 0000d000 08:04 927506                     /home/erickvelasco11/.m2/repository/org/codehaus/plexus/plexus-interpolation/1.19/plexus-interpolation-1.19.jar
7f4bcb714000-7f4bcb718000 r--s 0001d000 08:04 927502                     /home/erickvelasco11/.m2/repository/org/codehaus/plexus/plexus-archiver/2.6.3/plexus-archiver-2.6.3.jar
7f4bcb718000-7f4bcb71c000 r--s 00027000 08:04 927499                     /home/erickvelasco11/.m2/repository/commons-io/commons-io/2.2/commons-io-2.2.jar
7f4bcb71c000-7f4bcb71f000 r--s 0000e000 08:04 927497                     /home/erickvelasco11/.m2/repository/org/codehaus/plexus/plexus-io/2.1.3/plexus-io-2.1.3.jar
7f4bcb71f000-7f4bcb721000 r--s 00004000 08:04 927495                     /home/erickvelasco11/.m2/repository/org/apache/maven/maven-archiver/2.5/maven-archiver-2.5.jar
7f4bcb721000-7f4bcb723000 r--s 00002000 08:04 927493                     /home/erickvelasco11/.m2/repository/org/sonatype/plexus/plexus-cipher/1.4/plexus-cipher-1.4.jar
7f4bcb723000-7f4bcb724000 r--s 00006000 08:04 792208                     /home/erickvelasco11/.m2/repository/org/sonatype/plexus/plexus-sec-dispatcher/1.3/plexus-sec-dispatcher-1.3.jar
7f4bcb724000-7f4bcb726000 r--s 00009000 08:04 792199                     /home/erickvelasco11/.m2/repository/commons-cli/commons-cli/1.2/commons-cli-1.2.jar
7f4bcb726000-7f4bcb727000 r--s 00002000 08:04 792196                     /home/erickvelasco11/.m2/repository/org/apache/maven/doxia/doxia-logging-api/1.1/doxia-logging-api-1.1.jar
7f4bcb727000-7f4bcb729000 r--s 00002000 08:04 792190                     /home/erickvelasco11/.m2/repository/org/apache/maven/doxia/doxia-sink-api/1.1/doxia-sink-api-1.1.jar
7f4bcb729000-7f4bcb72a000 r--s 00002000 08:04 792189                     /home/erickvelasco11/.m2/repository/org/apache/maven/reporting/maven-reporting-api/2.2.1/maven-reporting-api-2.2.1.jar
7f4bcb72a000-7f4bcb72c000 r--s 00003000 08:04 792188                     /home/erickvelasco11/.m2/repository/org/slf4j/jcl-over-slf4j/1.5.6/jcl-over-slf4j-1.5.6.jar
7f4bcb72c000-7f4bcb72e000 r--s 00001000 08:04 792182                     /home/erickvelasco11/.m2/repository/org/slf4j/slf4j-jdk14/1.5.6/slf4j-jdk14-1.5.6.jar
7f4bcb72e000-7f4bcb736000 r--s 00049000 08:04 792174                     /home/erickvelasco11/.m2/repository/backport-util-concurrent/backport-util-concurrent/3.1/backport-util-concurrent-3.1.jar
7f4bcb736000-7f4bcb738000 r--s 00013000 08:04 661288                     /home/erickvelasco11/.m2/repository/org/apache/maven/plugins/maven-war-plugin/2.5/maven-war-plugin-2.5.jar
7f4bcb738000-7f4bcb739000 r--s 00003000 08:04 1182736                    /home/erickvelasco11/.m2/repository/org/apache/maven/plugin-tools/maven-plugin-annotations/3.2/maven-plugin-annotations-3.2.jar
7f4bcb739000-7f4bcb73d000 r--s 00020000 08:04 1182740                    /home/erickvelasco11/.m2/repository/org/apache/maven/surefire/surefire-api/2.17/surefire-api-2.17.jar
7f4bcb73d000-7f4bcb743000 r--s 00048000 08:04 1182566                    /home/erickvelasco11/.m2/repository/org/apache/commons/commons-lang3/3.1/commons-lang3-3.1.jar
7f4bcb743000-7f4bcb744000 r--s 00002000 08:04 927548                     /home/erickvelasco11/.m2/repository/org/apache/maven/reporting/maven-reporting-api/2.0.9/maven-reporting-api-2.0.9.jar
7f4bcb744000-7f4bcb746000 r--s 00008000 08:04 1182738                    /home/erickvelasco11/.m2/repository/org/apache/maven/surefire/surefire-booter/2.17/surefire-booter-2.17.jar
7f4bcb746000-7f4bcb74b000 r--s 0003c000 08:04 1182734                    /home/erickvelasco11/.m2/repository/org/apache/maven/surefire/maven-surefire-common/2.17/maven-surefire-common-2.17.jar
7f4bcb74b000-7f4bcb74d000 r--s 00007000 08:04 1182696                    /home/erickvelasco11/.m2/repository/org/apache/maven/plugins/maven-surefire-plugin/2.17/maven-surefire-plugin-2.17.jar
7f4bcb74d000-7f4bcb94d000 rw-p 00000000 00:00 0 
7f4bcb94d000-7f4bcbb4d000 rw-p 00000000 00:00 0 
7f4bcbb4d000-7f4bcbbc6000 r--s 010fd000 08:04 2630405                    /usr/lib/jvm/java-8-openjdk-amd64/lib/tools.jar
7f4bcbbc6000-7f4bcbbc9000 r--s 0001b000 08:04 1182489                    /home/erickvelasco11/.m2/repository/junit/junit/3.8.2/junit-3.8.2.jar
7f4bcbbc9000-7f4bcbbd7000 r--s 0008f000 08:04 1182486                    /home/erickvelasco11/.m2/repository/com/google/collections/google-collections/1.0/google-collections-1.0.jar
7f4bcbbd7000-7f4bcbbd8000 r--s 0000a000 08:04 1182484                    /home/erickvelasco11/.m2/repository/commons-logging/commons-logging-api/1.1/commons-logging-api-1.1.jar
7f4bcbbd8000-7f4bcbbdf000 r--s 00051000 08:04 1182482                    /home/erickvelasco11/.m2/repository/log4j/log4j/1.2.12/log4j-1.2.12.jar
7f4bcbbdf000-7f4bcbbe3000 r--s 0001d000 08:04 1182480                    /home/erickvelasco11/.m2/repository/org/apache/xbean/xbean-reflect/3.4/xbean-reflect-3.4.jar
7f4bcbbe3000-7f4bcbbe5000 r--s 00000000 08:04 1182712                    /home/erickvelasco11/.m2/repository/org/codehaus/plexus/plexus-compiler-manager/2.4/plexus-compiler-manager-2.4.jar
7f4bcbbe5000-7f4bcbbe7000 r--s 00005000 08:04 1052293                    /home/erickvelasco11/.m2/repository/org/codehaus/plexus/plexus-compiler-api/2.4/plexus-compiler-api-2.4.jar
7f4bcbbe7000-7f4bcbbe9000 r--s 00000000 08:04 1052231                    /home/erickvelasco11/.m2/repository/org/codehaus/plexus/plexus-component-annotations/1.5.5/plexus-component-annotations-1.5.5.jar
7f4bcbbe9000-7f4bcbbeb000 r--s 00002000 08:04 1052230                    /home/erickvelasco11/.m2/repository/org/apache/maven/shared/maven-shared-incremental/1.1/maven-shared-incremental-1.1.jar
7f4bcbbeb000-7f4bcbbed000 r--s 00006000 08:04 792171                     /home/erickvelasco11/.m2/repository/com/google/code/findbugs/jsr305/2.0.1/jsr305-2.0.1.jar
7f4bcbbed000-7f4bcbded000 rw-p 00000000 00:00 0 
7f4bcbded000-7f4bcbdfe000 r-xp 00000000 08:04 2623598                    /usr/lib/jvm/java-8-openjdk-amd64/jre/lib/amd64/libnio.so
7f4bcbdfe000-7f4bcbffe000 ---p 00011000 08:04 2623598                    /usr/lib/jvm/java-8-openjdk-amd64/jre/lib/amd64/libnio.so
7f4bcbffe000-7f4bcbfff000 r--p 00011000 08:04 2623598                    /usr/lib/jvm/java-8-openjdk-amd64/jre/lib/amd64/libnio.so
7f4bcbfff000-7f4bcc000000 rw-p 00012000 08:04 2623598                    /usr/lib/jvm/java-8-openjdk-amd64/jre/lib/amd64/libnio.so
7f4bcc000000-7f4bcd65d000 rw-p 00000000 00:00 0 
7f4bcd65d000-7f4bd0000000 ---p 00000000 00:00 0 
7f4bd0000000-7f4bd0021000 rw-p 00000000 00:00 0 
7f4bd0021000-7f4bd4000000 ---p 00000000 00:00 0 
7f4bd4000000-7f4bd6103000 rw-p 00000000 00:00 0 
7f4bd6103000-7f4bd8000000 ---p 00000000 00:00 0 
7f4bd8000000-7f4bda165000 rw-p 00000000 00:00 0 
7f4bda165000-7f4bdc000000 ---p 00000000 00:00 0 
7f4bdc000000-7f4bdc021000 rw-p 00000000 00:00 0 
7f4bdc021000-7f4be0000000 ---p 00000000 00:00 0 
7f4be0000000-7f4be0021000 rw-p 00000000 00:00 0 
7f4be0021000-7f4be4000000 ---p 00000000 00:00 0 
7f4be4000000-7f4be4276000 rw-p 00000000 00:00 0 
7f4be4276000-7f4be8000000 ---p 00000000 00:00 0 
7f4be8000000-7f4be8021000 rw-p 00000000 00:00 0 
7f4be8021000-7f4bec000000 ---p 00000000 00:00 0 
7f4bec000000-7f4bec021000 rw-p 00000000 00:00 0 
7f4bec021000-7f4bf0000000 ---p 00000000 00:00 0 
7f4bf0000000-7f4bf0021000 rw-p 00000000 00:00 0 
7f4bf0021000-7f4bf4000000 ---p 00000000 00:00 0 
7f4bf4000000-7f4bf4021000 rw-p 00000000 00:00 0 
7f4bf4021000-7f4bf8000000 ---p 00000000 00:00 0 
7f4bf8000000-7f4bf8001000 r--s 00004000 08:04 1182710                    /home/erickvelasco11/.m2/repository/org/codehaus/plexus/plexus-compiler-javac/2.4/plexus-compiler-javac-2.4.jar
7f4bf8001000-7f4bf8004000 r--s 00023000 08:04 1052228                    /home/erickvelasco11/.m2/repository/org/apache/maven/shared/maven-shared-utils/0.1/maven-shared-utils-0.1.jar
7f4bf8004000-7f4bf8008000 r--s 00030000 08:04 1052198                    /home/erickvelasco11/.m2/repository/org/codehaus/plexus/plexus-utils/1.5.1/plexus-utils-1.5.1.jar
7f4bf8008000-7f4bf800a000 r--s 0000a000 08:04 1052283                    /home/erickvelasco11/.m2/repository/org/apache/maven/plugins/maven-compiler-plugin/3.2/maven-compiler-plugin-3.2.jar
7f4bf800a000-7f4bf800c000 r--s 0000d000 08:04 1052085                    /home/erickvelasco11/.m2/repository/org/codehaus/plexus/plexus-interpolation/1.13/plexus-interpolation-1.13.jar
7f4bf800c000-7f4bf800d000 r--s 00001000 08:04 1052032                    /home/erickvelasco11/.m2/repository/org/sonatype/plexus/plexus-build-api/0.0.4/plexus-build-api-0.0.4.jar
7f4bf800d000-7f4bf800f000 r--s 00009000 08:04 1052083                    /home/erickvelasco11/.m2/repository/org/apache/maven/shared/maven-filtering/1.1/maven-filtering-1.1.jar
7f4bf800f000-7f4bf8013000 r--s 00033000 08:04 1052081                    /home/erickvelasco11/.m2/repository/org/codehaus/plexus/plexus-utils/2.0.5/plexus-utils-2.0.5.jar
7f4bf8013000-7f4bf8016000 r--s 0001b000 08:04 661438                     /home/erickvelasco11/.m2/repository/junit/junit/3.8.1/junit-3.8.1.jar
7f4bf8016000-7f4bf8018000 r--s 00002000 08:04 792205                     /home/erickvelasco11/.m2/repository/org/codehaus/plexus/plexus-interactivity-api/1.0-alpha-4/plexus-interactivity-api-1.0-alpha-4.jar
7f4bf8018000-7f4bf801a000 r--s 00006000 08:04 927533                     /home/erickvelasco11/.m2/repository/commons-cli/commons-cli/1.0/commons-cli-1.0.jar
7f4bf801a000-7f4bf801b000 r--s 00001000 08:04 927526                     /home/erickvelasco11/.m2/repository/org/apache/maven/doxia/doxia-sink-api/1.0-alpha-7/doxia-sink-api-1.0-alpha-7.jar
7f4bf801b000-7f4bf801c000 r--s 00002000 08:04 927524                     /home/erickvelasco11/.m2/repository/org/apache/maven/reporting/maven-reporting-api/2.0.6/maven-reporting-api-2.0.6.jar
7f4bf801c000-7f4bf801e000 r--s 00006000 08:04 1052055                    /home/erickvelasco11/.m2/repository/org/apache/maven/plugins/maven-resources-plugin/2.6/maven-resources-plugin-2.6.jar
7f4bf801e000-7f4bf831f000 rw-p 00000000 00:00 0 
7f4bf831f000-7f4bf8336000 r-xp 00000000 08:04 2623597                    /usr/lib/jvm/java-8-openjdk-amd64/jre/lib/amd64/libnet.so
7f4bf8336000-7f4bf8535000 ---p 00017000 08:04 2623597                    /usr/lib/jvm/java-8-openjdk-amd64/jre/lib/amd64/libnet.so
7f4bf8535000-7f4bf8536000 r--p 00016000 08:04 2623597                    /usr/lib/jvm/java-8-openjdk-amd64/jre/lib/amd64/libnet.so
7f4bf8536000-7f4bf8537000 rw-p 00017000 08:04 2623597                    /usr/lib/jvm/java-8-openjdk-amd64/jre/lib/amd64/libnet.so
7f4bf8537000-7f4bf8737000 rw-p 00000000 00:00 0 
7f4bf8737000-7f4bf873b000 r--s 0009a000 08:04 2623642                    /usr/lib/jvm/java-8-openjdk-amd64/jre/lib/jsse.jar
7f4bf873b000-7f4bf893b000 rw-p 00000000 00:00 0 
7f4bf893b000-7f4bf8b3b000 rw-p 00000000 00:00 0 
7f4bf8b3b000-7f4bf8b48000 r--s 0008d000 08:04 2766332                    /usr/share/java/maven3-core-3.3.9.jar
7f4bf8b48000-7f4bf8b4b000 r--s 0000a000 08:04 2766329                    /usr/share/java/maven3-artifact-3.3.9.jar
7f4bf8b4b000-7f4bf8b4d000 r--s 0000a000 08:04 2766330                    /usr/share/java/maven3-plugin-api-3.3.9.jar
7f4bf8b4d000-7f4bf8b4f000 r--s 00005000 08:04 2766139                    /usr/share/java/eclipse-aether-transport-wagon.jar
7f4bf8b4f000-7f4bf8b56000 r--s 00054000 08:04 2766300                    /usr/share/java/sisu-inject.jar
7f4bf8b56000-7f4bf8b58000 r--s 00013000 08:04 2766328                    /usr/share/java/maven3-embedder-3.3.9.jar
7f4bf8b58000-7f4bf8b5f000 r--s 0005e000 08:04 2765965                    /usr/share/java/commons-lang3.jar
7f4bf8b5f000-7f4bf8b61000 r--s 0000a000 08:04 2765949                    /usr/share/java/commons-cli-1.3.1.jar
7f4bf8b61000-7f4bf8b62000 ---p 00000000 00:00 0 
7f4bf8b62000-7f4bf8c62000 rw-p 00000000 00:00 0 
7f4bf8c62000-7f4bf8c65000 ---p 00000000 00:00 0 
7f4bf8c65000-7f4bf8d63000 rw-p 00000000 00:00 0 
7f4bf8d63000-7f4bf8d66000 ---p 00000000 00:00 0 
7f4bf8d66000-7f4bf8e64000 rw-p 00000000 00:00 0 
7f4bf8e64000-7f4bf8e67000 ---p 00000000 00:00 0 
7f4bf8e67000-7f4bf8f65000 rw-p 00000000 00:00 0 
7f4bf8f65000-7f4bf8f68000 ---p 00000000 00:00 0 
7f4bf8f68000-7f4bf9066000 rw-p 00000000 00:00 0 
7f4bf9066000-7f4bf9069000 ---p 00000000 00:00 0 
7f4bf9069000-7f4bf9167000 rw-p 00000000 00:00 0 
7f4bf9167000-7f4bf96b5000 r--p 00000000 08:04 2492847                    /usr/lib/locale/locale-archive
7f4bf96b5000-7f4bf96b8000 ---p 00000000 00:00 0 
7f4bf96b8000-7f4bf97b6000 rw-p 00000000 00:00 0 
7f4bf97b6000-7f4bf97b9000 ---p 00000000 00:00 0 
7f4bf97b9000-7f4bf98b7000 rw-p 00000000 00:00 0 
7f4bf98b7000-7f4bf98b8000 ---p 00000000 00:00 0 
7f4bf98b8000-7f4bfc000000 rw-p 00000000 00:00 0 
7f4bfc000000-7f4bfc021000 rw-p 00000000 00:00 0 
7f4bfc021000-7f4c00000000 ---p 00000000 00:00 0 
7f4c00000000-7f4c00001000 r--s 00006000 08:04 2766234                    /usr/share/java/plexus-sec-dispatcher.jar
7f4c00001000-7f4c00003000 r--s 00002000 08:04 2766232                    /usr/share/java/plexus-cipher.jar
7f4c00003000-7f4c00005000 r--s 0000e000 08:04 2766010                    /usr/share/java/plexus-interpolation.jar
7f4c00005000-7f4c0000c000 r--s 0002c000 08:04 2766302                    /usr/share/java/sisu-plexus.jar
7f4c0000c000-7f4c0000d000 r--s 00006000 08:04 2766325                    /usr/share/java/maven3-repository-metadata-3.3.9.jar
7f4c0000d000-7f4c0000e000 r--s 00001000 08:04 2766309                    /usr/share/java/wagon-http-shared-2.x.jar
7f4c0000e000-7f4c00012000 r--s 00038000 08:04 2766284                    /usr/share/java/plexus-utils2.jar
7f4c00012000-7f4c00017000 r--s 0001d000 08:04 2766140                    /usr/share/java/eclipse-aether-api.jar
7f4c00017000-7f4c0001a000 r--s 00007000 08:04 2766324                    /usr/share/java/maven3-settings-builder-3.3.9.jar
7f4c0001a000-7f4c0001c000 r--s 00000000 08:04 2766278                    /usr/share/java/plexus-component-annotations-1.5.jar
7f4c0001c000-7f4c0002a000 r--s 00095000 08:04 2766157                    /usr/share/java/guice.jar
7f4c0002a000-7f4c0002c000 r--s 0000d000 08:04 2766321                    /usr/share/java/maven3-aether-provider-3.3.9.jar
7f4c0002c000-7f4c0002e000 r--s 00006000 08:04 2766138                    /usr/share/java/eclipse-aether-spi.jar
7f4c0002e000-7f4c0002f000 r--s 0000a000 08:04 2766327                    /usr/share/java/maven3-settings-3.3.9.jar
7f4c0002f000-7f4c00034000 r--s 0002e000 08:04 2765961                    /usr/share/java/commons-io.jar
7f4c00034000-7f4c00039000 r--s 00025000 08:04 2766322                    /usr/share/java/maven3-model-builder-3.3.9.jar
7f4c00039000-7f4c0003f000 r--s 00048000 08:04 2766067                    /usr/share/java/jsoup.jar
7f4c0003f000-7f4c00041000 r--s 00001000 08:04 2766331                    /usr/share/java/maven3-builder-support-3.3.9.jar
7f4c00041000-7f4c00043000 r--s 00001000 08:04 2766152                    /usr/share/java/aopalliance-1.0.jar
7f4c00043000-7f4c0006f000 r--s 00208000 08:04 2766071                    /usr/share/java/guava.jar
7f4c0006f000-7f4c00073000 r--s 00027000 08:04 2766133                    /usr/share/java/eclipse-aether-impl.jar
7f4c00073000-7f4c00074000 r--s 00001000 08:04 2766304                    /usr/share/java/wagon-file-2.x.jar
7f4c00074000-7f4c00079000 r--s 00040000 08:04 2765963                    /usr/share/java/commons-lang-2.6.jar
7f4c00079000-7f4c0007a000 r--s 00004000 08:04 2765882                    /usr/share/java/atinject-jsr330-tck-1.0.jar
7f4c0007a000-7f4c0007b000 r--s 00008000 08:04 2766136                    /usr/share/java/eclipse-aether-connector-basic.jar
7f4c0007b000-7f4c0007c000 r--s 00002000 08:04 2766052                    /usr/share/java/slf4j-simple.jar
7f4c0007c000-7f4c0007e000 r--s 00027000 08:04 2766323                    /usr/share/java/maven3-model-3.3.9.jar
7f4c0007e000-7f4c00085000 r--s 00041000 08:04 2766326                    /usr/share/java/maven3-compat-3.3.9.jar
7f4c00085000-7f4c00089000 r--s 00020000 08:04 2766141                    /usr/share/java/eclipse-aether-util.jar
7f4c00089000-7f4c0008b000 r--s 0000a000 08:04 2766310                    /usr/share/java/wagon-provider-api-2.x.jar
7f4c0008b000-7f4c000bc000 r--s 00212000 08:04 2766308                    /usr/share/java/wagon-http-shaded-2.x.jar
7f4c000bc000-7f4c000bd000 r--s 00009000 08:04 2766046                    /usr/share/java/slf4j-api.jar
7f4c000bd000-7f4c000be000 r--s 00000000 08:04 2765894                    /usr/share/java/geronimo-interceptor-3.0-spec-1.0.1.jar
7f4c000be000-7f4c000c0000 r--s 00012000 08:04 2765903                    /usr/share/java/el-api-3.0.jar
7f4c000c0000-7f4c000c3000 r--s 00008000 08:04 2765907                    /usr/share/java/cdi-api-1.0.jar
7f4c000c3000-7f4c000de000 r--s 00394000 08:04 2623619                    /usr/lib/jvm/java-8-openjdk-amd64/jre/lib/ext/cldrdata.jar
7f4c000de000-7f4c000f9000 r--s 001d6000 08:04 2623624                    /usr/lib/jvm/java-8-openjdk-amd64/jre/lib/ext/nashorn.jar
7f4c000f9000-7f4c01000000 rw-p 00000000 00:00 0 
7f4c01000000-7f4c01bf0000 rwxp 00000000 00:00 0 
7f4c01bf0000-7f4c10000000 ---p 00000000 00:00 0 
7f4c10000000-7f4c11026000 rw-p 00000000 00:00 0 
7f4c11026000-7f4c14000000 ---p 00000000 00:00 0 
7f4c14000000-7f4c1400a000 r--s 00116000 08:04 2623623                    /usr/lib/jvm/java-8-openjdk-amd64/jre/lib/ext/localedata.jar
7f4c1400a000-7f4c140ba000 rw-p 00000000 00:00 0 
7f4c140ba000-7f4c14288000 r--s 03c06000 08:04 2623648                    /usr/lib/jvm/java-8-openjdk-amd64/jre/lib/rt.jar
7f4c14288000-7f4c144e2000 rw-p 00000000 00:00 0 
7f4c144e2000-7f4c144e3000 ---p 00000000 00:00 0 
7f4c144e3000-7f4c145e3000 rw-p 00000000 00:00 0 
7f4c145e3000-7f4c145e4000 ---p 00000000 00:00 0 
7f4c145e4000-7f4c146e4000 rw-p 00000000 00:00 0 
7f4c146e4000-7f4c146e5000 ---p 00000000 00:00 0 
7f4c146e5000-7f4c147e5000 rw-p 00000000 00:00 0 
7f4c147e5000-7f4c147e6000 ---p 00000000 00:00 0 
7f4c147e6000-7f4c148f7000 rw-p 00000000 00:00 0 
7f4c148f7000-7f4c14a29000 ---p 00000000 00:00 0 
7f4c14a29000-7f4c14a3a000 rw-p 00000000 00:00 0 
7f4c14a3a000-7f4c14b6b000 ---p 00000000 00:00 0 
7f4c14b6b000-7f4c14bb2000 rw-p 00000000 00:00 0 
7f4c14bb2000-7f4c14c0d000 ---p 00000000 00:00 0 
7f4c14c0d000-7f4c14c3e000 rw-p 00000000 00:00 0 
7f4c14c3e000-7f4c14fce000 ---p 00000000 00:00 0 
7f4c14fce000-7f4c14fd6000 r-xp 00000000 08:04 2623605                    /usr/lib/jvm/java-8-openjdk-amd64/jre/lib/amd64/libzip.so
7f4c14fd6000-7f4c151d5000 ---p 00008000 08:04 2623605                    /usr/lib/jvm/java-8-openjdk-amd64/jre/lib/amd64/libzip.so
7f4c151d5000-7f4c151d6000 r--p 00007000 08:04 2623605                    /usr/lib/jvm/java-8-openjdk-amd64/jre/lib/amd64/libzip.so
7f4c151d6000-7f4c151d7000 rw-p 00008000 08:04 2623605                    /usr/lib/jvm/java-8-openjdk-amd64/jre/lib/amd64/libzip.so
7f4c151d7000-7f4c151e2000 r-xp 00000000 08:04 3019875                    /lib/x86_64-linux-gnu/libnss_files-2.24.so
7f4c151e2000-7f4c153e1000 ---p 0000b000 08:04 3019875                    /lib/x86_64-linux-gnu/libnss_files-2.24.so
7f4c153e1000-7f4c153e2000 r--p 0000a000 08:04 3019875                    /lib/x86_64-linux-gnu/libnss_files-2.24.so
7f4c153e2000-7f4c153e3000 rw-p 0000b000 08:04 3019875                    /lib/x86_64-linux-gnu/libnss_files-2.24.so
7f4c153e3000-7f4c153e9000 rw-p 00000000 00:00 0 
7f4c153e9000-7f4c153f4000 r-xp 00000000 08:04 3020041                    /lib/x86_64-linux-gnu/libnss_nis-2.24.so
7f4c153f4000-7f4c155f3000 ---p 0000b000 08:04 3020041                    /lib/x86_64-linux-gnu/libnss_nis-2.24.so
7f4c155f3000-7f4c155f4000 r--p 0000a000 08:04 3020041                    /lib/x86_64-linux-gnu/libnss_nis-2.24.so
7f4c155f4000-7f4c155f5000 rw-p 0000b000 08:04 3020041                    /lib/x86_64-linux-gnu/libnss_nis-2.24.so
7f4c155f5000-7f4c1560b000 r-xp 00000000 08:04 3014706                    /lib/x86_64-linux-gnu/libnsl-2.24.so
7f4c1560b000-7f4c1580a000 ---p 00016000 08:04 3014706                    /lib/x86_64-linux-gnu/libnsl-2.24.so
7f4c1580a000-7f4c1580b000 r--p 00015000 08:04 3014706                    /lib/x86_64-linux-gnu/libnsl-2.24.so
7f4c1580b000-7f4c1580c000 rw-p 00016000 08:04 3014706                    /lib/x86_64-linux-gnu/libnsl-2.24.so
7f4c1580c000-7f4c1580e000 rw-p 00000000 00:00 0 
7f4c1580e000-7f4c15816000 r-xp 00000000 08:04 3019370                    /lib/x86_64-linux-gnu/libnss_compat-2.24.so
7f4c15816000-7f4c15a15000 ---p 00008000 08:04 3019370                    /lib/x86_64-linux-gnu/libnss_compat-2.24.so
7f4c15a15000-7f4c15a16000 r--p 00007000 08:04 3019370                    /lib/x86_64-linux-gnu/libnss_compat-2.24.so
7f4c15a16000-7f4c15a17000 rw-p 00008000 08:04 3019370                    /lib/x86_64-linux-gnu/libnss_compat-2.24.so
7f4c15a17000-7f4c15a44000 r-xp 00000000 08:04 2623586                    /usr/lib/jvm/java-8-openjdk-amd64/jre/lib/amd64/libjava.so
7f4c15a44000-7f4c15c43000 ---p 0002d000 08:04 2623586                    /usr/lib/jvm/java-8-openjdk-amd64/jre/lib/amd64/libjava.so
7f4c15c43000-7f4c15c44000 r--p 0002c000 08:04 2623586                    /usr/lib/jvm/java-8-openjdk-amd64/jre/lib/amd64/libjava.so
7f4c15c44000-7f4c15c46000 rw-p 0002d000 08:04 2623586                    /usr/lib/jvm/java-8-openjdk-amd64/jre/lib/amd64/libjava.so
7f4c15c46000-7f4c15c55000 r-xp 00000000 08:04 2623604                    /usr/lib/jvm/java-8-openjdk-amd64/jre/lib/amd64/libverify.so
7f4c15c55000-7f4c15e54000 ---p 0000f000 08:04 2623604                    /usr/lib/jvm/java-8-openjdk-amd64/jre/lib/amd64/libverify.so
7f4c15e54000-7f4c15e56000 r--p 0000e000 08:04 2623604                    /usr/lib/jvm/java-8-openjdk-amd64/jre/lib/amd64/libverify.so
7f4c15e56000-7f4c15e57000 rw-p 00010000 08:04 2623604                    /usr/lib/jvm/java-8-openjdk-amd64/jre/lib/amd64/libverify.so
7f4c15e57000-7f4c15e5e000 r-xp 00000000 08:04 3021067                    /lib/x86_64-linux-gnu/librt-2.24.so
7f4c15e5e000-7f4c1605d000 ---p 00007000 08:04 3021067                    /lib/x86_64-linux-gnu/librt-2.24.so
7f4c1605d000-7f4c1605e000 r--p 00006000 08:04 3021067                    /lib/x86_64-linux-gnu/librt-2.24.so
7f4c1605e000-7f4c1605f000 rw-p 00007000 08:04 3021067                    /lib/x86_64-linux-gnu/librt-2.24.so
7f4c1605f000-7f4c16075000 r-xp 00000000 08:04 3019801                    /lib/x86_64-linux-gnu/libgcc_s.so.1
7f4c16075000-7f4c16274000 ---p 00016000 08:04 3019801                    /lib/x86_64-linux-gnu/libgcc_s.so.1
7f4c16274000-7f4c16275000 r--p 00015000 08:04 3019801                    /lib/x86_64-linux-gnu/libgcc_s.so.1
7f4c16275000-7f4c16276000 rw-p 00016000 08:04 3019801                    /lib/x86_64-linux-gnu/libgcc_s.so.1
7f4c16276000-7f4c1637e000 r-xp 00000000 08:04 3014703                    /lib/x86_64-linux-gnu/libm-2.24.so
7f4c1637e000-7f4c1657d000 ---p 00108000 08:04 3014703                    /lib/x86_64-linux-gnu/libm-2.24.so
7f4c1657d000-7f4c1657e000 r--p 00107000 08:04 3014703                    /lib/x86_64-linux-gnu/libm-2.24.so
7f4c1657e000-7f4c1657f000 rw-p 00108000 08:04 3014703                    /lib/x86_64-linux-gnu/libm-2.24.so
7f4c1657f000-7f4c166f7000 r-xp 00000000 08:04 2495982                    /usr/lib/x86_64-linux-gnu/libstdc++.so.6.0.22
7f4c166f7000-7f4c168f7000 ---p 00178000 08:04 2495982                    /usr/lib/x86_64-linux-gnu/libstdc++.so.6.0.22
7f4c168f7000-7f4c16901000 r--p 00178000 08:04 2495982                    /usr/lib/x86_64-linux-gnu/libstdc++.so.6.0.22
7f4c16901000-7f4c16903000 rw-p 00182000 08:04 2495982                    /usr/lib/x86_64-linux-gnu/libstdc++.so.6.0.22
7f4c16903000-7f4c16907000 rw-p 00000000 00:00 0 
7f4c16907000-7f4c1755c000 r-xp 00000000 08:04 2623608                    /usr/lib/jvm/java-8-openjdk-amd64/jre/lib/amd64/server/libjvm.so
7f4c1755c000-7f4c1775c000 ---p 00c55000 08:04 2623608                    /usr/lib/jvm/java-8-openjdk-amd64/jre/lib/amd64/server/libjvm.so
7f4c1775c000-7f4c177ef000 r--p 00c55000 08:04 2623608                    /usr/lib/jvm/java-8-openjdk-amd64/jre/lib/amd64/server/libjvm.so
7f4c177ef000-7f4c17818000 rw-p 00ce8000 08:04 2623608                    /usr/lib/jvm/java-8-openjdk-amd64/jre/lib/amd64/server/libjvm.so
7f4c17818000-7f4c17848000 rw-p 00000000 00:00 0 
7f4c17848000-7f4c17860000 r-xp 00000000 08:04 3020044                    /lib/x86_64-linux-gnu/libpthread-2.24.so
7f4c17860000-7f4c17a60000 ---p 00018000 08:04 3020044                    /lib/x86_64-linux-gnu/libpthread-2.24.so
7f4c17a60000-7f4c17a61000 r--p 00018000 08:04 3020044                    /lib/x86_64-linux-gnu/libpthread-2.24.so
7f4c17a61000-7f4c17a62000 rw-p 00019000 08:04 3020044                    /lib/x86_64-linux-gnu/libpthread-2.24.so
7f4c17a62000-7f4c17a66000 rw-p 00000000 00:00 0 
7f4c17a66000-7f4c17a69000 r-xp 00000000 08:04 3014702                    /lib/x86_64-linux-gnu/libdl-2.24.so
7f4c17a69000-7f4c17c68000 ---p 00003000 08:04 3014702                    /lib/x86_64-linux-gnu/libdl-2.24.so
7f4c17c68000-7f4c17c69000 r--p 00002000 08:04 3014702                    /lib/x86_64-linux-gnu/libdl-2.24.so
7f4c17c69000-7f4c17c6a000 rw-p 00003000 08:04 3014702                    /lib/x86_64-linux-gnu/libdl-2.24.so
7f4c17c6a000-7f4c17c83000 r-xp 00000000 08:04 3019938                    /lib/x86_64-linux-gnu/libz.so.1.2.8
7f4c17c83000-7f4c17e82000 ---p 00019000 08:04 3019938                    /lib/x86_64-linux-gnu/libz.so.1.2.8
7f4c17e82000-7f4c17e83000 r--p 00018000 08:04 3019938                    /lib/x86_64-linux-gnu/libz.so.1.2.8
7f4c17e83000-7f4c17e84000 rw-p 00019000 08:04 3019938                    /lib/x86_64-linux-gnu/libz.so.1.2.8
7f4c17e84000-7f4c18041000 r-xp 00000000 08:04 3014699                    /lib/x86_64-linux-gnu/libc-2.24.so
7f4c18041000-7f4c18241000 ---p 001bd000 08:04 3014699                    /lib/x86_64-linux-gnu/libc-2.24.so
7f4c18241000-7f4c18245000 r--p 001bd000 08:04 3014699                    /lib/x86_64-linux-gnu/libc-2.24.so
7f4c18245000-7f4c18247000 rw-p 001c1000 08:04 3014699                    /lib/x86_64-linux-gnu/libc-2.24.so
7f4c18247000-7f4c1824b000 rw-p 00000000 00:00 0 
7f4c1824b000-7f4c18258000 r-xp 00000000 08:04 2623572                    /usr/lib/jvm/java-8-openjdk-amd64/jre/lib/amd64/jli/libjli.so
7f4c18258000-7f4c18458000 ---p 0000d000 08:04 2623572                    /usr/lib/jvm/java-8-openjdk-amd64/jre/lib/amd64/jli/libjli.so
7f4c18458000-7f4c18459000 r--p 0000d000 08:04 2623572                    /usr/lib/jvm/java-8-openjdk-amd64/jre/lib/amd64/jli/libjli.so
7f4c18459000-7f4c1845a000 rw-p 0000e000 08:04 2623572                    /usr/lib/jvm/java-8-openjdk-amd64/jre/lib/amd64/jli/libjli.so
7f4c1845a000-7f4c1847f000 r-xp 00000000 08:04 3014695                    /lib/x86_64-linux-gnu/ld-2.24.so
7f4c1847f000-7f4c18481000 r--s 0000a000 08:04 2766276                    /usr/share/java/plexus-classworlds2-2.5.2.jar
7f4c18481000-7f4c18486000 r--s 0003b000 08:04 2623626                    /usr/lib/jvm/java-8-openjdk-amd64/jre/lib/ext/sunjce_provider.jar
7f4c18486000-7f4c18489000 r--s 0000f000 08:04 2623621                    /usr/lib/jvm/java-8-openjdk-amd64/jre/lib/ext/icedtea-sound.jar
7f4c18489000-7f4c18561000 rw-p 00000000 00:00 0 
7f4c18561000-7f4c18564000 ---p 00000000 00:00 0 
7f4c18564000-7f4c18666000 rw-p 00000000 00:00 0 
7f4c18666000-7f4c18667000 r--s 00000000 08:04 2765883                    /usr/share/java/atinject-jsr330-api-1.0.jar
7f4c18667000-7f4c18669000 r--s 00008000 08:04 2623625                    /usr/lib/jvm/java-8-openjdk-amd64/jre/lib/ext/sunec.jar
7f4c18669000-7f4c1866d000 r--s 00037000 08:04 2623627                    /usr/lib/jvm/java-8-openjdk-amd64/jre/lib/ext/sunpkcs11.jar
7f4c1866d000-7f4c1866e000 r--s 0000a000 08:04 2623622                    /usr/lib/jvm/java-8-openjdk-amd64/jre/lib/ext/jaccess.jar
7f4c1866e000-7f4c18670000 r--s 00001000 08:04 2623620                    /usr/lib/jvm/java-8-openjdk-amd64/jre/lib/ext/dnsns.jar
7f4c18670000-7f4c18671000 r--s 00010000 08:04 2623628                    /usr/lib/jvm/java-8-openjdk-amd64/jre/lib/ext/zipfs.jar
7f4c18671000-7f4c18679000 rw-s 00000000 08:04 1835048                    /tmp/hsperfdata_erickvelasco11/5463
7f4c18679000-7f4c1867a000 rw-p 00000000 00:00 0 
7f4c1867a000-7f4c1867b000 ---p 00000000 00:00 0 
7f4c1867b000-7f4c1867e000 rw-p 00000000 00:00 0 
7f4c1867e000-7f4c1867f000 r--p 00024000 08:04 3014695                    /lib/x86_64-linux-gnu/ld-2.24.so
7f4c1867f000-7f4c18680000 rw-p 00025000 08:04 3014695                    /lib/x86_64-linux-gnu/ld-2.24.so
7f4c18680000-7f4c18681000 rw-p 00000000 00:00 0 
7ffc342d1000-7ffc342f2000 rw-p 00000000 00:00 0                          [stack]
7ffc34312000-7ffc34314000 r--p 00000000 00:00 0                          [vvar]
7ffc34314000-7ffc34316000 r-xp 00000000 00:00 0                          [vdso]
ffffffffff600000-ffffffffff601000 r-xp 00000000 00:00 0                  [vsyscall]

VM Arguments:
jvm_args: -Dclassworlds.conf=/usr/share/maven/bin/m2.conf -Dmaven.home=/usr/share/maven -Dmaven.multiModuleProjectDirectory=/home/erickvelasco11/IdeaProjects/Authentication_ms 
java_command: org.codehaus.plexus.classworlds.launcher.Launcher -f pom.xml package
java_class_path (initial): /usr/share/maven/boot/plexus-classworlds-2.x.jar
Launcher Type: SUN_STANDARD

Environment Variables:
JAVA_HOME=/usr/lib/jvm/java-8-openjdk-amd64
PATH=/home/erickvelasco11/.local/share/umake/bin:/home/erickvelasco11/bin:/home/erickvelasco11/.local/bin:/usr/local/sbin:/usr/local/bin:/usr/sbin:/usr/bin:/sbin:/bin:/usr/games:/usr/local/games:/snap/bin
SHELL=/bin/bash
DISPLAY=:0

Signal Handlers:
SIGSEGV: [libjvm.so+0xa6c900], sa_mask[0]=11111111011111111101111111111110, sa_flags=SA_RESTART|SA_SIGINFO
SIGBUS: [libjvm.so+0xa6c900], sa_mask[0]=11111111011111111101111111111110, sa_flags=SA_RESTART|SA_SIGINFO
SIGFPE: [libjvm.so+0x8b6400], sa_mask[0]=11111111011111111101111111111110, sa_flags=SA_RESTART|SA_SIGINFO
SIGPIPE: [libjvm.so+0x8b6400], sa_mask[0]=11111111011111111101111111111110, sa_flags=SA_RESTART|SA_SIGINFO
SIGXFSZ: [libjvm.so+0x8b6400], sa_mask[0]=11111111011111111101111111111110, sa_flags=SA_RESTART|SA_SIGINFO
SIGILL: [libjvm.so+0x8b6400], sa_mask[0]=11111111011111111101111111111110, sa_flags=SA_RESTART|SA_SIGINFO
SIGUSR1: SIG_DFL, sa_mask[0]=00000000000000000000000000000000, sa_flags=none
SIGUSR2: [libjvm.so+0x8b62b0], sa_mask[0]=00000000000000000000000000000000, sa_flags=SA_RESTART|SA_SIGINFO
SIGHUP: [libjvm.so+0x8b6760], sa_mask[0]=11111111011111111101111111111110, sa_flags=SA_RESTART|SA_SIGINFO
SIGINT: [libjvm.so+0x8b6760], sa_mask[0]=11111111011111111101111111111110, sa_flags=SA_RESTART|SA_SIGINFO
SIGTERM: [libjvm.so+0x8b6760], sa_mask[0]=11111111011111111101111111111110, sa_flags=SA_RESTART|SA_SIGINFO
SIGQUIT: [libjvm.so+0x8b6760], sa_mask[0]=11111111011111111101111111111110, sa_flags=SA_RESTART|SA_SIGINFO


---------------  S Y S T E M  ---------------

OS:DISTRIB_ID=Ubuntu
DISTRIB_RELEASE=16.10
DISTRIB_CODENAME=yakkety
DISTRIB_DESCRIPTION="Ubuntu 16.10"

uname:Linux 4.8.0-22-generic #24-Ubuntu SMP Sat Oct 8 09:15:00 UTC 2016 x86_64
libc:glibc 2.24 NPTL 2.24 
rlimit: STACK 8192k, CORE 0k, NPROC 15289, NOFILE 65536, AS infinity
load average:9,29 3,06 1,65

/proc/meminfo:
MemTotal:        3957544 kB
MemFree:          105528 kB
MemAvailable:       2088 kB
Buffers:             404 kB
Cached:           107780 kB
SwapCached:            0 kB
Active:          2445496 kB
Inactive:          99628 kB
Active(anon):    2438500 kB
Inactive(anon):    92660 kB
Active(file):       6996 kB
Inactive(file):     6968 kB
Unevictable:          32 kB
Mlocked:              32 kB
SwapTotal:             0 kB
SwapFree:              0 kB
Dirty:               404 kB
Writeback:             0 kB
AnonPages:       2437096 kB
Mapped:          1143900 kB
Shmem:             94096 kB
Slab:             109784 kB
SReclaimable:      36736 kB
SUnreclaim:        73048 kB
KernelStack:        9488 kB
PageTables:        38324 kB
NFS_Unstable:          0 kB
Bounce:                0 kB
WritebackTmp:          0 kB
CommitLimit:     1978772 kB
Committed_AS:    6378660 kB
VmallocTotal:   34359738367 kB
VmallocUsed:           0 kB
VmallocChunk:          0 kB
HardwareCorrupted:     0 kB
AnonHugePages:    266240 kB
ShmemHugePages:        0 kB
ShmemPmdMapped:        0 kB
CmaTotal:              0 kB
CmaFree:               0 kB
HugePages_Total:       0
HugePages_Free:        0
HugePages_Rsvd:        0
HugePages_Surp:        0
Hugepagesize:       2048 kB
DirectMap4k:      154000 kB
DirectMap2M:     3952640 kB
DirectMap1G:     1048576 kB


CPU:total 4 (2 cores per cpu, 2 threads per core) family 6 model 78 stepping 3, cmov, cx8, fxsr, mmx, sse, sse2, sse3, ssse3, sse4.1, sse4.2, popcnt, avx, avx2, aes, clmul, erms, 3dnowpref, lzcnt, ht, tsc, tscinvbit, bmi1, bmi2, adx

/proc/cpuinfo:
processor	: 0
vendor_id	: GenuineIntel
cpu family	: 6
model		: 78
model name	: Intel(R) Core(TM) i5-6200U CPU @ 2.30GHz
stepping	: 3
microcode	: 0x5c
cpu MHz		: 2699.853
cache size	: 3072 KB
physical id	: 0
siblings	: 4
core id		: 0
cpu cores	: 2
apicid		: 0
initial apicid	: 0
fpu		: yes
fpu_exception	: yes
cpuid level	: 22
wp		: yes
flags		: fpu vme de pse tsc msr pae mce cx8 apic sep mtrr pge mca cmov pat pse36 clflush dts acpi mmx fxsr sse sse2 ss ht tm pbe syscall nx pdpe1gb rdtscp lm constant_tsc art arch_perfmon pebs bts rep_good nopl xtopology nonstop_tsc aperfmperf eagerfpu pni pclmulqdq dtes64 monitor ds_cpl vmx est tm2 ssse3 sdbg fma cx16 xtpr pdcm pcid sse4_1 sse4_2 x2apic movbe popcnt tsc_deadline_timer aes xsave avx f16c rdrand lahf_lm abm 3dnowprefetch epb intel_pt tpr_shadow vnmi flexpriority ept vpid fsgsbase tsc_adjust bmi1 avx2 smep bmi2 erms invpcid mpx rdseed adx smap clflushopt xsaveopt xsavec xgetbv1 xsaves dtherm ida arat pln pts hwp hwp_notify hwp_act_window hwp_epp
bugs		:
bogomips	: 4800.00
clflush size	: 64
cache_alignment	: 64
address sizes	: 39 bits physical, 48 bits virtual
power management:

processor	: 1
vendor_id	: GenuineIntel
cpu family	: 6
model		: 78
model name	: Intel(R) Core(TM) i5-6200U CPU @ 2.30GHz
stepping	: 3
microcode	: 0x5c
cpu MHz		: 2699.853
cache size	: 3072 KB
physical id	: 0
siblings	: 4
core id		: 1
cpu cores	: 2
apicid		: 2
initial apicid	: 2
fpu		: yes
fpu_exception	: yes
cpuid level	: 22
wp		: yes
flags		: fpu vme de pse tsc msr pae mce cx8 apic sep mtrr pge mca cmov pat pse36 clflush dts acpi mmx fxsr sse sse2 ss ht tm pbe syscall nx pdpe1gb rdtscp lm constant_tsc art arch_perfmon pebs bts rep_good nopl xtopology nonstop_tsc aperfmperf eagerfpu pni pclmulqdq dtes64 monitor ds_cpl vmx est tm2 ssse3 sdbg fma cx16 xtpr pdcm pcid sse4_1 sse4_2 x2apic movbe popcnt tsc_deadline_timer aes xsave avx f16c rdrand lahf_lm abm 3dnowprefetch epb intel_pt tpr_shadow vnmi flexpriority ept vpid fsgsbase tsc_adjust bmi1 avx2 smep bmi2 erms invpcid mpx rdseed adx smap clflushopt xsaveopt xsavec xgetbv1 xsaves dtherm ida arat pln pts hwp hwp_notify hwp_act_window hwp_epp
bugs		:
bogomips	: 4800.00
clflush size	: 64
cache_alignment	: 64
address sizes	: 39 bits physical, 48 bits virtual
power management:

processor	: 2
vendor_id	: GenuineIntel
cpu family	: 6
model		: 78
model name	: Intel(R) Core(TM) i5-6200U CPU @ 2.30GHz
stepping	: 3
microcode	: 0x5c
cpu MHz		: 2699.853
cache size	: 3072 KB
physical id	: 0
siblings	: 4
core id		: 0
cpu cores	: 2
apicid		: 1
initial apicid	: 1
fpu		: yes
fpu_exception	: yes
cpuid level	: 22
wp		: yes
flags		: fpu vme de pse tsc msr pae mce cx8 apic sep mtrr pge mca cmov pat pse36 clflush dts acpi mmx fxsr sse sse2 ss ht tm pbe syscall nx pdpe1gb rdtscp lm constant_tsc art arch_perfmon pebs bts rep_good nopl xtopology nonstop_tsc aperfmperf eagerfpu pni pclmulqdq dtes64 monitor ds_cpl vmx est tm2 ssse3 sdbg fma cx16 xtpr pdcm pcid sse4_1 sse4_2 x2apic movbe popcnt tsc_deadline_timer aes xsave avx f16c rdrand lahf_lm abm 3dnowprefetch epb intel_pt tpr_shadow vnmi flexpriority ept vpid fsgsbase tsc_adjust bmi1 avx2 smep bmi2 erms invpcid mpx rdseed adx smap clflushopt xsaveopt xsavec xgetbv1 xsaves dtherm ida arat pln pts hwp hwp_notify hwp_act_window hwp_epp
bugs		:
bogomips	: 4800.00
clflush size	: 64
cache_alignment	: 64
address sizes	: 39 bits physical, 48 bits virtual
power management:

processor	: 3
vendor_id	: GenuineIntel
cpu family	: 6
model		: 78
model name	: Intel(R) Core(TM) i5-6200U CPU @ 2.30GHz
stepping	: 3
microcode	: 0x5c
cpu MHz		: 2699.853
cache size	: 3072 KB
physical id	: 0
siblings	: 4
core id		: 1
cpu cores	: 2
apicid		: 3
initial apicid	: 3
fpu		: yes
fpu_exception	: yes
cpuid level	: 22
wp		: yes
flags		: fpu vme de pse tsc msr pae mce cx8 apic sep mtrr pge mca cmov pat pse36 clflush dts acpi mmx fxsr sse sse2 ss ht tm pbe syscall nx pdpe1gb rdtscp lm constant_tsc art arch_perfmon pebs bts rep_good nopl xtopology nonstop_tsc aperfmperf eagerfpu pni pclmulqdq dtes64 monitor ds_cpl vmx est tm2 ssse3 sdbg fma cx16 xtpr pdcm pcid sse4_1 sse4_2 x2apic movbe popcnt tsc_deadline_timer aes xsave avx f16c rdrand lahf_lm abm 3dnowprefetch epb intel_pt tpr_shadow vnmi flexpriority ept vpid fsgsbase tsc_adjust bmi1 avx2 smep bmi2 erms invpcid mpx rdseed adx smap clflushopt xsaveopt xsavec xgetbv1 xsaves dtherm ida arat pln pts hwp hwp_notify hwp_act_window hwp_epp
bugs		:
bogomips	: 4800.00
clflush size	: 64
cache_alignment	: 64
address sizes	: 39 bits physical, 48 bits virtual
power management:



Memory: 4k page, physical 3957544k(105400k free), swap 0k(0k free)

vm_info: OpenJDK 64-Bit Server VM (25.121-b13) for linux-amd64 JRE (1.8.0_121-8u121-b13-0ubuntu1.16.10.2-b13), built on Jan 23 2017 11:22:24 by "buildd" with gcc 6.2.0 20161005

time: Fri Mar 17 18:59:46 2017
elapsed time: 33 seconds (0d 0h 0m 33s)

